#
# There is insufficient memory for the Java Runtime Environment to continue.
# Native memory allocation (malloc) failed to allocate 335296 bytes. Error detail: Chunk::new
# Possible reasons:
#   The system is out of physical RAM or swap space
#   This process is running with CompressedOops enabled, and the Java Heap may be blocking the growth of the native heap
# Possible solutions:
#   Reduce memory load on the system
#   Increase physical memory or swap space
#   Check if swap backing store is full
#   Decrease Java heap size (-Xmx/-Xms)
#   Decrease number of Java threads
#   Decrease Java thread stack sizes (-Xss)
#   Set larger code cache with -XX:ReservedCodeCacheSize=
#   JVM is running with Unscaled Compressed Oops mode in which the Java heap is
#     placed in the first 4GB address space. The Java Heap base address is the
#     maximum limit for the native heap growth. Please use -XX:HeapBaseMinAddress
#     to set the Java Heap base and to place the Java Heap above 4GB virtual address.
# This output file may be truncated or incomplete.
#
#  Out of Memory Error (arena.cpp:191), pid=13972, tid=10756
#
# JRE version: OpenJDK Runtime Environment Temurin-17.0.15+6 (17.0.15+6) (build 17.0.15+6)
# Java VM: OpenJDK 64-Bit Server VM Temurin-17.0.15+6 (17.0.15+6, mixed mode, sharing, tiered, compressed oops, compressed class ptrs, g1 gc, windows-amd64)
# No core dump will be written. Minidumps are not enabled by default on client versions of Windows
#

---------------  S U M M A R Y ------------

Command Line: --add-opens=java.base/java.util=ALL-UNNAMED --add-opens=java.base/java.lang=ALL-UNNAMED --add-opens=java.base/java.lang.invoke=ALL-UNNAMED --add-opens=java.prefs/java.util.prefs=ALL-UNNAMED --add-opens=java.base/java.nio.charset=ALL-UNNAMED --add-opens=java.base/java.net=ALL-UNNAMED --add-opens=java.base/java.util.concurrent.atomic=ALL-UNNAMED -Xmx2048m -Dfile.encoding=UTF-8 -Duser.country=RU -Duser.language=ru -Duser.variant -javaagent:C:\Users\Admin\.gradle\wrapper\dists\gradle-8.5-bin\5t9huq95ubn472n8rpzujfbqh\gradle-8.5\lib\agents\gradle-instrumentation-agent-8.5.jar org.gradle.launcher.daemon.bootstrap.GradleDaemon 8.5

Host: Intel(R) Core(TM) i7-6700HQ CPU @ 2.60GHz, 8 cores, 15G,  Windows 11 , 64 bit Build 22621 (10.0.22621.4391)
Time: Fri Jul  4 23:41:03 2025 RTZ 2 (s 11 , 64 bit Build 22621 (10.0.22621.4391) elapsed time: 24.230983 seconds (0d 0h 0m 24s)

---------------  T H R E A D  ---------------

Current thread (0x000002027c138460):  JavaThread "C2 CompilerThread0" daemon [_thread_in_native, id=10756, stack(0x000000d9aa100000,0x000000d9aa200000)]


Current CompileTask:
C2:  24231 5946       4       org.objectweb.asm.AnnotationWriter::putAnnotations (67 bytes)

Stack: [0x000000d9aa100000,0x000000d9aa200000]
Native frames: (J=compiled Java code, j=interpreted, Vv=VM code, C=native code)
V  [jvm.dll+0x682fc9]
V  [jvm.dll+0x839878]
V  [jvm.dll+0x83b323]
V  [jvm.dll+0x83b993]
V  [jvm.dll+0x24725f]
V  [jvm.dll+0xacea4]
V  [jvm.dll+0xad53c]
V  [jvm.dll+0x365c6e]
V  [jvm.dll+0x1baac9]
V  [jvm.dll+0x2183a7]
V  [jvm.dll+0x21768f]
V  [jvm.dll+0x1a31b0]
V  [jvm.dll+0x227a9c]
V  [jvm.dll+0x225bfb]
V  [jvm.dll+0x7ef018]
V  [jvm.dll+0x7e94dc]
V  [jvm.dll+0x681ea7]
C  [ucrtbase.dll+0x29333]
C  [KERNEL32.DLL+0x1259d]
C  [ntdll.dll+0x5af38]


---------------  P R O C E S S  ---------------

Threads class SMR info:
_java_thread_list=0x0000020242577400, length=41, elements={
0x0000020259aac050, 0x0000020277fb7c20, 0x0000020277fb86b0, 0x0000020277fc89d0,
0x0000020277fc91a0, 0x0000020277fc9970, 0x000002027c115a90, 0x000002027c138460,
0x000002027c143aa0, 0x000002027c1450c0, 0x0000020277f9cd90, 0x000002027c33a590,
0x000002027dcc4140, 0x000002027e0cea70, 0x000002027e1924c0, 0x000002027e5e7020,
0x000002027e5e7500, 0x000002027ddf6290, 0x000002027ddf4940, 0x000002027ddf5d80,
0x000002027ddf4e50, 0x000002027ddf5360, 0x000002027e68e160, 0x000002027e68fab0,
0x000002027e68ffc0, 0x000002027e689a80, 0x000002027e68b3d0, 0x000002027e68b8e0,
0x000002027e68d230, 0x000002027e6904d0, 0x000002027e689f90, 0x000002027e689570,
0x000002027e689060, 0x000002027e68d740, 0x000002027e68a9b0, 0x000002027e68aec0,
0x000002027e68bdf0, 0x000002027e68f5a0, 0x000002027e68a4a0, 0x000002027e68dc50,
0x000002027e68c300
}

Java Threads: ( => current thread )
  0x0000020259aac050 JavaThread "main" [_thread_blocked, id=15960, stack(0x000000d9a9400000,0x000000d9a9500000)]
  0x0000020277fb7c20 JavaThread "Reference Handler" daemon [_thread_blocked, id=15940, stack(0x000000d9a9b00000,0x000000d9a9c00000)]
  0x0000020277fb86b0 JavaThread "Finalizer" daemon [_thread_blocked, id=6132, stack(0x000000d9a9c00000,0x000000d9a9d00000)]
  0x0000020277fc89d0 JavaThread "Signal Dispatcher" daemon [_thread_blocked, id=1936, stack(0x000000d9a9d00000,0x000000d9a9e00000)]
  0x0000020277fc91a0 JavaThread "Attach Listener" daemon [_thread_blocked, id=13868, stack(0x000000d9a9e00000,0x000000d9a9f00000)]
  0x0000020277fc9970 JavaThread "Service Thread" daemon [_thread_blocked, id=14608, stack(0x000000d9a9f00000,0x000000d9aa000000)]
  0x000002027c115a90 JavaThread "Monitor Deflation Thread" daemon [_thread_blocked, id=13888, stack(0x000000d9aa000000,0x000000d9aa100000)]
=>0x000002027c138460 JavaThread "C2 CompilerThread0" daemon [_thread_in_native, id=10756, stack(0x000000d9aa100000,0x000000d9aa200000)]
  0x000002027c143aa0 JavaThread "C1 CompilerThread0" daemon [_thread_blocked, id=11876, stack(0x000000d9aa200000,0x000000d9aa300000)]
  0x000002027c1450c0 JavaThread "Sweeper thread" daemon [_thread_blocked, id=9352, stack(0x000000d9aa300000,0x000000d9aa400000)]
  0x0000020277f9cd90 JavaThread "Common-Cleaner" daemon [_thread_blocked, id=8728, stack(0x000000d9aa400000,0x000000d9aa500000)]
  0x000002027c33a590 JavaThread "Notification Thread" daemon [_thread_blocked, id=12400, stack(0x000000d9aa500000,0x000000d9aa600000)]
  0x000002027dcc4140 JavaThread "Daemon health stats" [_thread_blocked, id=4508, stack(0x000000d9aae00000,0x000000d9aaf00000)]
  0x000002027e0cea70 JavaThread "Incoming local TCP Connector on port 65327" [_thread_in_native, id=2416, stack(0x000000d9aa700000,0x000000d9aa800000)]
  0x000002027e1924c0 JavaThread "Daemon periodic checks" [_thread_blocked, id=11904, stack(0x000000d9aa800000,0x000000d9aa900000)]
  0x000002027e5e7020 JavaThread "Daemon" [_thread_blocked, id=8596, stack(0x000000d9ab000000,0x000000d9ab100000)]
  0x000002027e5e7500 JavaThread "Handler for socket connection from /127.0.0.1:65327 to /127.0.0.1:65328" [_thread_in_native, id=11612, stack(0x000000d9ab100000,0x000000d9ab200000)]
  0x000002027ddf6290 JavaThread "Cancel handler" [_thread_blocked, id=14460, stack(0x000000d9ab200000,0x000000d9ab300000)]
  0x000002027ddf4940 JavaThread "Daemon worker" [_thread_blocked, id=7708, stack(0x000000d9ab300000,0x000000d9ab400000)]
  0x000002027ddf5d80 JavaThread "Asynchronous log dispatcher for DefaultDaemonConnection: socket connection from /127.0.0.1:65327 to /127.0.0.1:65328" [_thread_blocked, id=2964, stack(0x000000d9ab400000,0x000000d9ab500000)]
  0x000002027ddf4e50 JavaThread "Stdin handler" [_thread_blocked, id=6116, stack(0x000000d9ab500000,0x000000d9ab600000)]
  0x000002027ddf5360 JavaThread "Daemon client event forwarder" [_thread_blocked, id=8240, stack(0x000000d9ab600000,0x000000d9ab700000)]
  0x000002027e68e160 JavaThread "Cache worker for journal cache (C:\Users\Admin\.gradle\caches\journal-1)" [_thread_blocked, id=2412, stack(0x000000d9ab700000,0x000000d9ab800000)]
  0x000002027e68fab0 JavaThread "File lock request listener" [_thread_in_native, id=12960, stack(0x000000d9ab800000,0x000000d9ab900000)]
  0x000002027e68ffc0 JavaThread "Cache worker for file hash cache (C:\Users\Admin\.gradle\caches\8.5\fileHashes)" [_thread_blocked, id=8628, stack(0x000000d9ab900000,0x000000d9aba00000)]
  0x000002027e689a80 JavaThread "File watcher server" daemon [_thread_in_native, id=1128, stack(0x000000d9aba00000,0x000000d9abb00000)]
  0x000002027e68b3d0 JavaThread "File watcher consumer" daemon [_thread_blocked, id=6732, stack(0x000000d9abb00000,0x000000d9abc00000)]
  0x000002027e68b8e0 JavaThread "jar transforms" [_thread_blocked, id=16364, stack(0x000000d9aaf00000,0x000000d9ab000000)]
  0x000002027e68d230 JavaThread "jar transforms Thread 2" [_thread_blocked, id=13204, stack(0x000000d9abc00000,0x000000d9abd00000)]
  0x000002027e6904d0 JavaThread "jar transforms Thread 3" [_thread_blocked, id=2280, stack(0x000000d9abd00000,0x000000d9abe00000)]
  0x000002027e689f90 JavaThread "jar transforms Thread 4" [_thread_blocked, id=6364, stack(0x000000d9abe00000,0x000000d9abf00000)]
  0x000002027e689570 JavaThread "jar transforms Thread 5" [_thread_blocked, id=9872, stack(0x000000d9abf00000,0x000000d9ac000000)]
  0x000002027e689060 JavaThread "jar transforms Thread 6" [_thread_blocked, id=14492, stack(0x000000d9ac000000,0x000000d9ac100000)]
  0x000002027e68d740 JavaThread "jar transforms Thread 7" [_thread_blocked, id=6764, stack(0x000000d9ac100000,0x000000d9ac200000)]
  0x000002027e68a9b0 JavaThread "jar transforms Thread 8" [_thread_in_Java, id=1808, stack(0x000000d9ac200000,0x000000d9ac300000)]
  0x000002027e68aec0 JavaThread "Cache worker for checksums cache (C:\Users\Admin\Desktop\SultanARLite\SultanARLite\.gradle\8.5\checksums)" [_thread_blocked, id=15672, stack(0x000000d9ac700000,0x000000d9ac800000)]
  0x000002027e68bdf0 JavaThread "Cache worker for file hash cache (C:\Users\Admin\Desktop\SultanARLite\SultanARLite\.gradle\8.5\fileHashes)" [_thread_blocked, id=12012, stack(0x000000d9ac800000,0x000000d9ac900000)]
  0x000002027e68f5a0 JavaThread "Cache worker for cache directory md-supplier (C:\Users\Admin\.gradle\caches\8.5\md-supplier)" [_thread_blocked, id=6184, stack(0x000000d9ac900000,0x000000d9aca00000)]
  0x000002027e68a4a0 JavaThread "Cache worker for cache directory md-rule (C:\Users\Admin\.gradle\caches\8.5\md-rule)" [_thread_blocked, id=4176, stack(0x000000d9aca00000,0x000000d9acb00000)]
  0x000002027e68dc50 JavaThread "Cache worker for file content cache (C:\Users\Admin\.gradle\caches\8.5\fileContent)" [_thread_blocked, id=11380, stack(0x000000d9acc00000,0x000000d9acd00000)]
  0x000002027e68c300 JavaThread "Cache worker for execution history cache (C:\Users\Admin\.gradle\caches\8.5\executionHistory)" [_thread_blocked, id=4200, stack(0x000000d9acd00000,0x000000d9ace00000)]

Other Threads:
  0x0000020277fb28e0 VMThread "VM Thread" [stack: 0x000000d9a9a00000,0x000000d9a9b00000] [id=1408]
  0x0000020259aacce0 WatcherThread [stack: 0x000000d9aa600000,0x000000d9aa700000] [id=4656]
  0x0000020259b066f0 GCTaskThread "GC Thread#0" [stack: 0x000000d9a9500000,0x000000d9a9600000] [id=8020]
  0x000002027d7497c0 GCTaskThread "GC Thread#1" [stack: 0x000000d9aa900000,0x000000d9aaa00000] [id=11988]
  0x000002027d1a6940 GCTaskThread "GC Thread#2" [stack: 0x000000d9aaa00000,0x000000d9aab00000] [id=10316]
  0x000002027d1a79c0 GCTaskThread "GC Thread#3" [stack: 0x000000d9aab00000,0x000000d9aac00000] [id=13376]
  0x000002027d1a6c00 GCTaskThread "GC Thread#4" [stack: 0x000000d9aac00000,0x000000d9aad00000] [id=11632]
  0x000002027d1a7f40 GCTaskThread "GC Thread#5" [stack: 0x000000d9aad00000,0x000000d9aae00000] [id=13724]
  0x000002027d1a7180 GCTaskThread "GC Thread#6" [stack: 0x000000d9ac300000,0x000000d9ac400000] [id=13928]
  0x000002027d1a7440 GCTaskThread "GC Thread#7" [stack: 0x000000d9ac400000,0x000000d9ac500000] [id=9268]
  0x0000020259b17640 ConcurrentGCThread "G1 Main Marker" [stack: 0x000000d9a9600000,0x000000d9a9700000] [id=13360]
  0x0000020259b18800 ConcurrentGCThread "G1 Conc#0" [stack: 0x000000d9a9700000,0x000000d9a9800000] [id=6864]
  0x000002027d1a7700 ConcurrentGCThread "G1 Conc#1" [stack: 0x000000d9ac500000,0x000000d9ac600000] [id=13600]
  0x0000020259b5e4b0 ConcurrentGCThread "G1 Refine#0" [stack: 0x000000d9a9800000,0x000000d9a9900000] [id=15592]
  0x0000020259b5eaf0 ConcurrentGCThread "G1 Service" [stack: 0x000000d9a9900000,0x000000d9a9a00000] [id=15432]

Threads with active compile tasks:
C2 CompilerThread0    24287 5946       4       org.objectweb.asm.AnnotationWriter::putAnnotations (67 bytes)

VM state: not at safepoint (normal execution)

VM Mutex/Monitor currently owned by a thread: None

Heap address: 0x0000000080000000, size: 2048 MB, Compressed Oops mode: 32-bit

CDS archive(s) mapped at: [0x0000020200000000-0x0000020200bb0000-0x0000020200bb0000), size 12255232, SharedBaseAddress: 0x0000020200000000, ArchiveRelocationMode: 1.
Compressed class space mapped at: 0x0000020201000000-0x0000020241000000, reserved size: 1073741824
Narrow klass base: 0x0000020200000000, Narrow klass shift: 0, Narrow klass range: 0x100000000

GC Precious Log:
 CPUs: 8 total, 8 available
 Memory: 16276M
 Large Page Support: Disabled
 NUMA Support: Disabled
 Compressed Oops: Enabled (32-bit)
 Heap Region Size: 1M
 Heap Min Capacity: 8M
 Heap Initial Capacity: 256M
 Heap Max Capacity: 2G
 Pre-touch: Disabled
 Parallel Workers: 8
 Concurrent Workers: 2
 Concurrent Refinement Workers: 8
 Periodic GC: Disabled

Heap:
 garbage-first heap   total 190464K, used 105414K [0x0000000080000000, 0x0000000100000000)
  region size 1024K, 43 young (44032K), 5 survivors (5120K)
 Metaspace       used 39238K, committed 39744K, reserved 1114112K
  class space    used 5422K, committed 5696K, reserved 1048576K

Heap Regions: E=young(eden), S=young(survivor), O=old, HS=humongous(starts), HC=humongous(continues), CS=collection set, F=free, OA=open archive, CA=closed archive, TAMS=top-at-mark-start (previous, next)
|   0|0x0000000080000000, 0x0000000080100000, 0x0000000080100000|100%|HS|  |TAMS 0x0000000080100000, 0x0000000080000000| Complete 
|   1|0x0000000080100000, 0x0000000080200000, 0x0000000080200000|100%|HC|  |TAMS 0x0000000080200000, 0x0000000080100000| Complete 
|   2|0x0000000080200000, 0x0000000080300000, 0x0000000080300000|100%|HC|  |TAMS 0x0000000080300000, 0x0000000080200000| Complete 
|   3|0x0000000080300000, 0x0000000080400000, 0x0000000080400000|100%|HC|  |TAMS 0x0000000080400000, 0x0000000080300000| Complete 
|   4|0x0000000080400000, 0x0000000080500000, 0x0000000080500000|100%| O|  |TAMS 0x0000000080500000, 0x0000000080400000| Untracked 
|   5|0x0000000080500000, 0x0000000080600000, 0x0000000080600000|100%| O|  |TAMS 0x0000000080600000, 0x0000000080500000| Untracked 
|   6|0x0000000080600000, 0x0000000080700000, 0x0000000080700000|100%| O|  |TAMS 0x0000000080700000, 0x0000000080600000| Untracked 
|   7|0x0000000080700000, 0x0000000080800000, 0x0000000080800000|100%| O|  |TAMS 0x0000000080800000, 0x0000000080700000| Untracked 
|   8|0x0000000080800000, 0x0000000080900000, 0x0000000080900000|100%| O|  |TAMS 0x0000000080900000, 0x0000000080800000| Untracked 
|   9|0x0000000080900000, 0x0000000080a00000, 0x0000000080a00000|100%| O|  |TAMS 0x0000000080a00000, 0x0000000080900000| Untracked 
|  10|0x0000000080a00000, 0x0000000080a3e200, 0x0000000080b00000| 24%| O|  |TAMS 0x0000000080a3e200, 0x0000000080a00000| Untracked 
|  11|0x0000000080b00000, 0x0000000080c00000, 0x0000000080c00000|100%|HS|  |TAMS 0x0000000080c00000, 0x0000000080b00000| Complete 
|  12|0x0000000080c00000, 0x0000000080d00000, 0x0000000080d00000|100%|HS|  |TAMS 0x0000000080d00000, 0x0000000080c00000| Complete 
|  13|0x0000000080d00000, 0x0000000080e00000, 0x0000000080e00000|100%|HC|  |TAMS 0x0000000080e00000, 0x0000000080d00000| Complete 
|  14|0x0000000080e00000, 0x0000000080f00000, 0x0000000080f00000|100%|HC|  |TAMS 0x0000000080f00000, 0x0000000080e00000| Complete 
|  15|0x0000000080f00000, 0x0000000081000000, 0x0000000081000000|100%|HC|  |TAMS 0x0000000081000000, 0x0000000080f00000| Complete 
|  16|0x0000000081000000, 0x0000000081100000, 0x0000000081100000|100%|HC|  |TAMS 0x0000000081100000, 0x0000000081000000| Complete 
|  17|0x0000000081100000, 0x0000000081200000, 0x0000000081200000|100%|HC|  |TAMS 0x0000000081200000, 0x0000000081100000| Complete 
|  18|0x0000000081200000, 0x0000000081300000, 0x0000000081300000|100%|HS|  |TAMS 0x0000000081300000, 0x0000000081200000| Complete 
|  19|0x0000000081300000, 0x0000000081400000, 0x0000000081400000|100%|HC|  |TAMS 0x0000000081400000, 0x0000000081300000| Complete 
|  20|0x0000000081400000, 0x0000000081500000, 0x0000000081500000|100%|HC|  |TAMS 0x0000000081500000, 0x0000000081400000| Complete 
|  21|0x0000000081500000, 0x0000000081600000, 0x0000000081600000|100%|HC|  |TAMS 0x0000000081600000, 0x0000000081500000| Complete 
|  22|0x0000000081600000, 0x0000000081700000, 0x0000000081700000|100%|HS|  |TAMS 0x0000000081700000, 0x0000000081600000| Complete 
|  23|0x0000000081700000, 0x0000000081800000, 0x0000000081800000|100%|HC|  |TAMS 0x0000000081800000, 0x0000000081700000| Complete 
|  24|0x0000000081800000, 0x0000000081900000, 0x0000000081900000|100%| O|  |TAMS 0x0000000081900000, 0x0000000081800000| Untracked 
|  25|0x0000000081900000, 0x0000000081a00000, 0x0000000081a00000|100%| O|  |TAMS 0x0000000081a00000, 0x0000000081900000| Untracked 
|  26|0x0000000081a00000, 0x0000000081b00000, 0x0000000081b00000|100%| O|  |TAMS 0x0000000081b00000, 0x0000000081a00000| Untracked 
|  27|0x0000000081b00000, 0x0000000081c00000, 0x0000000081c00000|100%| O|  |TAMS 0x0000000081c00000, 0x0000000081b00000| Untracked 
|  28|0x0000000081c00000, 0x0000000081d00000, 0x0000000081d00000|100%| O|  |TAMS 0x0000000081d00000, 0x0000000081c00000| Untracked 
|  29|0x0000000081d00000, 0x0000000081e00000, 0x0000000081e00000|100%| O|  |TAMS 0x0000000081e00000, 0x0000000081d00000| Untracked 
|  30|0x0000000081e00000, 0x0000000081f00000, 0x0000000081f00000|100%| O|  |TAMS 0x0000000081f00000, 0x0000000081e00000| Untracked 
|  31|0x0000000081f00000, 0x0000000082000000, 0x0000000082000000|100%| O|  |TAMS 0x0000000082000000, 0x0000000081f00000| Untracked 
|  32|0x0000000082000000, 0x0000000082100000, 0x0000000082100000|100%| O|  |TAMS 0x0000000082100000, 0x0000000082000000| Untracked 
|  33|0x0000000082100000, 0x0000000082200000, 0x0000000082200000|100%| O|  |TAMS 0x0000000082200000, 0x0000000082100000| Untracked 
|  34|0x0000000082200000, 0x0000000082300000, 0x0000000082300000|100%| O|  |TAMS 0x0000000082300000, 0x0000000082200000| Untracked 
|  35|0x0000000082300000, 0x0000000082400000, 0x0000000082400000|100%| O|  |TAMS 0x0000000082400000, 0x0000000082300000| Untracked 
|  36|0x0000000082400000, 0x0000000082500000, 0x0000000082500000|100%| O|  |TAMS 0x0000000082500000, 0x0000000082400000| Untracked 
|  37|0x0000000082500000, 0x0000000082600000, 0x0000000082600000|100%| O|  |TAMS 0x0000000082600000, 0x0000000082500000| Untracked 
|  38|0x0000000082600000, 0x0000000082700000, 0x0000000082700000|100%| O|  |TAMS 0x0000000082600000, 0x0000000082600000| Untracked 
|  39|0x0000000082700000, 0x0000000082800000, 0x0000000082800000|100%| O|  |TAMS 0x0000000082700000, 0x0000000082700000| Untracked 
|  40|0x0000000082800000, 0x0000000082900000, 0x0000000082900000|100%| O|  |TAMS 0x0000000082900000, 0x0000000082800000| Untracked 
|  41|0x0000000082900000, 0x0000000082a00000, 0x0000000082a00000|100%| O|  |TAMS 0x0000000082a00000, 0x0000000082900000| Untracked 
|  42|0x0000000082a00000, 0x0000000082b00000, 0x0000000082b00000|100%| O|  |TAMS 0x0000000082b00000, 0x0000000082a00000| Untracked 
|  43|0x0000000082b00000, 0x0000000082c00000, 0x0000000082c00000|100%| O|  |TAMS 0x0000000082c00000, 0x0000000082b00000| Untracked 
|  44|0x0000000082c00000, 0x0000000082d00000, 0x0000000082d00000|100%| O|  |TAMS 0x0000000082d00000, 0x0000000082c00000| Untracked 
|  45|0x0000000082d00000, 0x0000000082e00000, 0x0000000082e00000|100%| O|  |TAMS 0x0000000082e00000, 0x0000000082d00000| Untracked 
|  46|0x0000000082e00000, 0x0000000082f00000, 0x0000000082f00000|100%| O|  |TAMS 0x0000000082f00000, 0x0000000082e00000| Untracked 
|  47|0x0000000082f00000, 0x0000000083000000, 0x0000000083000000|100%| O|  |TAMS 0x0000000083000000, 0x0000000082f00000| Untracked 
|  48|0x0000000083000000, 0x0000000083100000, 0x0000000083100000|100%| O|  |TAMS 0x0000000083100000, 0x0000000083000000| Untracked 
|  49|0x0000000083100000, 0x0000000083200000, 0x0000000083200000|100%| O|  |TAMS 0x0000000083200000, 0x0000000083100000| Untracked 
|  50|0x0000000083200000, 0x0000000083300000, 0x0000000083300000|100%| O|  |TAMS 0x0000000083300000, 0x0000000083200000| Untracked 
|  51|0x0000000083300000, 0x00000000833bd200, 0x0000000083400000| 73%| O|  |TAMS 0x0000000083300000, 0x0000000083300000| Untracked 
|  52|0x0000000083400000, 0x0000000083500000, 0x0000000083500000|100%| O|  |TAMS 0x0000000083500000, 0x0000000083400000| Untracked 
|  53|0x0000000083500000, 0x0000000083600000, 0x0000000083600000|100%| O|  |TAMS 0x0000000083600000, 0x0000000083500000| Untracked 
|  54|0x0000000083600000, 0x0000000083700000, 0x0000000083700000|100%| O|  |TAMS 0x000000008367b800, 0x0000000083600000| Untracked 
|  55|0x0000000083700000, 0x0000000083800000, 0x0000000083800000|100%|HS|  |TAMS 0x0000000083800000, 0x0000000083700000| Complete 
|  56|0x0000000083800000, 0x0000000083900000, 0x0000000083900000|100%|HC|  |TAMS 0x0000000083900000, 0x0000000083800000| Complete 
|  57|0x0000000083900000, 0x0000000083a00000, 0x0000000083a00000|100%|HC|  |TAMS 0x0000000083a00000, 0x0000000083900000| Complete 
|  58|0x0000000083a00000, 0x0000000083b00000, 0x0000000083b00000|100%|HC|  |TAMS 0x0000000083b00000, 0x0000000083a00000| Complete 
|  59|0x0000000083b00000, 0x0000000083c00000, 0x0000000083c00000|100%|HC|  |TAMS 0x0000000083c00000, 0x0000000083b00000| Complete 
|  60|0x0000000083c00000, 0x0000000083d00000, 0x0000000083d00000|100%|HC|  |TAMS 0x0000000083d00000, 0x0000000083c00000| Complete 
|  61|0x0000000083d00000, 0x0000000083e00000, 0x0000000083e00000|100%| O|  |TAMS 0x0000000083d00000, 0x0000000083d00000| Untracked 
|  62|0x0000000083e00000, 0x0000000083e00000, 0x0000000083f00000|  0%| F|  |TAMS 0x0000000083e00000, 0x0000000083e00000| Untracked 
|  63|0x0000000083f00000, 0x0000000083f00000, 0x0000000084000000|  0%| F|  |TAMS 0x0000000083f00000, 0x0000000083f00000| Untracked 
|  64|0x0000000084000000, 0x0000000084000000, 0x0000000084100000|  0%| F|  |TAMS 0x0000000084000000, 0x0000000084000000| Untracked 
|  65|0x0000000084100000, 0x0000000084100000, 0x0000000084200000|  0%| F|  |TAMS 0x0000000084100000, 0x0000000084100000| Untracked 
|  66|0x0000000084200000, 0x0000000084200000, 0x0000000084300000|  0%| F|  |TAMS 0x0000000084200000, 0x0000000084200000| Untracked 
|  67|0x0000000084300000, 0x0000000084300000, 0x0000000084400000|  0%| F|  |TAMS 0x0000000084300000, 0x0000000084300000| Untracked 
|  68|0x0000000084400000, 0x0000000084400000, 0x0000000084500000|  0%| F|  |TAMS 0x0000000084400000, 0x0000000084400000| Untracked 
|  69|0x0000000084500000, 0x0000000084500000, 0x0000000084600000|  0%| F|  |TAMS 0x0000000084500000, 0x0000000084500000| Untracked 
|  70|0x0000000084600000, 0x0000000084600000, 0x0000000084700000|  0%| F|  |TAMS 0x0000000084600000, 0x0000000084600000| Untracked 
|  71|0x0000000084700000, 0x0000000084700000, 0x0000000084800000|  0%| F|  |TAMS 0x0000000084700000, 0x0000000084700000| Untracked 
|  72|0x0000000084800000, 0x0000000084800000, 0x0000000084900000|  0%| F|  |TAMS 0x0000000084800000, 0x0000000084800000| Untracked 
|  73|0x0000000084900000, 0x0000000084900000, 0x0000000084a00000|  0%| F|  |TAMS 0x0000000084900000, 0x0000000084900000| Untracked 
|  74|0x0000000084a00000, 0x0000000084a00000, 0x0000000084b00000|  0%| F|  |TAMS 0x0000000084a00000, 0x0000000084a00000| Untracked 
|  75|0x0000000084b00000, 0x0000000084b00000, 0x0000000084c00000|  0%| F|  |TAMS 0x0000000084b00000, 0x0000000084b00000| Untracked 
|  76|0x0000000084c00000, 0x0000000084c00000, 0x0000000084d00000|  0%| F|  |TAMS 0x0000000084c00000, 0x0000000084c00000| Untracked 
|  77|0x0000000084d00000, 0x0000000084d00000, 0x0000000084e00000|  0%| F|  |TAMS 0x0000000084d00000, 0x0000000084d00000| Untracked 
|  78|0x0000000084e00000, 0x0000000084ef6690, 0x0000000084f00000| 96%| S|CS|TAMS 0x0000000084e00000, 0x0000000084e00000| Complete 
|  79|0x0000000084f00000, 0x0000000085000000, 0x0000000085000000|100%| S|CS|TAMS 0x0000000084f00000, 0x0000000084f00000| Complete 
|  80|0x0000000085000000, 0x0000000085000000, 0x0000000085100000|  0%| F|  |TAMS 0x0000000085000000, 0x0000000085000000| Untracked 
|  81|0x0000000085100000, 0x0000000085200000, 0x0000000085200000|100%| S|CS|TAMS 0x0000000085100000, 0x0000000085100000| Complete 
|  82|0x0000000085200000, 0x0000000085300000, 0x0000000085300000|100%| S|CS|TAMS 0x0000000085200000, 0x0000000085200000| Complete 
|  83|0x0000000085300000, 0x0000000085300000, 0x0000000085400000|  0%| F|  |TAMS 0x0000000085300000, 0x0000000085300000| Untracked 
|  84|0x0000000085400000, 0x0000000085400000, 0x0000000085500000|  0%| F|  |TAMS 0x0000000085400000, 0x0000000085400000| Untracked 
|  85|0x0000000085500000, 0x0000000085500000, 0x0000000085600000|  0%| F|  |TAMS 0x0000000085500000, 0x0000000085500000| Untracked 
|  86|0x0000000085600000, 0x0000000085600000, 0x0000000085700000|  0%| F|  |TAMS 0x0000000085600000, 0x0000000085600000| Untracked 
|  87|0x0000000085700000, 0x0000000085800000, 0x0000000085800000|100%| S|CS|TAMS 0x0000000085700000, 0x0000000085700000| Complete 
|  88|0x0000000085800000, 0x0000000085800000, 0x0000000085900000|  0%| F|  |TAMS 0x0000000085800000, 0x0000000085800000| Untracked 
|  89|0x0000000085900000, 0x0000000085900000, 0x0000000085a00000|  0%| F|  |TAMS 0x0000000085900000, 0x0000000085900000| Untracked 
|  90|0x0000000085a00000, 0x0000000085a00000, 0x0000000085b00000|  0%| F|  |TAMS 0x0000000085a00000, 0x0000000085a00000| Untracked 
|  91|0x0000000085b00000, 0x0000000085b00000, 0x0000000085c00000|  0%| F|  |TAMS 0x0000000085b00000, 0x0000000085b00000| Untracked 
|  92|0x0000000085c00000, 0x0000000085c00000, 0x0000000085d00000|  0%| F|  |TAMS 0x0000000085c00000, 0x0000000085c00000| Untracked 
|  93|0x0000000085d00000, 0x0000000085d00000, 0x0000000085e00000|  0%| F|  |TAMS 0x0000000085d00000, 0x0000000085d00000| Untracked 
|  94|0x0000000085e00000, 0x0000000085e00000, 0x0000000085f00000|  0%| F|  |TAMS 0x0000000085e00000, 0x0000000085e00000| Untracked 
|  95|0x0000000085f00000, 0x0000000085f00000, 0x0000000086000000|  0%| F|  |TAMS 0x0000000085f00000, 0x0000000085f00000| Untracked 
|  96|0x0000000086000000, 0x0000000086000000, 0x0000000086100000|  0%| F|  |TAMS 0x0000000086000000, 0x0000000086000000| Untracked 
|  97|0x0000000086100000, 0x0000000086100000, 0x0000000086200000|  0%| F|  |TAMS 0x0000000086100000, 0x0000000086100000| Untracked 
|  98|0x0000000086200000, 0x0000000086200000, 0x0000000086300000|  0%| F|  |TAMS 0x0000000086200000, 0x0000000086200000| Untracked 
|  99|0x0000000086300000, 0x0000000086300000, 0x0000000086400000|  0%| F|  |TAMS 0x0000000086300000, 0x0000000086300000| Untracked 
| 100|0x0000000086400000, 0x0000000086400000, 0x0000000086500000|  0%| F|  |TAMS 0x0000000086400000, 0x0000000086400000| Untracked 
| 101|0x0000000086500000, 0x0000000086500000, 0x0000000086600000|  0%| F|  |TAMS 0x0000000086500000, 0x0000000086500000| Untracked 
| 102|0x0000000086600000, 0x0000000086600000, 0x0000000086700000|  0%| F|  |TAMS 0x0000000086600000, 0x0000000086600000| Untracked 
| 103|0x0000000086700000, 0x0000000086700000, 0x0000000086800000|  0%| F|  |TAMS 0x0000000086700000, 0x0000000086700000| Untracked 
| 104|0x0000000086800000, 0x0000000086800000, 0x0000000086900000|  0%| F|  |TAMS 0x0000000086800000, 0x0000000086800000| Untracked 
| 105|0x0000000086900000, 0x0000000086900000, 0x0000000086a00000|  0%| F|  |TAMS 0x0000000086900000, 0x0000000086900000| Untracked 
| 106|0x0000000086a00000, 0x0000000086a00000, 0x0000000086b00000|  0%| F|  |TAMS 0x0000000086a00000, 0x0000000086a00000| Untracked 
| 107|0x0000000086b00000, 0x0000000086b00000, 0x0000000086c00000|  0%| F|  |TAMS 0x0000000086b00000, 0x0000000086b00000| Untracked 
| 108|0x0000000086c00000, 0x0000000086c00000, 0x0000000086d00000|  0%| F|  |TAMS 0x0000000086c00000, 0x0000000086c00000| Untracked 
| 109|0x0000000086d00000, 0x0000000086d00000, 0x0000000086e00000|  0%| F|  |TAMS 0x0000000086d00000, 0x0000000086d00000| Untracked 
| 110|0x0000000086e00000, 0x0000000086e00000, 0x0000000086f00000|  0%| F|  |TAMS 0x0000000086e00000, 0x0000000086e00000| Untracked 
| 111|0x0000000086f00000, 0x0000000086f00000, 0x0000000087000000|  0%| F|  |TAMS 0x0000000086f00000, 0x0000000086f00000| Untracked 
| 112|0x0000000087000000, 0x0000000087000000, 0x0000000087100000|  0%| F|  |TAMS 0x0000000087000000, 0x0000000087000000| Untracked 
| 113|0x0000000087100000, 0x0000000087100000, 0x0000000087200000|  0%| F|  |TAMS 0x0000000087100000, 0x0000000087100000| Untracked 
| 114|0x0000000087200000, 0x0000000087200000, 0x0000000087300000|  0%| F|  |TAMS 0x0000000087200000, 0x0000000087200000| Untracked 
| 115|0x0000000087300000, 0x0000000087300000, 0x0000000087400000|  0%| F|  |TAMS 0x0000000087300000, 0x0000000087300000| Untracked 
| 116|0x0000000087400000, 0x0000000087400000, 0x0000000087500000|  0%| F|  |TAMS 0x0000000087400000, 0x0000000087400000| Untracked 
| 117|0x0000000087500000, 0x0000000087500000, 0x0000000087600000|  0%| F|  |TAMS 0x0000000087500000, 0x0000000087500000| Untracked 
| 118|0x0000000087600000, 0x0000000087600000, 0x0000000087700000|  0%| F|  |TAMS 0x0000000087600000, 0x0000000087600000| Untracked 
| 119|0x0000000087700000, 0x0000000087700000, 0x0000000087800000|  0%| F|  |TAMS 0x0000000087700000, 0x0000000087700000| Untracked 
| 120|0x0000000087800000, 0x0000000087800000, 0x0000000087900000|  0%| F|  |TAMS 0x0000000087800000, 0x0000000087800000| Untracked 
| 121|0x0000000087900000, 0x0000000087900000, 0x0000000087a00000|  0%| F|  |TAMS 0x0000000087900000, 0x0000000087900000| Untracked 
| 122|0x0000000087a00000, 0x0000000087a00000, 0x0000000087b00000|  0%| F|  |TAMS 0x0000000087a00000, 0x0000000087a00000| Untracked 
| 123|0x0000000087b00000, 0x0000000087b00000, 0x0000000087c00000|  0%| F|  |TAMS 0x0000000087b00000, 0x0000000087b00000| Untracked 
| 124|0x0000000087c00000, 0x0000000087c00000, 0x0000000087d00000|  0%| F|  |TAMS 0x0000000087c00000, 0x0000000087c00000| Untracked 
| 125|0x0000000087d00000, 0x0000000087d00000, 0x0000000087e00000|  0%| F|  |TAMS 0x0000000087d00000, 0x0000000087d00000| Untracked 
| 126|0x0000000087e00000, 0x0000000087e00000, 0x0000000087f00000|  0%| F|  |TAMS 0x0000000087e00000, 0x0000000087e00000| Untracked 
| 127|0x0000000087f00000, 0x0000000087f00000, 0x0000000088000000|  0%| F|  |TAMS 0x0000000087f00000, 0x0000000087f00000| Untracked 
| 128|0x0000000088000000, 0x0000000088000000, 0x0000000088100000|  0%| F|  |TAMS 0x0000000088000000, 0x0000000088000000| Untracked 
| 129|0x0000000088100000, 0x0000000088100000, 0x0000000088200000|  0%| F|  |TAMS 0x0000000088100000, 0x0000000088100000| Untracked 
| 130|0x0000000088200000, 0x0000000088200000, 0x0000000088300000|  0%| F|  |TAMS 0x0000000088200000, 0x0000000088200000| Untracked 
| 131|0x0000000088300000, 0x0000000088300000, 0x0000000088400000|  0%| F|  |TAMS 0x0000000088300000, 0x0000000088300000| Untracked 
| 132|0x0000000088400000, 0x0000000088400000, 0x0000000088500000|  0%| F|  |TAMS 0x0000000088400000, 0x0000000088400000| Untracked 
| 133|0x0000000088500000, 0x0000000088500000, 0x0000000088600000|  0%| F|  |TAMS 0x0000000088500000, 0x0000000088500000| Untracked 
| 134|0x0000000088600000, 0x0000000088600000, 0x0000000088700000|  0%| F|  |TAMS 0x0000000088600000, 0x0000000088600000| Untracked 
| 135|0x0000000088700000, 0x0000000088700000, 0x0000000088800000|  0%| F|  |TAMS 0x0000000088700000, 0x0000000088700000| Untracked 
| 136|0x0000000088800000, 0x0000000088800000, 0x0000000088900000|  0%| F|  |TAMS 0x0000000088800000, 0x0000000088800000| Untracked 
| 137|0x0000000088900000, 0x0000000088900000, 0x0000000088a00000|  0%| F|  |TAMS 0x0000000088900000, 0x0000000088900000| Untracked 
| 138|0x0000000088a00000, 0x0000000088a00000, 0x0000000088b00000|  0%| F|  |TAMS 0x0000000088a00000, 0x0000000088a00000| Untracked 
| 139|0x0000000088b00000, 0x0000000088b00000, 0x0000000088c00000|  0%| F|  |TAMS 0x0000000088b00000, 0x0000000088b00000| Untracked 
| 140|0x0000000088c00000, 0x0000000088c00000, 0x0000000088d00000|  0%| F|  |TAMS 0x0000000088c00000, 0x0000000088c00000| Untracked 
| 141|0x0000000088d00000, 0x0000000088d00000, 0x0000000088e00000|  0%| F|  |TAMS 0x0000000088d00000, 0x0000000088d00000| Untracked 
| 142|0x0000000088e00000, 0x0000000088e00000, 0x0000000088f00000|  0%| F|  |TAMS 0x0000000088e00000, 0x0000000088e00000| Untracked 
| 143|0x0000000088f00000, 0x0000000088f00000, 0x0000000089000000|  0%| F|  |TAMS 0x0000000088f00000, 0x0000000088f00000| Untracked 
| 144|0x0000000089000000, 0x0000000089000000, 0x0000000089100000|  0%| F|  |TAMS 0x0000000089000000, 0x0000000089000000| Untracked 
| 145|0x0000000089100000, 0x0000000089100000, 0x0000000089200000|  0%| F|  |TAMS 0x0000000089100000, 0x0000000089100000| Untracked 
| 146|0x0000000089200000, 0x0000000089200000, 0x0000000089300000|  0%| F|  |TAMS 0x0000000089200000, 0x0000000089200000| Untracked 
| 147|0x0000000089300000, 0x0000000089400000, 0x0000000089400000|100%| E|  |TAMS 0x0000000089300000, 0x0000000089300000| Complete 
| 148|0x0000000089400000, 0x0000000089500000, 0x0000000089500000|100%| E|CS|TAMS 0x0000000089400000, 0x0000000089400000| Complete 
| 149|0x0000000089500000, 0x0000000089600000, 0x0000000089600000|100%| E|CS|TAMS 0x0000000089500000, 0x0000000089500000| Complete 
| 150|0x0000000089600000, 0x0000000089700000, 0x0000000089700000|100%| E|CS|TAMS 0x0000000089600000, 0x0000000089600000| Complete 
| 151|0x0000000089700000, 0x0000000089800000, 0x0000000089800000|100%| E|CS|TAMS 0x0000000089700000, 0x0000000089700000| Complete 
| 152|0x0000000089800000, 0x0000000089900000, 0x0000000089900000|100%| E|CS|TAMS 0x0000000089800000, 0x0000000089800000| Complete 
| 153|0x0000000089900000, 0x0000000089a00000, 0x0000000089a00000|100%| E|CS|TAMS 0x0000000089900000, 0x0000000089900000| Complete 
| 154|0x0000000089a00000, 0x0000000089b00000, 0x0000000089b00000|100%| E|CS|TAMS 0x0000000089a00000, 0x0000000089a00000| Complete 
| 155|0x0000000089b00000, 0x0000000089c00000, 0x0000000089c00000|100%| E|CS|TAMS 0x0000000089b00000, 0x0000000089b00000| Complete 
| 156|0x0000000089c00000, 0x0000000089d00000, 0x0000000089d00000|100%| E|CS|TAMS 0x0000000089c00000, 0x0000000089c00000| Complete 
| 157|0x0000000089d00000, 0x0000000089e00000, 0x0000000089e00000|100%| E|CS|TAMS 0x0000000089d00000, 0x0000000089d00000| Complete 
| 158|0x0000000089e00000, 0x0000000089f00000, 0x0000000089f00000|100%| E|CS|TAMS 0x0000000089e00000, 0x0000000089e00000| Complete 
| 159|0x0000000089f00000, 0x000000008a000000, 0x000000008a000000|100%| E|CS|TAMS 0x0000000089f00000, 0x0000000089f00000| Complete 
| 160|0x000000008a000000, 0x000000008a100000, 0x000000008a100000|100%| E|CS|TAMS 0x000000008a000000, 0x000000008a000000| Complete 
| 161|0x000000008a100000, 0x000000008a200000, 0x000000008a200000|100%| E|CS|TAMS 0x000000008a100000, 0x000000008a100000| Complete 
| 162|0x000000008a200000, 0x000000008a300000, 0x000000008a300000|100%| E|CS|TAMS 0x000000008a200000, 0x000000008a200000| Complete 
| 163|0x000000008a300000, 0x000000008a400000, 0x000000008a400000|100%| E|CS|TAMS 0x000000008a300000, 0x000000008a300000| Complete 
| 164|0x000000008a400000, 0x000000008a500000, 0x000000008a500000|100%| E|CS|TAMS 0x000000008a400000, 0x000000008a400000| Complete 
| 165|0x000000008a500000, 0x000000008a600000, 0x000000008a600000|100%| E|CS|TAMS 0x000000008a500000, 0x000000008a500000| Complete 
| 166|0x000000008a600000, 0x000000008a700000, 0x000000008a700000|100%| E|CS|TAMS 0x000000008a600000, 0x000000008a600000| Complete 
| 167|0x000000008a700000, 0x000000008a800000, 0x000000008a800000|100%| E|CS|TAMS 0x000000008a700000, 0x000000008a700000| Complete 
| 168|0x000000008a800000, 0x000000008a900000, 0x000000008a900000|100%| E|CS|TAMS 0x000000008a800000, 0x000000008a800000| Complete 
| 169|0x000000008a900000, 0x000000008aa00000, 0x000000008aa00000|100%| E|CS|TAMS 0x000000008a900000, 0x000000008a900000| Complete 
| 170|0x000000008aa00000, 0x000000008ab00000, 0x000000008ab00000|100%| E|CS|TAMS 0x000000008aa00000, 0x000000008aa00000| Complete 
| 171|0x000000008ab00000, 0x000000008ac00000, 0x000000008ac00000|100%| E|CS|TAMS 0x000000008ab00000, 0x000000008ab00000| Complete 
| 172|0x000000008ac00000, 0x000000008ad00000, 0x000000008ad00000|100%| E|CS|TAMS 0x000000008ac00000, 0x000000008ac00000| Complete 
| 173|0x000000008ad00000, 0x000000008ae00000, 0x000000008ae00000|100%| E|CS|TAMS 0x000000008ad00000, 0x000000008ad00000| Complete 
| 174|0x000000008ae00000, 0x000000008af00000, 0x000000008af00000|100%| E|CS|TAMS 0x000000008ae00000, 0x000000008ae00000| Complete 
| 175|0x000000008af00000, 0x000000008b000000, 0x000000008b000000|100%| E|CS|TAMS 0x000000008af00000, 0x000000008af00000| Complete 
| 176|0x000000008b000000, 0x000000008b100000, 0x000000008b100000|100%| E|CS|TAMS 0x000000008b000000, 0x000000008b000000| Complete 
| 177|0x000000008b100000, 0x000000008b200000, 0x000000008b200000|100%| E|CS|TAMS 0x000000008b100000, 0x000000008b100000| Complete 
| 178|0x000000008b200000, 0x000000008b300000, 0x000000008b300000|100%| E|CS|TAMS 0x000000008b200000, 0x000000008b200000| Complete 
| 179|0x000000008b300000, 0x000000008b400000, 0x000000008b400000|100%| E|CS|TAMS 0x000000008b300000, 0x000000008b300000| Complete 
| 180|0x000000008b400000, 0x000000008b500000, 0x000000008b500000|100%| E|CS|TAMS 0x000000008b400000, 0x000000008b400000| Complete 
| 181|0x000000008b500000, 0x000000008b600000, 0x000000008b600000|100%| E|CS|TAMS 0x000000008b500000, 0x000000008b500000| Complete 
| 182|0x000000008b600000, 0x000000008b700000, 0x000000008b700000|100%| E|CS|TAMS 0x000000008b600000, 0x000000008b600000| Complete 
| 183|0x000000008b700000, 0x000000008b800000, 0x000000008b800000|100%| E|CS|TAMS 0x000000008b700000, 0x000000008b700000| Complete 
| 184|0x000000008b800000, 0x000000008b900000, 0x000000008b900000|100%| E|CS|TAMS 0x000000008b800000, 0x000000008b800000| Complete 
| 255|0x000000008ff00000, 0x0000000090000000, 0x0000000090000000|100%| E|CS|TAMS 0x000000008ff00000, 0x000000008ff00000| Complete 

Card table byte_map: [0x0000020270d40000,0x0000020271140000] _byte_map_base: 0x0000020270940000

Marking Bits (Prev, Next): (CMBitMap*) 0x0000020259b06d10, (CMBitMap*) 0x0000020259b06d50
 Prev Bits: [0x0000020271540000, 0x0000020273540000)
 Next Bits: [0x0000020273540000, 0x0000020275540000)

Polling page: 0x0000020259260000

Metaspace:

Usage:
  Non-class:     33.02 MB used.
      Class:      5.29 MB used.
       Both:     38.32 MB used.

Virtual space:
  Non-class space:       64.00 MB reserved,      33.25 MB ( 52%) committed,  1 nodes.
      Class space:        1.00 GB reserved,       5.56 MB ( <1%) committed,  1 nodes.
             Both:        1.06 GB reserved,      38.81 MB (  4%) committed. 

Chunk freelists:
   Non-Class:  13.98 MB
       Class:  10.36 MB
        Both:  24.34 MB

MaxMetaspaceSize: unlimited
CompressedClassSpaceSize: 1.00 GB
Initial GC threshold: 21.00 MB
Current GC threshold: 64.69 MB
CDS: on
MetaspaceReclaimPolicy: balanced
 - commit_granule_bytes: 65536.
 - commit_granule_words: 8192.
 - virtual_space_node_default_size: 8388608.
 - enlarge_chunks_in_place: 1.
 - new_chunks_are_fully_committed: 0.
 - uncommit_free_chunks: 1.
 - use_allocation_guard: 0.
 - handle_deallocations: 1.


Internal statistics:

num_allocs_failed_limit: 6.
num_arena_births: 448.
num_arena_deaths: 0.
num_vsnodes_births: 2.
num_vsnodes_deaths: 0.
num_space_committed: 621.
num_space_uncommitted: 0.
num_chunks_returned_to_freelist: 6.
num_chunks_taken_from_freelist: 1934.
num_chunk_merges: 6.
num_chunk_splits: 1283.
num_chunks_enlarged: 861.
num_inconsistent_stats: 0.

CodeHeap 'non-profiled nmethods': size=120000Kb used=4647Kb max_used=4647Kb free=115352Kb
 bounds [0x00000202690d0000, 0x0000020269560000, 0x0000020270600000]
CodeHeap 'profiled nmethods': size=120000Kb used=9466Kb max_used=10145Kb free=110533Kb
 bounds [0x0000020261600000, 0x00000202620d0000, 0x0000020268b30000]
CodeHeap 'non-nmethods': size=5760Kb used=2302Kb max_used=2413Kb free=3457Kb
 bounds [0x0000020268b30000, 0x0000020268db0000, 0x00000202690d0000]
 total_blobs=5504 nmethods=4694 adapters=721
 compilation: enabled
              stopped_count=0, restarted_count=0
 full_count=0

Compilation events (20 events):
Event: 24.123 Thread 0x000002027c143aa0 5937 %     3       org.objectweb.asm.ClassReader::readCode @ 2186 (5117 bytes)
Event: 24.153 Thread 0x000002027c143aa0 nmethod 5937% 0x0000020261ff7110 code [0x0000020261ff8600, 0x000002026200a308]
Event: 24.153 Thread 0x000002027c143aa0 5939       3       org.objectweb.asm.ClassReader::readTypeAnnotationTarget (596 bytes)
Event: 24.156 Thread 0x000002027c143aa0 nmethod 5939 0x00000202617b5e90 code [0x00000202617b61a0, 0x00000202617b7eb8]
Event: 24.156 Thread 0x000002027c143aa0 5945 %     2       org.objectweb.asm.ClassReader::readCode @ 1631 (5117 bytes)
Event: 24.173 Thread 0x000002027c138460 5946       4       org.objectweb.asm.AnnotationWriter::putAnnotations (67 bytes)
Event: 24.190 Thread 0x000002027c143aa0 nmethod 5945% 0x0000020262081610 code [0x0000020262082340, 0x000002026208b7a8]
Event: 24.190 Thread 0x000002027c143aa0 5940       3       org.objectweb.asm.TypeReference::putTarget (385 bytes)
Event: 24.191 Thread 0x000002027c143aa0 nmethod 5940 0x00000202616aaa90 code [0x00000202616aaca0, 0x00000202616ab5a8]
Event: 24.191 Thread 0x000002027c143aa0 5938       3       org.objectweb.asm.MethodWriter::visitTypeAnnotation (45 bytes)
Event: 24.191 Thread 0x000002027c143aa0 nmethod 5938 0x0000020261f62e90 code [0x0000020261f63040, 0x0000020261f632f8]
Event: 24.191 Thread 0x000002027c143aa0 5948 %     2       org.objectweb.asm.ClassReader::readCode @ 92 (5117 bytes)
Event: 24.215 Thread 0x000002027c143aa0 nmethod 5948% 0x0000020262092710 code [0x0000020262093440, 0x000002026209bba8]
Event: 24.216 Thread 0x000002027c143aa0 5941       3       java.util.Formatter$Conversion::isValid (358 bytes)
Event: 24.216 Thread 0x000002027c143aa0 nmethod 5941 0x0000020261fb4b10 code [0x0000020261fb4ca0, 0x0000020261fb53d8]
Event: 24.216 Thread 0x000002027c143aa0 5942       3       java.util.Formatter$FormatSpecifier::<init> (77 bytes)
Event: 24.217 Thread 0x000002027c143aa0 nmethod 5942 0x0000020261fc6d90 code [0x0000020261fc6fa0, 0x0000020261fc7738]
Event: 24.217 Thread 0x000002027c143aa0 5943       3       java.util.Formatter$FormatSpecifier::print (230 bytes)
Event: 24.218 Thread 0x000002027c143aa0 nmethod 5943 0x0000020261ea5510 code [0x0000020261ea57c0, 0x0000020261ea61c8]
Event: 24.218 Thread 0x000002027c143aa0 5949 %     2       org.objectweb.asm.ClassReader::readCode @ 1738 (5117 bytes)

GC Heap History (20 events):
Event: 20.646 GC heap before
{Heap before GC invocations=45 (full 0):
 garbage-first heap   total 158720K, used 137629K [0x0000000080000000, 0x0000000100000000)
  region size 1024K, 75 young (76800K), 1 survivors (1024K)
 Metaspace       used 39232K, committed 39744K, reserved 1114112K
  class space    used 5422K, committed 5696K, reserved 1048576K
}
Event: 20.648 GC heap after
{Heap after GC invocations=46 (full 0):
 garbage-first heap   total 158720K, used 62601K [0x0000000080000000, 0x0000000100000000)
  region size 1024K, 2 young (2048K), 2 survivors (2048K)
 Metaspace       used 39232K, committed 39744K, reserved 1114112K
  class space    used 5422K, committed 5696K, reserved 1048576K
}
Event: 21.025 GC heap before
{Heap before GC invocations=46 (full 0):
 garbage-first heap   total 158720K, used 137353K [0x0000000080000000, 0x0000000100000000)
  region size 1024K, 75 young (76800K), 2 survivors (2048K)
 Metaspace       used 39232K, committed 39744K, reserved 1114112K
  class space    used 5422K, committed 5696K, reserved 1048576K
}
Event: 21.028 GC heap after
{Heap after GC invocations=47 (full 0):
 garbage-first heap   total 158720K, used 62558K [0x0000000080000000, 0x0000000100000000)
  region size 1024K, 2 young (2048K), 2 survivors (2048K)
 Metaspace       used 39232K, committed 39744K, reserved 1114112K
  class space    used 5422K, committed 5696K, reserved 1048576K
}
Event: 21.376 GC heap before
{Heap before GC invocations=47 (full 0):
 garbage-first heap   total 158720K, used 137310K [0x0000000080000000, 0x0000000100000000)
  region size 1024K, 75 young (76800K), 2 survivors (2048K)
 Metaspace       used 39233K, committed 39744K, reserved 1114112K
  class space    used 5422K, committed 5696K, reserved 1048576K
}
Event: 21.378 GC heap after
{Heap after GC invocations=48 (full 0):
 garbage-first heap   total 158720K, used 63287K [0x0000000080000000, 0x0000000100000000)
  region size 1024K, 3 young (3072K), 3 survivors (3072K)
 Metaspace       used 39233K, committed 39744K, reserved 1114112K
  class space    used 5422K, committed 5696K, reserved 1048576K
}
Event: 21.702 GC heap before
{Heap before GC invocations=48 (full 0):
 garbage-first heap   total 158720K, used 137015K [0x0000000080000000, 0x0000000100000000)
  region size 1024K, 75 young (76800K), 3 survivors (3072K)
 Metaspace       used 39235K, committed 39744K, reserved 1114112K
  class space    used 5422K, committed 5696K, reserved 1048576K
}
Event: 21.704 GC heap after
{Heap after GC invocations=49 (full 0):
 garbage-first heap   total 158720K, used 64110K [0x0000000080000000, 0x0000000100000000)
  region size 1024K, 4 young (4096K), 4 survivors (4096K)
 Metaspace       used 39235K, committed 39744K, reserved 1114112K
  class space    used 5422K, committed 5696K, reserved 1048576K
}
Event: 22.048 GC heap before
{Heap before GC invocations=49 (full 0):
 garbage-first heap   total 158720K, used 135790K [0x0000000080000000, 0x0000000100000000)
  region size 1024K, 74 young (75776K), 4 survivors (4096K)
 Metaspace       used 39236K, committed 39744K, reserved 1114112K
  class space    used 5422K, committed 5696K, reserved 1048576K
}
Event: 22.051 GC heap after
{Heap after GC invocations=50 (full 0):
 garbage-first heap   total 158720K, used 64731K [0x0000000080000000, 0x0000000100000000)
  region size 1024K, 4 young (4096K), 4 survivors (4096K)
 Metaspace       used 39236K, committed 39744K, reserved 1114112K
  class space    used 5422K, committed 5696K, reserved 1048576K
}
Event: 22.310 GC heap before
{Heap before GC invocations=50 (full 0):
 garbage-first heap   total 158720K, used 136411K [0x0000000080000000, 0x0000000100000000)
  region size 1024K, 74 young (75776K), 4 survivors (4096K)
 Metaspace       used 39236K, committed 39744K, reserved 1114112K
  class space    used 5422K, committed 5696K, reserved 1048576K
}
Event: 22.313 GC heap after
{Heap after GC invocations=51 (full 0):
 garbage-first heap   total 158720K, used 65601K [0x0000000080000000, 0x0000000100000000)
  region size 1024K, 5 young (5120K), 5 survivors (5120K)
 Metaspace       used 39236K, committed 39744K, reserved 1114112K
  class space    used 5422K, committed 5696K, reserved 1048576K
}
Event: 22.555 GC heap before
{Heap before GC invocations=51 (full 0):
 garbage-first heap   total 158720K, used 135233K [0x0000000080000000, 0x0000000100000000)
  region size 1024K, 73 young (74752K), 5 survivors (5120K)
 Metaspace       used 39236K, committed 39744K, reserved 1114112K
  class space    used 5422K, committed 5696K, reserved 1048576K
}
Event: 22.559 GC heap after
{Heap after GC invocations=52 (full 0):
 garbage-first heap   total 158720K, used 66253K [0x0000000080000000, 0x0000000100000000)
  region size 1024K, 6 young (6144K), 6 survivors (6144K)
 Metaspace       used 39236K, committed 39744K, reserved 1114112K
  class space    used 5422K, committed 5696K, reserved 1048576K
}
Event: 23.519 GC heap before
{Heap before GC invocations=52 (full 0):
 garbage-first heap   total 158720K, used 133837K [0x0000000080000000, 0x0000000100000000)
  region size 1024K, 72 young (73728K), 6 survivors (6144K)
 Metaspace       used 39237K, committed 39744K, reserved 1114112K
  class space    used 5422K, committed 5696K, reserved 1048576K
}
Event: 23.522 GC heap after
{Heap after GC invocations=53 (full 0):
 garbage-first heap   total 158720K, used 66930K [0x0000000080000000, 0x0000000100000000)
  region size 1024K, 6 young (6144K), 6 survivors (6144K)
 Metaspace       used 39237K, committed 39744K, reserved 1114112K
  class space    used 5422K, committed 5696K, reserved 1048576K
}
Event: 23.807 GC heap before
{Heap before GC invocations=53 (full 0):
 garbage-first heap   total 158720K, used 134514K [0x0000000080000000, 0x0000000100000000)
  region size 1024K, 72 young (73728K), 6 survivors (6144K)
 Metaspace       used 39237K, committed 39744K, reserved 1114112K
  class space    used 5422K, committed 5696K, reserved 1048576K
}
Event: 23.811 GC heap after
{Heap after GC invocations=54 (full 0):
 garbage-first heap   total 158720K, used 67394K [0x0000000080000000, 0x0000000100000000)
  region size 1024K, 5 young (5120K), 5 survivors (5120K)
 Metaspace       used 39237K, committed 39744K, reserved 1114112K
  class space    used 5422K, committed 5696K, reserved 1048576K
}
Event: 24.054 GC heap before
{Heap before GC invocations=54 (full 0):
 garbage-first heap   total 158720K, used 136002K [0x0000000080000000, 0x0000000100000000)
  region size 1024K, 72 young (73728K), 5 survivors (5120K)
 Metaspace       used 39237K, committed 39744K, reserved 1114112K
  class space    used 5422K, committed 5696K, reserved 1048576K
}
Event: 24.058 GC heap after
{Heap after GC invocations=55 (full 0):
 garbage-first heap   total 190464K, used 67526K [0x0000000080000000, 0x0000000100000000)
  region size 1024K, 5 young (5120K), 5 survivors (5120K)
 Metaspace       used 39237K, committed 39744K, reserved 1114112K
  class space    used 5422K, committed 5696K, reserved 1048576K
}

Dll operation events (15 events):
Event: 0.011 Loaded shared library C:\Program Files\Eclipse Adoptium\jdk-17.0.15.6-hotspot\bin\java.dll
Event: 0.037 Loaded shared library C:\Program Files\Eclipse Adoptium\jdk-17.0.15.6-hotspot\bin\jsvml.dll
Event: 0.117 Loaded shared library C:\Program Files\Eclipse Adoptium\jdk-17.0.15.6-hotspot\bin\zip.dll
Event: 0.122 Loaded shared library C:\Program Files\Eclipse Adoptium\jdk-17.0.15.6-hotspot\bin\instrument.dll
Event: 0.130 Loaded shared library C:\Program Files\Eclipse Adoptium\jdk-17.0.15.6-hotspot\bin\net.dll
Event: 0.133 Loaded shared library C:\Program Files\Eclipse Adoptium\jdk-17.0.15.6-hotspot\bin\nio.dll
Event: 0.139 Loaded shared library C:\Program Files\Eclipse Adoptium\jdk-17.0.15.6-hotspot\bin\zip.dll
Event: 0.407 Loaded shared library C:\Program Files\Eclipse Adoptium\jdk-17.0.15.6-hotspot\bin\jimage.dll
Event: 0.523 Loaded shared library C:\Program Files\Eclipse Adoptium\jdk-17.0.15.6-hotspot\bin\verify.dll
Event: 0.791 Loaded shared library C:\Users\Admin\.gradle\native\c067742578af261105cb4f569cf0c3c89f3d7b1fecec35dd04571415982c5e48\windows-amd64\native-platform.dll
Event: 0.801 Loaded shared library C:\Users\Admin\.gradle\native\38dada09dfb8b06ba9b0570ebf7e218e3eb74d4ef43ca46872605cf95ebc2f47\windows-amd64\native-platform-file-events.dll
Event: 2.070 Loaded shared library C:\Program Files\Eclipse Adoptium\jdk-17.0.15.6-hotspot\bin\management.dll
Event: 2.076 Loaded shared library C:\Program Files\Eclipse Adoptium\jdk-17.0.15.6-hotspot\bin\management_ext.dll
Event: 2.345 Loaded shared library C:\Program Files\Eclipse Adoptium\jdk-17.0.15.6-hotspot\bin\extnet.dll
Event: 2.677 Loaded shared library C:\Program Files\Eclipse Adoptium\jdk-17.0.15.6-hotspot\bin\sunmscapi.dll

Deoptimization events (20 events):
Event: 24.046 Thread 0x000002027e68a9b0 Uncommon trap: trap_request=0xffffff45 fr.pc=0x0000020269418750 relative=0x0000000000003750
Event: 24.046 Thread 0x000002027e68a9b0 Uncommon trap: reason=unstable_if action=reinterpret pc=0x0000020269418750 method=org.objectweb.asm.MethodWriter.putMethodInfo(Lorg/objectweb/asm/ByteVector;)V @ 200 c2
Event: 24.046 Thread 0x000002027e68a9b0 DEOPT PACKING pc=0x0000020269418750 sp=0x000000d9ac2fe980
Event: 24.046 Thread 0x000002027e68a9b0 DEOPT UNPACKING pc=0x0000020268b869a3 sp=0x000000d9ac2fe958 mode 2
Event: 24.046 Thread 0x000002027e68a9b0 Uncommon trap: trap_request=0xffffff45 fr.pc=0x0000020269315960 relative=0x00000000000001a0
Event: 24.046 Thread 0x000002027e68a9b0 Uncommon trap: reason=unstable_if action=reinterpret pc=0x0000020269315960 method=org.objectweb.asm.AnnotationWriter.computeAnnotationsSize(Lorg/objectweb/asm/AnnotationWriter;Lorg/objectweb/asm/AnnotationWriter;Lorg/objectweb/asm/AnnotationWriter;Lorg/ob
Event: 24.046 Thread 0x000002027e68a9b0 DEOPT PACKING pc=0x0000020269315960 sp=0x000000d9ac2fe950
Event: 24.046 Thread 0x000002027e68a9b0 DEOPT UNPACKING pc=0x0000020268b869a3 sp=0x000000d9ac2fe8f8 mode 2
Event: 24.119 Thread 0x000002027e68a9b0 Uncommon trap: trap_request=0xffffff45 fr.pc=0x00000202694f9524 relative=0x00000000000082c4
Event: 24.119 Thread 0x000002027e68a9b0 Uncommon trap: reason=unstable_if action=reinterpret pc=0x00000202694f9524 method=org.objectweb.asm.ClassReader.readCode(Lorg/objectweb/asm/MethodVisitor;Lorg/objectweb/asm/Context;I)V @ 1798 c2
Event: 24.119 Thread 0x000002027e68a9b0 DEOPT PACKING pc=0x00000202694f9524 sp=0x000000d9ac2fe600
Event: 24.119 Thread 0x000002027e68a9b0 DEOPT UNPACKING pc=0x0000020268b869a3 sp=0x000000d9ac2fe598 mode 2
Event: 24.119 Thread 0x000002027e68a9b0 Uncommon trap: trap_request=0xffffff45 fr.pc=0x000002026916fb90 relative=0x0000000000000130
Event: 24.119 Thread 0x000002027e68a9b0 Uncommon trap: reason=unstable_if action=reinterpret pc=0x000002026916fb90 method=org.objectweb.asm.ClassReader.readTypeAnnotationTarget(Lorg/objectweb/asm/Context;I)I @ 14 c2
Event: 24.119 Thread 0x000002027e68a9b0 DEOPT PACKING pc=0x000002026916fb90 sp=0x000000d9ac2fe510
Event: 24.119 Thread 0x000002027e68a9b0 DEOPT UNPACKING pc=0x0000020268b869a3 sp=0x000000d9ac2fe4e8 mode 2
Event: 24.119 Thread 0x000002027e68a9b0 Uncommon trap: trap_request=0xffffff45 fr.pc=0x00000202693a4968 relative=0x00000000000000a8
Event: 24.119 Thread 0x000002027e68a9b0 Uncommon trap: reason=unstable_if action=reinterpret pc=0x00000202693a4968 method=org.objectweb.asm.TypeReference.putTarget(ILorg/objectweb/asm/ByteVector;)V @ 4 c2
Event: 24.119 Thread 0x000002027e68a9b0 DEOPT PACKING pc=0x00000202693a4968 sp=0x000000d9ac2fe2d0
Event: 24.119 Thread 0x000002027e68a9b0 DEOPT UNPACKING pc=0x0000020268b869a3 sp=0x000000d9ac2fe270 mode 2

Classes loaded (20 events):
Event: 8.943 Loading class java/util/function/IntBinaryOperator
Event: 8.943 Loading class java/util/function/IntBinaryOperator done
Event: 9.541 Loading class java/lang/StringIndexOutOfBoundsException
Event: 9.541 Loading class java/lang/StringIndexOutOfBoundsException done
Event: 9.567 Loading class java/io/DeleteOnExitHook
Event: 9.567 Loading class java/io/DeleteOnExitHook done
Event: 9.567 Loading class java/io/DeleteOnExitHook$1
Event: 9.567 Loading class java/io/DeleteOnExitHook$1 done
Event: 9.682 Loading class java/util/zip/ZipInputStream
Event: 9.683 Loading class java/util/zip/ZipInputStream done
Event: 9.695 Loading class java/security/Key
Event: 9.695 Loading class java/security/Key done
Event: 12.667 Loading class java/util/concurrent/LinkedBlockingDeque$Itr
Event: 12.668 Loading class java/util/concurrent/LinkedBlockingDeque$AbstractItr
Event: 12.668 Loading class java/util/concurrent/LinkedBlockingDeque$AbstractItr done
Event: 12.668 Loading class java/util/concurrent/LinkedBlockingDeque$Itr done
Event: 12.868 Loading class jdk/internal/access/foreign/MemorySegmentProxy
Event: 12.868 Loading class jdk/internal/access/foreign/MemorySegmentProxy done
Event: 18.317 Loading class sun/misc/SharedSecrets
Event: 18.317 Loading class sun/misc/SharedSecrets done

Classes unloaded (0 events):
No events

Classes redefined (0 events):
No events

Internal exceptions (20 events):
Event: 18.496 Thread 0x000002027e6904d0 Exception <a 'sun/nio/fs/WindowsException'{0x0000000085f07468}> (0x0000000085f07468) 
thrown [s\src\hotspot\share\prims\jni.cpp, line 516]
Event: 18.568 Thread 0x000002027e689f90 Exception <a 'sun/nio/fs/WindowsException'{0x0000000085f2e838}> (0x0000000085f2e838) 
thrown [s\src\hotspot\share\prims\jni.cpp, line 516]
Event: 18.569 Thread 0x000002027e68d740 Exception <a 'sun/nio/fs/WindowsException'{0x0000000085f1aac0}> (0x0000000085f1aac0) 
thrown [s\src\hotspot\share\prims\jni.cpp, line 516]
Event: 18.569 Thread 0x000002027e68a9b0 Exception <a 'sun/nio/fs/WindowsException'{0x00000000864fd068}> (0x00000000864fd068) 
thrown [s\src\hotspot\share\prims\jni.cpp, line 516]
Event: 18.635 Thread 0x000002027e68d740 Exception <a 'sun/nio/fs/WindowsException'{0x00000000883b7020}> (0x00000000883b7020) 
thrown [s\src\hotspot\share\prims\jni.cpp, line 516]
Event: 18.728 Thread 0x000002027e68d740 Exception <a 'sun/nio/fs/WindowsException'{0x00000000883b71c0}> (0x00000000883b71c0) 
thrown [s\src\hotspot\share\prims\jni.cpp, line 516]
Event: 18.747 Thread 0x000002027e68d230 Exception <a 'sun/nio/fs/WindowsException'{0x000000008640f7a0}> (0x000000008640f7a0) 
thrown [s\src\hotspot\share\prims\jni.cpp, line 516]
Event: 18.757 Thread 0x000002027e689570 Exception <a 'sun/nio/fs/WindowsException'{0x0000000085f164e0}> (0x0000000085f164e0) 
thrown [s\src\hotspot\share\prims\jni.cpp, line 516]
Event: 18.758 Thread 0x000002027e689570 Exception <a 'sun/nio/fs/WindowsException'{0x0000000085f16690}> (0x0000000085f16690) 
thrown [s\src\hotspot\share\prims\jni.cpp, line 516]
Event: 18.946 Thread 0x000002027e689060 Exception <a 'sun/nio/fs/WindowsException'{0x00000000884e1b28}> (0x00000000884e1b28) 
thrown [s\src\hotspot\share\prims\jni.cpp, line 516]
Event: 18.967 Thread 0x000002027e68b8e0 Exception <a 'sun/nio/fs/WindowsException'{0x000000008ff1e610}> (0x000000008ff1e610) 
thrown [s\src\hotspot\share\prims\jni.cpp, line 516]
Event: 18.968 Thread 0x000002027e689060 Exception <a 'sun/nio/fs/WindowsException'{0x00000000884e1ca0}> (0x00000000884e1ca0) 
thrown [s\src\hotspot\share\prims\jni.cpp, line 516]
Event: 19.159 Thread 0x000002027e68d230 Exception <a 'sun/nio/fs/WindowsException'{0x0000000086c8dde8}> (0x0000000086c8dde8) 
thrown [s\src\hotspot\share\prims\jni.cpp, line 516]
Event: 19.205 Thread 0x000002027e68b8e0 Exception <a 'sun/nio/fs/WindowsException'{0x0000000085ae2f18}> (0x0000000085ae2f18) 
thrown [s\src\hotspot\share\prims\jni.cpp, line 516]
Event: 19.206 Thread 0x000002027e68b8e0 Exception <a 'sun/nio/fs/WindowsException'{0x0000000085ae30e0}> (0x0000000085ae30e0) 
thrown [s\src\hotspot\share\prims\jni.cpp, line 516]
Event: 19.214 Thread 0x000002027e68d230 Exception <a 'sun/nio/fs/WindowsException'{0x0000000086c8dfb8}> (0x0000000086c8dfb8) 
thrown [s\src\hotspot\share\prims\jni.cpp, line 516]
Event: 19.606 Thread 0x000002027e6904d0 Exception <a 'sun/nio/fs/WindowsException'{0x0000000087b13850}> (0x0000000087b13850) 
thrown [s\src\hotspot\share\prims\jni.cpp, line 516]
Event: 19.961 Thread 0x000002027e6904d0 Exception <a 'sun/nio/fs/WindowsException'{0x0000000087b139e0}> (0x0000000087b139e0) 
thrown [s\src\hotspot\share\prims\jni.cpp, line 516]
Event: 20.704 Thread 0x000002027e689f90 Exception <a 'sun/nio/fs/WindowsException'{0x00000000885736b0}> (0x00000000885736b0) 
thrown [s\src\hotspot\share\prims\jni.cpp, line 516]
Event: 20.705 Thread 0x000002027e689f90 Exception <a 'sun/nio/fs/WindowsException'{0x0000000088573860}> (0x0000000088573860) 
thrown [s\src\hotspot\share\prims\jni.cpp, line 516]

VM Operations (20 events):
Event: 20.646 Executing VM operation: G1CollectForAllocation
Event: 20.648 Executing VM operation: G1CollectForAllocation done
Event: 21.025 Executing VM operation: G1CollectForAllocation
Event: 21.028 Executing VM operation: G1CollectForAllocation done
Event: 21.375 Executing VM operation: G1CollectForAllocation
Event: 21.378 Executing VM operation: G1CollectForAllocation done
Event: 21.702 Executing VM operation: G1CollectForAllocation
Event: 21.704 Executing VM operation: G1CollectForAllocation done
Event: 22.048 Executing VM operation: G1CollectForAllocation
Event: 22.051 Executing VM operation: G1CollectForAllocation done
Event: 22.310 Executing VM operation: G1CollectForAllocation
Event: 22.313 Executing VM operation: G1CollectForAllocation done
Event: 22.555 Executing VM operation: G1CollectForAllocation
Event: 22.559 Executing VM operation: G1CollectForAllocation done
Event: 23.519 Executing VM operation: G1CollectForAllocation
Event: 23.522 Executing VM operation: G1CollectForAllocation done
Event: 23.807 Executing VM operation: G1CollectForAllocation
Event: 23.811 Executing VM operation: G1CollectForAllocation done
Event: 24.054 Executing VM operation: G1CollectForAllocation
Event: 24.058 Executing VM operation: G1CollectForAllocation done

Memory protections (0 events):
No events

Nmethod flushes (20 events):
Event: 17.365 Thread 0x000002027c1450c0 flushing  nmethod 0x0000020261fbc390
Event: 17.365 Thread 0x000002027c1450c0 flushing  nmethod 0x0000020261fc5010
Event: 17.365 Thread 0x000002027c1450c0 flushing  nmethod 0x0000020261fc7d10
Event: 17.365 Thread 0x000002027c1450c0 flushing  nmethod 0x0000020261fc8710
Event: 17.365 Thread 0x000002027c1450c0 flushing  nmethod 0x0000020261fc8c90
Event: 17.365 Thread 0x000002027c1450c0 flushing  nmethod 0x0000020261fcb090
Event: 17.365 Thread 0x000002027c1450c0 flushing  nmethod 0x0000020261fce310
Event: 17.365 Thread 0x000002027c1450c0 flushing  nmethod 0x0000020261fd0790
Event: 17.365 Thread 0x000002027c1450c0 flushing  nmethod 0x0000020261fd0b10
Event: 17.365 Thread 0x000002027c1450c0 flushing  nmethod 0x0000020261fd1e10
Event: 17.365 Thread 0x000002027c1450c0 flushing  nmethod 0x0000020261fd3110
Event: 17.365 Thread 0x000002027c1450c0 flushing  nmethod 0x0000020261fe0f90
Event: 17.365 Thread 0x000002027c1450c0 flushing  nmethod 0x0000020261fe6090
Event: 17.365 Thread 0x000002027c1450c0 flushing  nmethod 0x0000020261fe6590
Event: 17.365 Thread 0x000002027c1450c0 flushing  nmethod 0x0000020261fe8190
Event: 17.365 Thread 0x000002027c1450c0 flushing osr nmethod 0x0000020262033b10
Event: 17.365 Thread 0x000002027c1450c0 flushing  nmethod 0x0000020262069890
Event: 17.365 Thread 0x000002027c1450c0 flushing  nmethod 0x0000020262074c10
Event: 19.848 Thread 0x000002027c1450c0 flushing  nmethod 0x000002026178c510
Event: 19.851 Thread 0x000002027c1450c0 flushing  nmethod 0x0000020261bb7a90

Events (20 events):
Event: 5.495 Thread 0x000002027ddf4940 Thread added: 0x000002027e68d740
Event: 5.496 Thread 0x000002027ddf4940 Thread added: 0x000002027e68a9b0
Event: 5.795 Thread 0x000002027c143aa0 Thread added: 0x000002027e2e8810
Event: 5.883 Thread 0x000002027c143aa0 Thread added: 0x000002027e87e0b0
Event: 6.289 Thread 0x000002027e87e0b0 Thread exited: 0x000002027e87e0b0
Event: 6.360 Thread 0x000002027ddf4940 Thread added: 0x000002027e68aec0
Event: 6.434 Thread 0x000002027ddf4940 Thread added: 0x000002027e68bdf0
Event: 6.473 Thread 0x000002027ddf4940 Thread added: 0x000002027e68f5a0
Event: 6.497 Thread 0x000002027ddf4940 Thread added: 0x000002027e68a4a0
Event: 6.635 Thread 0x000002027c143aa0 Thread added: 0x000002027f6399b0
Event: 6.744 Thread 0x000002027ddf4940 Thread added: 0x000002027e68dc50
Event: 6.956 Thread 0x000002027ddf4940 Thread added: 0x000002027e68c300
Event: 7.174 Thread 0x000002027f6399b0 Thread exited: 0x000002027f6399b0
Event: 7.483 Thread 0x000002027c143aa0 Thread added: 0x000002027f87e140
Event: 9.437 Thread 0x000002027e2e8810 Thread exited: 0x000002027e2e8810
Event: 9.437 Thread 0x000002027f87e140 Thread exited: 0x000002027f87e140
Event: 9.727 Thread 0x000002027c138460 Thread added: 0x000002027f7fb840
Event: 9.821 Thread 0x000002027c143aa0 Thread added: 0x000002027f758810
Event: 20.235 Thread 0x000002027f758810 Thread exited: 0x000002027f758810
Event: 20.349 Thread 0x000002027f7fb840 Thread exited: 0x000002027f7fb840


Dynamic libraries:
0x00007ff61b650000 - 0x00007ff61b65e000 	C:\Program Files\Eclipse Adoptium\jdk-17.0.15.6-hotspot\bin\java.exe
0x00007fff700f0000 - 0x00007fff70307000 	C:\Windows\SYSTEM32\ntdll.dll
0x00007fff6f120000 - 0x00007fff6f1e4000 	C:\Windows\System32\KERNEL32.DLL
0x00007fff6d5d0000 - 0x00007fff6d98a000 	C:\Windows\System32\KERNELBASE.dll
0x00007fff6da30000 - 0x00007fff6db41000 	C:\Windows\System32\ucrtbase.dll
0x00007ffee2d70000 - 0x00007ffee2d87000 	C:\Program Files\Eclipse Adoptium\jdk-17.0.15.6-hotspot\bin\jli.dll
0x00007ffee2d90000 - 0x00007ffee2dae000 	C:\Program Files\Eclipse Adoptium\jdk-17.0.15.6-hotspot\bin\VCRUNTIME140.dll
0x00007fff6f4b0000 - 0x00007fff6f65e000 	C:\Windows\System32\USER32.dll
0x00007fff589d0000 - 0x00007fff58c62000 	C:\Windows\WinSxS\amd64_microsoft.windows.common-controls_6595b64144ccf1df_6.0.22621.4541_none_2710d1c57384c085\COMCTL32.dll
0x00007fff6d3b0000 - 0x00007fff6d3d6000 	C:\Windows\System32\win32u.dll
0x00007fff6ef20000 - 0x00007fff6ef49000 	C:\Windows\System32\GDI32.dll
0x00007fff6ebc0000 - 0x00007fff6ec67000 	C:\Windows\System32\msvcrt.dll
0x00007fff6dcc0000 - 0x00007fff6dddb000 	C:\Windows\System32\gdi32full.dll
0x00007fff6d990000 - 0x00007fff6da2a000 	C:\Windows\System32\msvcp_win.dll
0x00007fff6de60000 - 0x00007fff6de91000 	C:\Windows\System32\IMM32.DLL
0x00007ffee2d60000 - 0x00007ffee2d6c000 	C:\Program Files\Eclipse Adoptium\jdk-17.0.15.6-hotspot\bin\vcruntime140_1.dll
0x00007ffee2cd0000 - 0x00007ffee2d5d000 	C:\Program Files\Eclipse Adoptium\jdk-17.0.15.6-hotspot\bin\msvcp140.dll
0x00007ffee1300000 - 0x00007ffee1f6b000 	C:\Program Files\Eclipse Adoptium\jdk-17.0.15.6-hotspot\bin\server\jvm.dll
0x00007fff6e9e0000 - 0x00007fff6ea92000 	C:\Windows\System32\ADVAPI32.dll
0x00007fff6df00000 - 0x00007fff6dfa7000 	C:\Windows\System32\sechost.dll
0x00007fff6d4e0000 - 0x00007fff6d508000 	C:\Windows\System32\bcrypt.dll
0x00007fff6eaa0000 - 0x00007fff6ebb4000 	C:\Windows\System32\RPCRT4.dll
0x00007fff6f3b0000 - 0x00007fff6f421000 	C:\Windows\System32\WS2_32.dll
0x00007fff6c240000 - 0x00007fff6c28d000 	C:\Windows\SYSTEM32\POWRPROF.dll
0x00007fff65a00000 - 0x00007fff65a0a000 	C:\Windows\SYSTEM32\VERSION.dll
0x00007fff66650000 - 0x00007fff66684000 	C:\Windows\SYSTEM32\WINMM.dll
0x00007fff6c220000 - 0x00007fff6c233000 	C:\Windows\SYSTEM32\UMPDC.dll
0x00007fff6c4e0000 - 0x00007fff6c4f8000 	C:\Windows\SYSTEM32\kernel.appcore.dll
0x00007ffee2cc0000 - 0x00007ffee2cca000 	C:\Program Files\Eclipse Adoptium\jdk-17.0.15.6-hotspot\bin\jimage.dll
0x00007fff61520000 - 0x00007fff61752000 	C:\Windows\SYSTEM32\DBGHELP.DLL
0x00007fff6f890000 - 0x00007fff6fc21000 	C:\Windows\System32\combase.dll
0x00007fff6e830000 - 0x00007fff6e907000 	C:\Windows\System32\OLEAUT32.dll
0x00007fff58d70000 - 0x00007fff58da2000 	C:\Windows\SYSTEM32\dbgcore.DLL
0x00007fff6d460000 - 0x00007fff6d4db000 	C:\Windows\System32\bcryptPrimitives.dll
0x00007fff69760000 - 0x00007fff6976e000 	C:\Program Files\Eclipse Adoptium\jdk-17.0.15.6-hotspot\bin\instrument.dll
0x00007ffee2c80000 - 0x00007ffee2ca5000 	C:\Program Files\Eclipse Adoptium\jdk-17.0.15.6-hotspot\bin\java.dll
0x00007ffee2ba0000 - 0x00007ffee2c77000 	C:\Program Files\Eclipse Adoptium\jdk-17.0.15.6-hotspot\bin\jsvml.dll
0x00007fff6dfb0000 - 0x00007fff6e829000 	C:\Windows\System32\SHELL32.dll
0x00007fff6b300000 - 0x00007fff6bc09000 	C:\Windows\SYSTEM32\windows.storage.dll
0x00007fff6b1c0000 - 0x00007fff6b2ff000 	C:\Windows\SYSTEM32\wintypes.dll
0x00007fff6ec70000 - 0x00007fff6ed6a000 	C:\Windows\System32\SHCORE.dll
0x00007fff6de00000 - 0x00007fff6de5e000 	C:\Windows\System32\shlwapi.dll
0x00007fff6d2e0000 - 0x00007fff6d30b000 	C:\Windows\SYSTEM32\profapi.dll
0x00007ffee2b80000 - 0x00007ffee2b98000 	C:\Program Files\Eclipse Adoptium\jdk-17.0.15.6-hotspot\bin\zip.dll
0x00007ffee2b60000 - 0x00007ffee2b79000 	C:\Program Files\Eclipse Adoptium\jdk-17.0.15.6-hotspot\bin\net.dll
0x00007fff66510000 - 0x00007fff66646000 	C:\Windows\SYSTEM32\WINHTTP.dll
0x00007fff6c960000 - 0x00007fff6c9c9000 	C:\Windows\system32\mswsock.dll
0x00007ffee2b40000 - 0x00007ffee2b56000 	C:\Program Files\Eclipse Adoptium\jdk-17.0.15.6-hotspot\bin\nio.dll
0x00007ffee2b30000 - 0x00007ffee2b40000 	C:\Program Files\Eclipse Adoptium\jdk-17.0.15.6-hotspot\bin\verify.dll
0x00007ffee1f70000 - 0x00007ffee1f97000 	C:\Users\Admin\.gradle\native\c067742578af261105cb4f569cf0c3c89f3d7b1fecec35dd04571415982c5e48\windows-amd64\native-platform.dll
0x00007fff32910000 - 0x00007fff32a54000 	C:\Users\Admin\.gradle\native\38dada09dfb8b06ba9b0570ebf7e218e3eb74d4ef43ca46872605cf95ebc2f47\windows-amd64\native-platform-file-events.dll
0x00007ffee2b20000 - 0x00007ffee2b2a000 	C:\Program Files\Eclipse Adoptium\jdk-17.0.15.6-hotspot\bin\management.dll
0x00007ffee2b10000 - 0x00007ffee2b1b000 	C:\Program Files\Eclipse Adoptium\jdk-17.0.15.6-hotspot\bin\management_ext.dll
0x00007fff6f880000 - 0x00007fff6f888000 	C:\Windows\System32\PSAPI.DLL
0x00007fff6cbb0000 - 0x00007fff6cbcb000 	C:\Windows\SYSTEM32\CRYPTSP.dll
0x00007fff6c440000 - 0x00007fff6c475000 	C:\Windows\system32\rsaenh.dll
0x00007fff6ca50000 - 0x00007fff6ca78000 	C:\Windows\SYSTEM32\USERENV.dll
0x00007fff6cbd0000 - 0x00007fff6cbdc000 	C:\Windows\SYSTEM32\CRYPTBASE.dll
0x00007fff6bee0000 - 0x00007fff6bf0d000 	C:\Windows\SYSTEM32\IPHLPAPI.DLL
0x00007fff6e910000 - 0x00007fff6e919000 	C:\Windows\System32\NSI.dll
0x00007fff66140000 - 0x00007fff66159000 	C:\Windows\SYSTEM32\dhcpcsvc6.DLL
0x00007fff66120000 - 0x00007fff6613f000 	C:\Windows\SYSTEM32\dhcpcsvc.DLL
0x00007fff6bf50000 - 0x00007fff6c052000 	C:\Windows\SYSTEM32\DNSAPI.dll
0x00007ffee2b00000 - 0x00007ffee2b09000 	C:\Program Files\Eclipse Adoptium\jdk-17.0.15.6-hotspot\bin\extnet.dll
0x00007fff58010000 - 0x00007fff5801e000 	C:\Program Files\Eclipse Adoptium\jdk-17.0.15.6-hotspot\bin\sunmscapi.dll
0x00007fff6db50000 - 0x00007fff6dcb6000 	C:\Windows\System32\CRYPT32.dll
0x00007fff6cd70000 - 0x00007fff6cd9d000 	C:\Windows\SYSTEM32\ncrypt.dll
0x00007fff6cd30000 - 0x00007fff6cd67000 	C:\Windows\SYSTEM32\NTASN1.dll
0x00007ffef60f0000 - 0x00007ffef60f8000 	C:\Windows\system32\wshunix.dll

dbghelp: loaded successfully - version: 4.0.5 - missing functions: none
symbol engine: initialized successfully - sym options: 0x614 - pdb path: .;C:\Program Files\Eclipse Adoptium\jdk-17.0.15.6-hotspot\bin;C:\Windows\SYSTEM32;C:\Windows\WinSxS\amd64_microsoft.windows.common-controls_6595b64144ccf1df_6.0.22621.4541_none_2710d1c57384c085;C:\Program Files\Eclipse Adoptium\jdk-17.0.15.6-hotspot\bin\server;C:\Users\Admin\.gradle\native\c067742578af261105cb4f569cf0c3c89f3d7b1fecec35dd04571415982c5e48\windows-amd64;C:\Users\Admin\.gradle\native\38dada09dfb8b06ba9b0570ebf7e218e3eb74d4ef43ca46872605cf95ebc2f47\windows-amd64

VM Arguments:
jvm_args: --add-opens=java.base/java.util=ALL-UNNAMED --add-opens=java.base/java.lang=ALL-UNNAMED --add-opens=java.base/java.lang.invoke=ALL-UNNAMED --add-opens=java.prefs/java.util.prefs=ALL-UNNAMED --add-opens=java.base/java.nio.charset=ALL-UNNAMED --add-opens=java.base/java.net=ALL-UNNAMED --add-opens=java.base/java.util.concurrent.atomic=ALL-UNNAMED -Xmx2048m -Dfile.encoding=UTF-8 -Duser.country=RU -Duser.language=ru -Duser.variant -javaagent:C:\Users\Admin\.gradle\wrapper\dists\gradle-8.5-bin\5t9huq95ubn472n8rpzujfbqh\gradle-8.5\lib\agents\gradle-instrumentation-agent-8.5.jar 
java_command: org.gradle.launcher.daemon.bootstrap.GradleDaemon 8.5
java_class_path (initial): C:\Users\Admin\.gradle\wrapper\dists\gradle-8.5-bin\5t9huq95ubn472n8rpzujfbqh\gradle-8.5\lib\gradle-launcher-8.5.jar
Launcher Type: SUN_STANDARD

[Global flags]
     intx CICompilerCount                          = 4                                         {product} {ergonomic}
     uint ConcGCThreads                            = 2                                         {product} {ergonomic}
     uint G1ConcRefinementThreads                  = 8                                         {product} {ergonomic}
   size_t G1HeapRegionSize                         = 1048576                                   {product} {ergonomic}
    uintx GCDrainStackTargetSize                   = 64                                        {product} {ergonomic}
   size_t InitialHeapSize                          = 268435456                                 {product} {ergonomic}
   size_t MarkStackSize                            = 4194304                                   {product} {ergonomic}
   size_t MaxHeapSize                              = 2147483648                                {product} {command line}
   size_t MaxNewSize                               = 1287651328                                {product} {ergonomic}
   size_t MinHeapDeltaBytes                        = 1048576                                   {product} {ergonomic}
   size_t MinHeapSize                              = 8388608                                   {product} {ergonomic}
    uintx NonNMethodCodeHeapSize                   = 5839372                                {pd product} {ergonomic}
    uintx NonProfiledCodeHeapSize                  = 122909434                              {pd product} {ergonomic}
    uintx ProfiledCodeHeapSize                     = 122909434                              {pd product} {ergonomic}
    uintx ReservedCodeCacheSize                    = 251658240                              {pd product} {ergonomic}
     bool SegmentedCodeCache                       = true                                      {product} {ergonomic}
   size_t SoftMaxHeapSize                          = 2147483648                             {manageable} {ergonomic}
     bool UseCompressedClassPointers               = true                           {product lp64_product} {ergonomic}
     bool UseCompressedOops                        = true                           {product lp64_product} {ergonomic}
     bool UseG1GC                                  = true                                      {product} {ergonomic}
     bool UseLargePagesIndividualAllocation        = false                                  {pd product} {ergonomic}

Logging:
Log output configuration:
 #0: stdout all=warning uptime,level,tags
 #1: stderr all=off uptime,level,tags

Environment Variables:
PATH=C:\Program Files\Eclipse Adoptium\jdk-17.0.15.6-hotspot\bin;C:\Windows\system32;C:\Windows;C:\Windows\System32\Wbem;C:\Windows\System32\WindowsPowerShell\v1.0\;C:\Windows\System32\OpenSSH\;C:\Program Files\dotnet\;C:\Program Files\NVIDIA Corporation\NVIDIA App\NvDLISR;C:\Program Files (x86)\NVIDIA Corporation\PhysX\Common;C:\Program Files\Git\cmd;C:\Users\Admin\AppData\Local\Microsoft\WindowsApps;
USERNAME=Admin
OS=Windows_NT
PROCESSOR_IDENTIFIER=Intel64 Family 6 Model 94 Stepping 3, GenuineIntel
TMP=C:\Users\Admin\AppData\Local\Temp
TEMP=C:\Users\Admin\AppData\Local\Temp



Periodic native trim disabled


---------------  S Y S T E M  ---------------

OS:
 Windows 11 , 64 bit Build 22621 (10.0.22621.4391)
OS uptime: 0 days 9:06 hours

CPU: total 8 (initial active 8) (4 cores per cpu, 2 threads per core) family 6 model 94 stepping 3 microcode 0xd6, cx8, cmov, fxsr, ht, mmx, 3dnowpref, sse, sse2, sse3, ssse3, sse4.1, sse4.2, popcnt, lzcnt, tsc, tscinvbit, avx, avx2, aes, erms, clmul, bmi1, bmi2, rtm, adx, fma, vzeroupper, clflush, clflushopt
Processor Information for all 8 processors :
  Max Mhz: 2592, Current Mhz: 2592, Mhz Limit: 2592

Memory: 4k page, system-wide physical 16276M (550M free)
TotalPageFile size 18324M (AvailPageFile size 15M)
current process WorkingSet (physical memory assigned to process): 345M, peak: 356M
current process commit charge ("private bytes"): 386M, peak: 439M

vm_info: OpenJDK 64-Bit Server VM (17.0.15+6) for windows-amd64 JRE (17.0.15+6), built on Apr 15 2025 21:25:47 by "admin" with MS VC++ 17.7 (VS2022)

END.
