#
# There is insufficient memory for the Java Runtime Environment to continue.
# Native memory allocation (mmap) failed to map 183500800 bytes. Error detail: G1 virtual space
# Possible reasons:
#   The system is out of physical RAM or swap space
#   This process is running with CompressedOops enabled, and the Java Heap may be blocking the growth of the native heap
# Possible solutions:
#   Reduce memory load on the system
#   Increase physical memory or swap space
#   Check if swap backing store is full
#   Decrease Java heap size (-Xmx/-Xms)
#   Decrease number of Java threads
#   Decrease Java thread stack sizes (-Xss)
#   Set larger code cache with -XX:ReservedCodeCacheSize=
#   JVM is running with Unscaled Compressed Oops mode in which the Java heap is
#     placed in the first 4GB address space. The Java Heap base address is the
#     maximum limit for the native heap growth. Please use -XX:HeapBaseMinAddress
#     to set the Java Heap base and to place the Java Heap above 4GB virtual address.
# This output file may be truncated or incomplete.
#
#  Out of Memory Error (os_windows.cpp:3618), pid=8260, tid=6448
#
# JRE version: OpenJDK Runtime Environment Temurin-17.0.15+6 (17.0.15+6) (build 17.0.15+6)
# Java VM: OpenJDK 64-Bit Server VM Temurin-17.0.15+6 (17.0.15+6, mixed mode, sharing, tiered, compressed oops, compressed class ptrs, g1 gc, windows-amd64)
# No core dump will be written. Minidumps are not enabled by default on client versions of Windows
#

---------------  S U M M A R Y ------------

Command Line: --add-opens=java.base/java.util=ALL-UNNAMED --add-opens=java.base/java.lang=ALL-UNNAMED --add-opens=java.base/java.lang.invoke=ALL-UNNAMED --add-opens=java.prefs/java.util.prefs=ALL-UNNAMED --add-exports=jdk.compiler/com.sun.tools.javac.api=ALL-UNNAMED --add-exports=jdk.compiler/com.sun.tools.javac.util=ALL-UNNAMED --add-opens=java.base/java.nio.charset=ALL-UNNAMED --add-opens=java.base/java.net=ALL-UNNAMED --add-opens=java.base/java.util.concurrent.atomic=ALL-UNNAMED -Xmx1024m -Dfile.encoding=UTF-8 -Duser.country=RU -Duser.language=ru -Duser.variant -javaagent:C:\Users\Admin\.gradle\wrapper\dists\gradle-8.9-bin\90cnw93cvbtalezasaz0blq0a\gradle-8.9\lib\agents\gradle-instrumentation-agent-8.9.jar org.gradle.launcher.daemon.bootstrap.GradleDaemon 8.9

Host: Intel(R) Core(TM) i7-6700HQ CPU @ 2.60GHz, 8 cores, 15G,  Windows 11 , 64 bit Build 22621 (10.0.22621.4391)
Time: Fri Jul  4 12:59:07 2025 RTZ 2 (s 11 , 64 bit Build 22621 (10.0.22621.4391) elapsed time: 21.904267 seconds (0d 0h 0m 21s)

---------------  T H R E A D  ---------------

Current thread (0x0000027bd4b22b10):  VMThread "VM Thread" [stack: 0x000000c3dbd00000,0x000000c3dbe00000] [id=6448]

Stack: [0x000000c3dbd00000,0x000000c3dbe00000]
Native frames: (J=compiled Java code, j=interpreted, Vv=VM code, C=native code)
V  [jvm.dll+0x682fc9]
V  [jvm.dll+0x839878]
V  [jvm.dll+0x83b323]
V  [jvm.dll+0x83b993]
V  [jvm.dll+0x24725f]
V  [jvm.dll+0x67fda9]
V  [jvm.dll+0x674c9a]
V  [jvm.dll+0x304d06]
V  [jvm.dll+0x30c1c6]
V  [jvm.dll+0x35dd4e]
V  [jvm.dll+0x35df8d]
V  [jvm.dll+0x2dc0cc]
V  [jvm.dll+0x2da46f]
V  [jvm.dll+0x2d9bdc]
V  [jvm.dll+0x31d3bb]
V  [jvm.dll+0x8401cd]
V  [jvm.dll+0x840f03]
V  [jvm.dll+0x84142f]
V  [jvm.dll+0x841814]
V  [jvm.dll+0x8418de]
V  [jvm.dll+0x7e94dc]
V  [jvm.dll+0x681ea7]
C  [ucrtbase.dll+0x29333]
C  [KERNEL32.DLL+0x1259d]
C  [ntdll.dll+0x5af38]

VM_Operation (0x000000c3dd3f2720): G1CollectForAllocation, mode: safepoint, requested by thread 0x0000027c1b125da0


---------------  P R O C E S S  ---------------

Threads class SMR info:
_java_thread_list=0x0000027c20a25070, length=61, elements={
0x0000027bb6ceaa60, 0x0000027bd4b29170, 0x0000027bd4b29ff0, 0x0000027bd4b3d700,
0x0000027bd4b3e1d0, 0x0000027bd4b3ed90, 0x0000027bd4b42770, 0x0000027bd4b44bb0,
0x0000027bd4b53990, 0x0000027bd4b5db70, 0x0000027c1a0de020, 0x0000027c1a0e12c0,
0x0000027c1a0e0db0, 0x0000027c1a0de530, 0x0000027c1a0def50, 0x0000027c1a0dea40,
0x0000027c1a0e0390, 0x0000027c1a0df970, 0x0000027c1b125da0, 0x0000027c1b124960,
0x0000027c1b123520, 0x0000027c1b128620, 0x0000027c1b123a30, 0x0000027c1b125380,
0x0000027c1b129f70, 0x0000027c1b128b30, 0x0000027c1b124e70, 0x0000027c1b129040,
0x0000027c1b125890, 0x0000027c1b1262b0, 0x0000027c1b123f40, 0x0000027c1b123010,
0x0000027c1b1267c0, 0x0000027c1b126cd0, 0x0000027c1b1271e0, 0x0000027c1b1276f0,
0x0000027c1b128110, 0x0000027c1b127c00, 0x0000027c1b129a60, 0x0000027c1b124450,
0x0000027c1c2a6480, 0x0000027c1c2a4620, 0x0000027c1c2a6ea0, 0x0000027c1c2a9c30,
0x0000027c1c2a6990, 0x0000027c1c37e4a0, 0x0000027c1c87a150, 0x0000027c1c2a8d00,
0x0000027c1c2a82e0, 0x0000027c1c2a87f0, 0x0000027c1c2a9210, 0x0000027c1c2aa140,
0x0000027c1c2aa650, 0x0000027c1c2a31e0, 0x0000027c1c2aab60, 0x0000027c1c2a36f0,
0x0000027c1c2a3c00, 0x0000027c1a0df460, 0x0000027c1a0dfe80, 0x0000027c1a0ddb10,
0x0000027c1c463e40
}

Java Threads: ( => current thread )
  0x0000027bb6ceaa60 JavaThread "main" [_thread_blocked, id=10560, stack(0x000000c3db700000,0x000000c3db800000)]
  0x0000027bd4b29170 JavaThread "Reference Handler" daemon [_thread_blocked, id=4240, stack(0x000000c3dbe00000,0x000000c3dbf00000)]
  0x0000027bd4b29ff0 JavaThread "Finalizer" daemon [_thread_blocked, id=3596, stack(0x000000c3dbf00000,0x000000c3dc000000)]
  0x0000027bd4b3d700 JavaThread "Signal Dispatcher" daemon [_thread_blocked, id=11748, stack(0x000000c3dc000000,0x000000c3dc100000)]
  0x0000027bd4b3e1d0 JavaThread "Attach Listener" daemon [_thread_blocked, id=2540, stack(0x000000c3dc100000,0x000000c3dc200000)]
  0x0000027bd4b3ed90 JavaThread "Service Thread" daemon [_thread_blocked, id=3892, stack(0x000000c3dc200000,0x000000c3dc300000)]
  0x0000027bd4b42770 JavaThread "Monitor Deflation Thread" daemon [_thread_blocked, id=12504, stack(0x000000c3dc300000,0x000000c3dc400000)]
  0x0000027bd4b44bb0 JavaThread "C2 CompilerThread0" daemon [_thread_blocked, id=8408, stack(0x000000c3dc400000,0x000000c3dc500000)]
  0x0000027bd4b53990 JavaThread "C1 CompilerThread0" daemon [_thread_blocked, id=4944, stack(0x000000c3dc500000,0x000000c3dc600000)]
  0x0000027bd4b5db70 JavaThread "Sweeper thread" daemon [_thread_blocked, id=10740, stack(0x000000c3dc600000,0x000000c3dc700000)]
  0x0000027c1a0de020 JavaThread "Common-Cleaner" daemon [_thread_blocked, id=3868, stack(0x000000c3dc700000,0x000000c3dc800000)]
  0x0000027c1a0e12c0 JavaThread "Notification Thread" daemon [_thread_blocked, id=7012, stack(0x000000c3dc800000,0x000000c3dc900000)]
  0x0000027c1a0e0db0 JavaThread "Daemon health stats" [_thread_blocked, id=13652, stack(0x000000c3dcb00000,0x000000c3dcc00000)]
  0x0000027c1a0de530 JavaThread "Incoming local TCP Connector on port 56358" [_thread_in_native, id=1476, stack(0x000000c3dca00000,0x000000c3dcb00000)]
  0x0000027c1a0def50 JavaThread "Daemon periodic checks" [_thread_blocked, id=5568, stack(0x000000c3dd100000,0x000000c3dd200000)]
  0x0000027c1a0dea40 JavaThread "Daemon" [_thread_blocked, id=2980, stack(0x000000c3dd600000,0x000000c3dd700000)]
  0x0000027c1a0e0390 JavaThread "Handler for socket connection from /127.0.0.1:56358 to /127.0.0.1:56359" [_thread_in_native, id=4200, stack(0x000000c3dd700000,0x000000c3dd800000)]
  0x0000027c1a0df970 JavaThread "Cancel handler" [_thread_blocked, id=2612, stack(0x000000c3dd200000,0x000000c3dd300000)]
  0x0000027c1b125da0 JavaThread "Daemon worker" [_thread_blocked, id=5632, stack(0x000000c3dd300000,0x000000c3dd400000)]
  0x0000027c1b124960 JavaThread "Asynchronous log dispatcher for DefaultDaemonConnection: socket connection from /127.0.0.1:56358 to /127.0.0.1:56359" [_thread_blocked, id=13956, stack(0x000000c3dd800000,0x000000c3dd900000)]
  0x0000027c1b123520 JavaThread "Stdin handler" [_thread_blocked, id=10676, stack(0x000000c3dd900000,0x000000c3dda00000)]
  0x0000027c1b128620 JavaThread "Daemon client event forwarder" [_thread_blocked, id=11148, stack(0x000000c3dda00000,0x000000c3ddb00000)]
  0x0000027c1b123a30 JavaThread "Cache worker for journal cache (C:\Users\Admin\.gradle\caches\journal-1)" [_thread_blocked, id=6756, stack(0x000000c3ddb00000,0x000000c3ddc00000)]
  0x0000027c1b125380 JavaThread "File lock request listener" [_thread_in_native, id=13596, stack(0x000000c3ddc00000,0x000000c3ddd00000)]
  0x0000027c1b129f70 JavaThread "Cache worker for file hash cache (C:\Users\Admin\.gradle\caches\8.9\fileHashes)" [_thread_blocked, id=11288, stack(0x000000c3dde00000,0x000000c3ddf00000)]
  0x0000027c1b128b30 JavaThread "Cache worker for file hash cache (C:\Users\Admin\Desktop\SultanARLite\SultanARLite\.gradle\8.9\fileHashes)" [_thread_blocked, id=4528, stack(0x000000c3de000000,0x000000c3de100000)]
  0x0000027c1b124e70 JavaThread "Cache worker for Build Output Cleanup Cache (C:\Users\Admin\Desktop\SultanARLite\SultanARLite\.gradle\buildOutputCleanup)" [_thread_blocked, id=5784, stack(0x000000c3de100000,0x000000c3de200000)]
  0x0000027c1b129040 JavaThread "File watcher server" daemon [_thread_in_native, id=11932, stack(0x000000c3de300000,0x000000c3de400000)]
  0x0000027c1b125890 JavaThread "File watcher consumer" daemon [_thread_blocked, id=4720, stack(0x000000c3de400000,0x000000c3de500000)]
  0x0000027c1b1262b0 JavaThread "jar transforms" [_thread_blocked, id=5044, stack(0x000000c3de500000,0x000000c3de600000)]
  0x0000027c1b123f40 JavaThread "jar transforms Thread 2" [_thread_blocked, id=1624, stack(0x000000c3de600000,0x000000c3de700000)]
  0x0000027c1b123010 JavaThread "jar transforms Thread 3" [_thread_blocked, id=4232, stack(0x000000c3de700000,0x000000c3de800000)]
  0x0000027c1b1267c0 JavaThread "jar transforms Thread 4" [_thread_blocked, id=12644, stack(0x000000c3de800000,0x000000c3de900000)]
  0x0000027c1b126cd0 JavaThread "jar transforms Thread 5" [_thread_blocked, id=5396, stack(0x000000c3de900000,0x000000c3dea00000)]
  0x0000027c1b1271e0 JavaThread "jar transforms Thread 6" [_thread_blocked, id=8156, stack(0x000000c3dea00000,0x000000c3deb00000)]
  0x0000027c1b1276f0 JavaThread "jar transforms Thread 7" [_thread_blocked, id=11252, stack(0x000000c3deb00000,0x000000c3dec00000)]
  0x0000027c1b128110 JavaThread "jar transforms Thread 8" [_thread_blocked, id=13684, stack(0x000000c3dec00000,0x000000c3ded00000)]
  0x0000027c1b127c00 JavaThread "Cache worker for checksums cache (C:\Users\Admin\Desktop\SultanARLite\SultanARLite\.gradle\8.9\checksums)" [_thread_blocked, id=13184, stack(0x000000c3ded00000,0x000000c3dee00000)]
  0x0000027c1b129a60 JavaThread "Cache worker for file content cache (C:\Users\Admin\.gradle\caches\8.9\fileContent)" [_thread_blocked, id=7772, stack(0x000000c3dee00000,0x000000c3def00000)]
  0x0000027c1b124450 JavaThread "Cache worker for cache directory md-rule (C:\Users\Admin\.gradle\caches\8.9\md-rule)" [_thread_blocked, id=8300, stack(0x000000c3def00000,0x000000c3df000000)]
  0x0000027c1c2a6480 JavaThread "Cache worker for cache directory md-supplier (C:\Users\Admin\.gradle\caches\8.9\md-supplier)" [_thread_blocked, id=10696, stack(0x000000c3df000000,0x000000c3df100000)]
  0x0000027c1c2a4620 JavaThread "Unconstrained build operations" [_thread_blocked, id=3580, stack(0x000000c3df100000,0x000000c3df200000)]
  0x0000027c1c2a6ea0 JavaThread "Unconstrained build operations Thread 2" [_thread_blocked, id=11632, stack(0x000000c3df200000,0x000000c3df300000)]
  0x0000027c1c2a9c30 JavaThread "Unconstrained build operations Thread 3" [_thread_blocked, id=3680, stack(0x000000c3df300000,0x000000c3df400000)]
  0x0000027c1c2a6990 JavaThread "Unconstrained build operations Thread 4" [_thread_blocked, id=1296, stack(0x000000c3df400000,0x000000c3df500000)]
  0x0000027c1c37e4a0 JavaThread "C2 CompilerThread1" daemon [_thread_in_native, id=14176, stack(0x000000c3ddd00000,0x000000c3dde00000)]
  0x0000027c1c87a150 JavaThread "C2 CompilerThread2" daemon [_thread_blocked, id=12060, stack(0x000000c3ddf00000,0x000000c3de000000)]
  0x0000027c1c2a8d00 JavaThread "Unconstrained build operations Thread 5" [_thread_blocked, id=6472, stack(0x000000c3df500000,0x000000c3df600000)]
  0x0000027c1c2a82e0 JavaThread "Unconstrained build operations Thread 6" [_thread_blocked, id=1936, stack(0x000000c3df600000,0x000000c3df700000)]
  0x0000027c1c2a87f0 JavaThread "Unconstrained build operations Thread 7" [_thread_blocked, id=5756, stack(0x000000c3df700000,0x000000c3df800000)]
  0x0000027c1c2a9210 JavaThread "Unconstrained build operations Thread 8" [_thread_blocked, id=10328, stack(0x000000c3df800000,0x000000c3df900000)]
  0x0000027c1c2aa140 JavaThread "Unconstrained build operations Thread 9" [_thread_blocked, id=11736, stack(0x000000c3df900000,0x000000c3dfa00000)]
  0x0000027c1c2aa650 JavaThread "Unconstrained build operations Thread 10" [_thread_blocked, id=12596, stack(0x000000c3dfa00000,0x000000c3dfb00000)]
  0x0000027c1c2a31e0 JavaThread "Unconstrained build operations Thread 11" [_thread_blocked, id=7972, stack(0x000000c3dfb00000,0x000000c3dfc00000)]
  0x0000027c1c2aab60 JavaThread "Unconstrained build operations Thread 12" [_thread_blocked, id=3668, stack(0x000000c3dfd00000,0x000000c3dfe00000)]
  0x0000027c1c2a36f0 JavaThread "Unconstrained build operations Thread 13" [_thread_blocked, id=14120, stack(0x000000c3dfe00000,0x000000c3dff00000)]
  0x0000027c1c2a3c00 JavaThread "Unconstrained build operations Thread 14" [_thread_blocked, id=12448, stack(0x000000c3dff00000,0x000000c3e0000000)]
  0x0000027c1a0df460 JavaThread "Unconstrained build operations Thread 15" [_thread_blocked, id=1428, stack(0x000000c3e0000000,0x000000c3e0100000)]
  0x0000027c1a0dfe80 JavaThread "Unconstrained build operations Thread 16" [_thread_blocked, id=14004, stack(0x000000c3e0100000,0x000000c3e0200000)]
  0x0000027c1a0ddb10 JavaThread "Unconstrained build operations Thread 17" [_thread_blocked, id=8596, stack(0x000000c3e0200000,0x000000c3e0300000)]
  0x0000027c1c463e40 JavaThread "Unconstrained build operations Thread 18" [_thread_blocked, id=7712, stack(0x000000c3e0300000,0x000000c3e0400000)]

Other Threads:
=>0x0000027bd4b22b10 VMThread "VM Thread" [stack: 0x000000c3dbd00000,0x000000c3dbe00000] [id=6448]
  0x0000027c1a16eaa0 WatcherThread [stack: 0x000000c3dc900000,0x000000c3dca00000] [id=2384]
  0x0000027bb6d293f0 GCTaskThread "GC Thread#0" [stack: 0x000000c3db800000,0x000000c3db900000] [id=2736]
  0x0000027c1a738ad0 GCTaskThread "GC Thread#1" [stack: 0x000000c3dcc00000,0x000000c3dcd00000] [id=3604]
  0x0000027c1a5bfee0 GCTaskThread "GC Thread#2" [stack: 0x000000c3dcd00000,0x000000c3dce00000] [id=1104]
  0x0000027c1a5c01a0 GCTaskThread "GC Thread#3" [stack: 0x000000c3dce00000,0x000000c3dcf00000] [id=12176]
  0x0000027c1a6416d0 GCTaskThread "GC Thread#4" [stack: 0x000000c3dcf00000,0x000000c3dd000000] [id=3656]
  0x0000027c1a641990 GCTaskThread "GC Thread#5" [stack: 0x000000c3dd000000,0x000000c3dd100000] [id=5216]
  0x0000027c1a3fed00 GCTaskThread "GC Thread#6" [stack: 0x000000c3dd400000,0x000000c3dd500000] [id=8164]
  0x0000027c1c08bcf0 GCTaskThread "GC Thread#7" [stack: 0x000000c3dd500000,0x000000c3dd600000] [id=11600]
  0x0000027bb6d32340 ConcurrentGCThread "G1 Main Marker" [stack: 0x000000c3db900000,0x000000c3dba00000] [id=6592]
  0x0000027bb6d33500 ConcurrentGCThread "G1 Conc#0" [stack: 0x000000c3dba00000,0x000000c3dbb00000] [id=14108]
  0x0000027c1bffbbf0 ConcurrentGCThread "G1 Conc#1" [stack: 0x000000c3de200000,0x000000c3de300000] [id=3476]
  0x0000027bd49e0550 ConcurrentGCThread "G1 Refine#0" [stack: 0x000000c3dbb00000,0x000000c3dbc00000] [id=7304]
  0x0000027c1c879620 ConcurrentGCThread "G1 Refine#1" [stack: 0x000000c3dfc00000,0x000000c3dfd00000] [id=13840]
  0x0000027c2101d5f0 ConcurrentGCThread "G1 Refine#2" [stack: 0x000000c3e0400000,0x000000c3e0500000] [id=4928]
  0x0000027c21a008a0 ConcurrentGCThread "G1 Refine#3" [stack: 0x000000c3e0500000,0x000000c3e0600000] [id=8688]
  0x0000027c1c879910 ConcurrentGCThread "G1 Refine#4" [stack: 0x000000c3e0600000,0x000000c3e0700000] [id=6228]
  0x0000027c1e8cc910 ConcurrentGCThread "G1 Refine#5" [stack: 0x000000c3e0700000,0x000000c3e0800000] [id=6376]
  0x0000027bd49e0d90 ConcurrentGCThread "G1 Service" [stack: 0x000000c3dbc00000,0x000000c3dbd00000] [id=12888]

Threads with active compile tasks:
C2 CompilerThread0    21961 8160       4       org.gradle.internal.serialize.HierarchicalNameSerializer::readFirstOccurrenceOfName (60 bytes)
C2 CompilerThread1    21961 8212       4       org.gradle.internal.serialize.AbstractCollectionSerializer::read (47 bytes)
C2 CompilerThread2    21961 8316       4       org.objectweb.asm.ClassReader::readCode (5117 bytes)

VM state: at safepoint (normal execution)

VM Mutex/Monitor currently owned by a thread:  ([mutex/lock_event])
[0x0000027bb6ce6010] Threads_lock - owner thread: 0x0000027bd4b22b10
[0x0000027bb6ce6e20] Heap_lock - owner thread: 0x0000027c1b125da0

Heap address: 0x00000000c0000000, size: 1024 MB, Compressed Oops mode: 32-bit

CDS archive(s) mapped at: [0x0000027bd5000000-0x0000027bd5bb0000-0x0000027bd5bb0000), size 12255232, SharedBaseAddress: 0x0000027bd5000000, ArchiveRelocationMode: 1.
Compressed class space mapped at: 0x0000027bd6000000-0x0000027c16000000, reserved size: 1073741824
Narrow klass base: 0x0000027bd5000000, Narrow klass shift: 0, Narrow klass range: 0x100000000

GC Precious Log:
 CPUs: 8 total, 8 available
 Memory: 16276M
 Large Page Support: Disabled
 NUMA Support: Disabled
 Compressed Oops: Enabled (32-bit)
 Heap Region Size: 1M
 Heap Min Capacity: 8M
 Heap Initial Capacity: 256M
 Heap Max Capacity: 1G
 Pre-touch: Disabled
 Parallel Workers: 8
 Concurrent Workers: 2
 Concurrent Refinement Workers: 8
 Periodic GC: Disabled

Heap:
 garbage-first heap   total 301056K, used 197783K [0x00000000c0000000, 0x0000000100000000)
  region size 1024K, 7 young (7168K), 7 survivors (7168K)
 Metaspace       used 49466K, committed 50048K, reserved 1114112K
  class space    used 6915K, committed 7168K, reserved 1048576K

Heap Regions: E=young(eden), S=young(survivor), O=old, HS=humongous(starts), HC=humongous(continues), CS=collection set, F=free, OA=open archive, CA=closed archive, TAMS=top-at-mark-start (previous, next)
|   0|0x00000000c0000000, 0x00000000c0100000, 0x00000000c0100000|100%|HS|  |TAMS 0x00000000c0100000, 0x00000000c0000000| Complete 
|   1|0x00000000c0100000, 0x00000000c0200000, 0x00000000c0200000|100%|HC|  |TAMS 0x00000000c0200000, 0x00000000c0100000| Complete 
|   2|0x00000000c0200000, 0x00000000c0300000, 0x00000000c0300000|100%|HC|  |TAMS 0x00000000c0300000, 0x00000000c0200000| Complete 
|   3|0x00000000c0300000, 0x00000000c0400000, 0x00000000c0400000|100%|HC|  |TAMS 0x00000000c0400000, 0x00000000c0300000| Complete 
|   4|0x00000000c0400000, 0x00000000c0500000, 0x00000000c0500000|100%| O|  |TAMS 0x00000000c0500000, 0x00000000c0400000| Untracked 
|   5|0x00000000c0500000, 0x00000000c0600000, 0x00000000c0600000|100%| O|  |TAMS 0x00000000c0600000, 0x00000000c0500000| Untracked 
|   6|0x00000000c0600000, 0x00000000c0700000, 0x00000000c0700000|100%| O|  |TAMS 0x00000000c0700000, 0x00000000c0600000| Untracked 
|   7|0x00000000c0700000, 0x00000000c0800000, 0x00000000c0800000|100%| O|  |TAMS 0x00000000c0800000, 0x00000000c0700000| Untracked 
|   8|0x00000000c0800000, 0x00000000c0900000, 0x00000000c0900000|100%| O|  |TAMS 0x00000000c0900000, 0x00000000c0800000| Untracked 
|   9|0x00000000c0900000, 0x00000000c0a00000, 0x00000000c0a00000|100%| O|  |TAMS 0x00000000c0a00000, 0x00000000c0900000| Untracked 
|  10|0x00000000c0a00000, 0x00000000c0b00000, 0x00000000c0b00000|100%|HS|  |TAMS 0x00000000c0b00000, 0x00000000c0a00000| Complete 
|  11|0x00000000c0b00000, 0x00000000c0c00000, 0x00000000c0c00000|100%|HS|  |TAMS 0x00000000c0c00000, 0x00000000c0b00000| Complete 
|  12|0x00000000c0c00000, 0x00000000c0d00000, 0x00000000c0d00000|100%| O|  |TAMS 0x00000000c0d00000, 0x00000000c0c00000| Untracked 
|  13|0x00000000c0d00000, 0x00000000c0e00000, 0x00000000c0e00000|100%|HS|  |TAMS 0x00000000c0e00000, 0x00000000c0d00000| Complete 
|  14|0x00000000c0e00000, 0x00000000c0f00000, 0x00000000c0f00000|100%|HC|  |TAMS 0x00000000c0f00000, 0x00000000c0e00000| Complete 
|  15|0x00000000c0f00000, 0x00000000c1000000, 0x00000000c1000000|100%|HC|  |TAMS 0x00000000c1000000, 0x00000000c0f00000| Complete 
|  16|0x00000000c1000000, 0x00000000c1100000, 0x00000000c1100000|100%|HC|  |TAMS 0x00000000c1100000, 0x00000000c1000000| Complete 
|  17|0x00000000c1100000, 0x00000000c1200000, 0x00000000c1200000|100%|HC|  |TAMS 0x00000000c1200000, 0x00000000c1100000| Complete 
|  18|0x00000000c1200000, 0x00000000c1300000, 0x00000000c1300000|100%|HC|  |TAMS 0x00000000c1300000, 0x00000000c1200000| Complete 
|  19|0x00000000c1300000, 0x00000000c1400000, 0x00000000c1400000|100%|HS|  |TAMS 0x00000000c1400000, 0x00000000c1300000| Complete 
|  20|0x00000000c1400000, 0x00000000c1500000, 0x00000000c1500000|100%|HC|  |TAMS 0x00000000c1500000, 0x00000000c1400000| Complete 
|  21|0x00000000c1500000, 0x00000000c1600000, 0x00000000c1600000|100%|HC|  |TAMS 0x00000000c1600000, 0x00000000c1500000| Complete 
|  22|0x00000000c1600000, 0x00000000c1700000, 0x00000000c1700000|100%|HC|  |TAMS 0x00000000c1700000, 0x00000000c1600000| Complete 
|  23|0x00000000c1700000, 0x00000000c1800000, 0x00000000c1800000|100%|HS|  |TAMS 0x00000000c1800000, 0x00000000c1700000| Complete 
|  24|0x00000000c1800000, 0x00000000c1900000, 0x00000000c1900000|100%|HC|  |TAMS 0x00000000c1900000, 0x00000000c1800000| Complete 
|  25|0x00000000c1900000, 0x00000000c1a00000, 0x00000000c1a00000|100%| O|  |TAMS 0x00000000c1a00000, 0x00000000c1900000| Untracked 
|  26|0x00000000c1a00000, 0x00000000c1b00000, 0x00000000c1b00000|100%| O|  |TAMS 0x00000000c1b00000, 0x00000000c1a00000| Untracked 
|  27|0x00000000c1b00000, 0x00000000c1c00000, 0x00000000c1c00000|100%| O|  |TAMS 0x00000000c1c00000, 0x00000000c1b00000| Untracked 
|  28|0x00000000c1c00000, 0x00000000c1d00000, 0x00000000c1d00000|100%| O|  |TAMS 0x00000000c1d00000, 0x00000000c1c00000| Untracked 
|  29|0x00000000c1d00000, 0x00000000c1e00000, 0x00000000c1e00000|100%| O|  |TAMS 0x00000000c1e00000, 0x00000000c1d00000| Untracked 
|  30|0x00000000c1e00000, 0x00000000c1f00000, 0x00000000c1f00000|100%| O|  |TAMS 0x00000000c1f00000, 0x00000000c1e00000| Untracked 
|  31|0x00000000c1f00000, 0x00000000c2000000, 0x00000000c2000000|100%| O|  |TAMS 0x00000000c2000000, 0x00000000c1f00000| Untracked 
|  32|0x00000000c2000000, 0x00000000c2100000, 0x00000000c2100000|100%| O|  |TAMS 0x00000000c2100000, 0x00000000c2000000| Untracked 
|  33|0x00000000c2100000, 0x00000000c2200000, 0x00000000c2200000|100%| O|  |TAMS 0x00000000c2200000, 0x00000000c2100000| Untracked 
|  34|0x00000000c2200000, 0x00000000c2300000, 0x00000000c2300000|100%| O|  |TAMS 0x00000000c2300000, 0x00000000c2200000| Untracked 
|  35|0x00000000c2300000, 0x00000000c2400000, 0x00000000c2400000|100%| O|  |TAMS 0x00000000c2400000, 0x00000000c2300000| Untracked 
|  36|0x00000000c2400000, 0x00000000c2500000, 0x00000000c2500000|100%| O|  |TAMS 0x00000000c2500000, 0x00000000c2400000| Untracked 
|  37|0x00000000c2500000, 0x00000000c2600000, 0x00000000c2600000|100%| O|  |TAMS 0x00000000c2600000, 0x00000000c2500000| Untracked 
|  38|0x00000000c2600000, 0x00000000c2700000, 0x00000000c2700000|100%| O|  |TAMS 0x00000000c2700000, 0x00000000c2600000| Untracked 
|  39|0x00000000c2700000, 0x00000000c2800000, 0x00000000c2800000|100%| O|  |TAMS 0x00000000c2800000, 0x00000000c2700000| Untracked 
|  40|0x00000000c2800000, 0x00000000c2900000, 0x00000000c2900000|100%| O|  |TAMS 0x00000000c2900000, 0x00000000c2800000| Untracked 
|  41|0x00000000c2900000, 0x00000000c2a00000, 0x00000000c2a00000|100%| O|  |TAMS 0x00000000c2a00000, 0x00000000c2900000| Untracked 
|  42|0x00000000c2a00000, 0x00000000c2b00000, 0x00000000c2b00000|100%| O|  |TAMS 0x00000000c2b00000, 0x00000000c2a00000| Untracked 
|  43|0x00000000c2b00000, 0x00000000c2c00000, 0x00000000c2c00000|100%| O|  |TAMS 0x00000000c2c00000, 0x00000000c2b00000| Untracked 
|  44|0x00000000c2c00000, 0x00000000c2d00000, 0x00000000c2d00000|100%| O|  |TAMS 0x00000000c2d00000, 0x00000000c2c00000| Untracked 
|  45|0x00000000c2d00000, 0x00000000c2e00000, 0x00000000c2e00000|100%| O|  |TAMS 0x00000000c2e00000, 0x00000000c2d00000| Untracked 
|  46|0x00000000c2e00000, 0x00000000c2f00000, 0x00000000c2f00000|100%| O|  |TAMS 0x00000000c2f00000, 0x00000000c2e00000| Untracked 
|  47|0x00000000c2f00000, 0x00000000c3000000, 0x00000000c3000000|100%| O|  |TAMS 0x00000000c3000000, 0x00000000c2f00000| Untracked 
|  48|0x00000000c3000000, 0x00000000c3100000, 0x00000000c3100000|100%| O|  |TAMS 0x00000000c3100000, 0x00000000c3000000| Untracked 
|  49|0x00000000c3100000, 0x00000000c3200000, 0x00000000c3200000|100%| O|  |TAMS 0x00000000c3200000, 0x00000000c3100000| Untracked 
|  50|0x00000000c3200000, 0x00000000c3300000, 0x00000000c3300000|100%| O|  |TAMS 0x00000000c3300000, 0x00000000c3200000| Untracked 
|  51|0x00000000c3300000, 0x00000000c3400000, 0x00000000c3400000|100%| O|  |TAMS 0x00000000c3300000, 0x00000000c3300000| Untracked 
|  52|0x00000000c3400000, 0x00000000c3500000, 0x00000000c3500000|100%| O|  |TAMS 0x00000000c3500000, 0x00000000c3400000| Untracked 
|  53|0x00000000c3500000, 0x00000000c3600000, 0x00000000c3600000|100%| O|  |TAMS 0x00000000c3600000, 0x00000000c3500000| Untracked 
|  54|0x00000000c3600000, 0x00000000c3700000, 0x00000000c3700000|100%| O|  |TAMS 0x00000000c3700000, 0x00000000c3600000| Untracked 
|  55|0x00000000c3700000, 0x00000000c3800000, 0x00000000c3800000|100%|HS|  |TAMS 0x00000000c3700000, 0x00000000c3700000| Complete 
|  56|0x00000000c3800000, 0x00000000c3900000, 0x00000000c3900000|100%| O|  |TAMS 0x00000000c3900000, 0x00000000c3800000| Untracked 
|  57|0x00000000c3900000, 0x00000000c3a00000, 0x00000000c3a00000|100%|HS|  |TAMS 0x00000000c3a00000, 0x00000000c3900000| Complete 
|  58|0x00000000c3a00000, 0x00000000c3b00000, 0x00000000c3b00000|100%|HC|  |TAMS 0x00000000c3b00000, 0x00000000c3a00000| Complete 
|  59|0x00000000c3b00000, 0x00000000c3c00000, 0x00000000c3c00000|100%| O|  |TAMS 0x00000000c3c00000, 0x00000000c3b00000| Untracked 
|  60|0x00000000c3c00000, 0x00000000c3d00000, 0x00000000c3d00000|100%|HS|  |TAMS 0x00000000c3c00000, 0x00000000c3c00000| Complete 
|  61|0x00000000c3d00000, 0x00000000c3e00000, 0x00000000c3e00000|100%| O|  |TAMS 0x00000000c3d00000, 0x00000000c3d00000| Untracked 
|  62|0x00000000c3e00000, 0x00000000c3f00000, 0x00000000c3f00000|100%| O|  |TAMS 0x00000000c3e00000, 0x00000000c3e00000| Untracked 
|  63|0x00000000c3f00000, 0x00000000c4000000, 0x00000000c4000000|100%| O|  |TAMS 0x00000000c3f00000, 0x00000000c3f00000| Untracked 
|  64|0x00000000c4000000, 0x00000000c4100000, 0x00000000c4100000|100%| O|  |TAMS 0x00000000c4100000, 0x00000000c4000000| Untracked 
|  65|0x00000000c4100000, 0x00000000c4200000, 0x00000000c4200000|100%| O|  |TAMS 0x00000000c4200000, 0x00000000c4100000| Untracked 
|  66|0x00000000c4200000, 0x00000000c4300000, 0x00000000c4300000|100%| O|  |TAMS 0x00000000c4300000, 0x00000000c4200000| Untracked 
|  67|0x00000000c4300000, 0x00000000c4400000, 0x00000000c4400000|100%| O|  |TAMS 0x00000000c4400000, 0x00000000c4300000| Untracked 
|  68|0x00000000c4400000, 0x00000000c4500000, 0x00000000c4500000|100%| O|  |TAMS 0x00000000c4500000, 0x00000000c4400000| Untracked 
|  69|0x00000000c4500000, 0x00000000c4600000, 0x00000000c4600000|100%| O|  |TAMS 0x00000000c4600000, 0x00000000c4500000| Untracked 
|  70|0x00000000c4600000, 0x00000000c4700000, 0x00000000c4700000|100%| O|  |TAMS 0x00000000c4700000, 0x00000000c4600000| Untracked 
|  71|0x00000000c4700000, 0x00000000c4800000, 0x00000000c4800000|100%| O|  |TAMS 0x00000000c4800000, 0x00000000c4700000| Untracked 
|  72|0x00000000c4800000, 0x00000000c4900000, 0x00000000c4900000|100%| O|  |TAMS 0x00000000c4900000, 0x00000000c4800000| Untracked 
|  73|0x00000000c4900000, 0x00000000c4a00000, 0x00000000c4a00000|100%| O|  |TAMS 0x00000000c4a00000, 0x00000000c4900000| Untracked 
|  74|0x00000000c4a00000, 0x00000000c4b00000, 0x00000000c4b00000|100%| O|  |TAMS 0x00000000c4b00000, 0x00000000c4a00000| Untracked 
|  75|0x00000000c4b00000, 0x00000000c4c00000, 0x00000000c4c00000|100%| O|  |TAMS 0x00000000c4c00000, 0x00000000c4b00000| Untracked 
|  76|0x00000000c4c00000, 0x00000000c4d00000, 0x00000000c4d00000|100%| O|  |TAMS 0x00000000c4d00000, 0x00000000c4c00000| Untracked 
|  77|0x00000000c4d00000, 0x00000000c4e00000, 0x00000000c4e00000|100%| O|  |TAMS 0x00000000c4e00000, 0x00000000c4d00000| Untracked 
|  78|0x00000000c4e00000, 0x00000000c4f00000, 0x00000000c4f00000|100%| O|  |TAMS 0x00000000c4f00000, 0x00000000c4e00000| Untracked 
|  79|0x00000000c4f00000, 0x00000000c5000000, 0x00000000c5000000|100%| O|  |TAMS 0x00000000c5000000, 0x00000000c4f00000| Untracked 
|  80|0x00000000c5000000, 0x00000000c5100000, 0x00000000c5100000|100%| O|  |TAMS 0x00000000c5100000, 0x00000000c5000000| Untracked 
|  81|0x00000000c5100000, 0x00000000c5200000, 0x00000000c5200000|100%| O|  |TAMS 0x00000000c5200000, 0x00000000c5100000| Untracked 
|  82|0x00000000c5200000, 0x00000000c5300000, 0x00000000c5300000|100%| O|  |TAMS 0x00000000c5300000, 0x00000000c5200000| Untracked 
|  83|0x00000000c5300000, 0x00000000c5400000, 0x00000000c5400000|100%| O|  |TAMS 0x00000000c5400000, 0x00000000c5300000| Untracked 
|  84|0x00000000c5400000, 0x00000000c5500000, 0x00000000c5500000|100%| O|  |TAMS 0x00000000c5500000, 0x00000000c5400000| Untracked 
|  85|0x00000000c5500000, 0x00000000c5600000, 0x00000000c5600000|100%| O|  |TAMS 0x00000000c5600000, 0x00000000c5500000| Untracked 
|  86|0x00000000c5600000, 0x00000000c5700000, 0x00000000c5700000|100%| O|  |TAMS 0x00000000c5700000, 0x00000000c5600000| Untracked 
|  87|0x00000000c5700000, 0x00000000c5800000, 0x00000000c5800000|100%| O|  |TAMS 0x00000000c5800000, 0x00000000c5700000| Untracked 
|  88|0x00000000c5800000, 0x00000000c5900000, 0x00000000c5900000|100%| O|  |TAMS 0x00000000c5900000, 0x00000000c5800000| Untracked 
|  89|0x00000000c5900000, 0x00000000c5a00000, 0x00000000c5a00000|100%| O|  |TAMS 0x00000000c5a00000, 0x00000000c5900000| Untracked 
|  90|0x00000000c5a00000, 0x00000000c5b00000, 0x00000000c5b00000|100%| O|  |TAMS 0x00000000c5b00000, 0x00000000c5a00000| Untracked 
|  91|0x00000000c5b00000, 0x00000000c5c00000, 0x00000000c5c00000|100%| O|  |TAMS 0x00000000c5c00000, 0x00000000c5b00000| Untracked 
|  92|0x00000000c5c00000, 0x00000000c5d00000, 0x00000000c5d00000|100%| O|  |TAMS 0x00000000c5d00000, 0x00000000c5c00000| Untracked 
|  93|0x00000000c5d00000, 0x00000000c5e00000, 0x00000000c5e00000|100%| O|  |TAMS 0x00000000c5e00000, 0x00000000c5d00000| Untracked 
|  94|0x00000000c5e00000, 0x00000000c5f00000, 0x00000000c5f00000|100%| O|  |TAMS 0x00000000c5f00000, 0x00000000c5e00000| Untracked 
|  95|0x00000000c5f00000, 0x00000000c6000000, 0x00000000c6000000|100%| O|  |TAMS 0x00000000c6000000, 0x00000000c5f00000| Untracked 
|  96|0x00000000c6000000, 0x00000000c6100000, 0x00000000c6100000|100%| O|  |TAMS 0x00000000c6000000, 0x00000000c6000000| Untracked 
|  97|0x00000000c6100000, 0x00000000c6200000, 0x00000000c6200000|100%| O|  |TAMS 0x00000000c6100000, 0x00000000c6100000| Untracked 
|  98|0x00000000c6200000, 0x00000000c6300000, 0x00000000c6300000|100%| O|  |TAMS 0x00000000c6200000, 0x00000000c6200000| Untracked 
|  99|0x00000000c6300000, 0x00000000c6400000, 0x00000000c6400000|100%| O|  |TAMS 0x00000000c6300000, 0x00000000c6300000| Untracked 
| 100|0x00000000c6400000, 0x00000000c6500000, 0x00000000c6500000|100%| O|  |TAMS 0x00000000c6400000, 0x00000000c6400000| Untracked 
| 101|0x00000000c6500000, 0x00000000c6600000, 0x00000000c6600000|100%| O|  |TAMS 0x00000000c6500000, 0x00000000c6500000| Untracked 
| 102|0x00000000c6600000, 0x00000000c6700000, 0x00000000c6700000|100%| O|  |TAMS 0x00000000c6600000, 0x00000000c6600000| Untracked 
| 103|0x00000000c6700000, 0x00000000c6800000, 0x00000000c6800000|100%| O|  |TAMS 0x00000000c6700000, 0x00000000c6700000| Untracked 
| 104|0x00000000c6800000, 0x00000000c6900000, 0x00000000c6900000|100%| O|  |TAMS 0x00000000c6800000, 0x00000000c6800000| Untracked 
| 105|0x00000000c6900000, 0x00000000c6a00000, 0x00000000c6a00000|100%| O|  |TAMS 0x00000000c6900000, 0x00000000c6900000| Untracked 
| 106|0x00000000c6a00000, 0x00000000c6b00000, 0x00000000c6b00000|100%| O|  |TAMS 0x00000000c6a00000, 0x00000000c6a00000| Untracked 
| 107|0x00000000c6b00000, 0x00000000c6c00000, 0x00000000c6c00000|100%| O|  |TAMS 0x00000000c6b00000, 0x00000000c6b00000| Untracked 
| 108|0x00000000c6c00000, 0x00000000c6d00000, 0x00000000c6d00000|100%| O|  |TAMS 0x00000000c6c00000, 0x00000000c6c00000| Untracked 
| 109|0x00000000c6d00000, 0x00000000c6e00000, 0x00000000c6e00000|100%| O|  |TAMS 0x00000000c6d00000, 0x00000000c6d00000| Untracked 
| 110|0x00000000c6e00000, 0x00000000c6f00000, 0x00000000c6f00000|100%| O|  |TAMS 0x00000000c6e00000, 0x00000000c6e00000| Untracked 
| 111|0x00000000c6f00000, 0x00000000c7000000, 0x00000000c7000000|100%| O|  |TAMS 0x00000000c6f00000, 0x00000000c6f00000| Untracked 
| 112|0x00000000c7000000, 0x00000000c7100000, 0x00000000c7100000|100%| O|  |TAMS 0x00000000c7000000, 0x00000000c7000000| Untracked 
| 113|0x00000000c7100000, 0x00000000c7200000, 0x00000000c7200000|100%| O|  |TAMS 0x00000000c7100000, 0x00000000c7100000| Untracked 
| 114|0x00000000c7200000, 0x00000000c7300000, 0x00000000c7300000|100%| O|  |TAMS 0x00000000c7200000, 0x00000000c7200000| Untracked 
| 115|0x00000000c7300000, 0x00000000c7400000, 0x00000000c7400000|100%| O|  |TAMS 0x00000000c7300000, 0x00000000c7300000| Untracked 
| 116|0x00000000c7400000, 0x00000000c7500000, 0x00000000c7500000|100%| O|  |TAMS 0x00000000c7400000, 0x00000000c7400000| Untracked 
| 117|0x00000000c7500000, 0x00000000c7600000, 0x00000000c7600000|100%| O|  |TAMS 0x00000000c7500000, 0x00000000c7500000| Untracked 
| 118|0x00000000c7600000, 0x00000000c7700000, 0x00000000c7700000|100%| O|  |TAMS 0x00000000c7600000, 0x00000000c7600000| Untracked 
| 119|0x00000000c7700000, 0x00000000c7800000, 0x00000000c7800000|100%| O|  |TAMS 0x00000000c7700000, 0x00000000c7700000| Untracked 
| 120|0x00000000c7800000, 0x00000000c7900000, 0x00000000c7900000|100%| O|  |TAMS 0x00000000c7800000, 0x00000000c7800000| Untracked 
| 121|0x00000000c7900000, 0x00000000c7a00000, 0x00000000c7a00000|100%| O|  |TAMS 0x00000000c7900000, 0x00000000c7900000| Untracked 
| 122|0x00000000c7a00000, 0x00000000c7b00000, 0x00000000c7b00000|100%| O|  |TAMS 0x00000000c7a00000, 0x00000000c7a00000| Untracked 
| 123|0x00000000c7b00000, 0x00000000c7c00000, 0x00000000c7c00000|100%| O|  |TAMS 0x00000000c7b00000, 0x00000000c7b00000| Untracked 
| 124|0x00000000c7c00000, 0x00000000c7d00000, 0x00000000c7d00000|100%| O|  |TAMS 0x00000000c7c00000, 0x00000000c7c00000| Untracked 
| 125|0x00000000c7d00000, 0x00000000c7e00000, 0x00000000c7e00000|100%| O|  |TAMS 0x00000000c7d00000, 0x00000000c7d00000| Untracked 
| 126|0x00000000c7e00000, 0x00000000c7f00000, 0x00000000c7f00000|100%| O|  |TAMS 0x00000000c7e00000, 0x00000000c7e00000| Untracked 
| 127|0x00000000c7f00000, 0x00000000c8000000, 0x00000000c8000000|100%| O|  |TAMS 0x00000000c7f00000, 0x00000000c7f00000| Untracked 
| 128|0x00000000c8000000, 0x00000000c8100000, 0x00000000c8100000|100%| O|  |TAMS 0x00000000c8000000, 0x00000000c8000000| Untracked 
| 129|0x00000000c8100000, 0x00000000c8200000, 0x00000000c8200000|100%| O|  |TAMS 0x00000000c8100000, 0x00000000c8100000| Untracked 
| 130|0x00000000c8200000, 0x00000000c8300000, 0x00000000c8300000|100%| O|  |TAMS 0x00000000c8200000, 0x00000000c8200000| Untracked 
| 131|0x00000000c8300000, 0x00000000c8400000, 0x00000000c8400000|100%| O|  |TAMS 0x00000000c8300000, 0x00000000c8300000| Untracked 
| 132|0x00000000c8400000, 0x00000000c8500000, 0x00000000c8500000|100%| O|  |TAMS 0x00000000c8400000, 0x00000000c8400000| Untracked 
| 133|0x00000000c8500000, 0x00000000c8600000, 0x00000000c8600000|100%| O|  |TAMS 0x00000000c8500000, 0x00000000c8500000| Untracked 
| 134|0x00000000c8600000, 0x00000000c8700000, 0x00000000c8700000|100%| O|  |TAMS 0x00000000c8600000, 0x00000000c8600000| Untracked 
| 135|0x00000000c8700000, 0x00000000c8800000, 0x00000000c8800000|100%| O|  |TAMS 0x00000000c8700000, 0x00000000c8700000| Untracked 
| 136|0x00000000c8800000, 0x00000000c8900000, 0x00000000c8900000|100%| O|  |TAMS 0x00000000c8800000, 0x00000000c8800000| Untracked 
| 137|0x00000000c8900000, 0x00000000c8a00000, 0x00000000c8a00000|100%| O|  |TAMS 0x00000000c8900000, 0x00000000c8900000| Untracked 
| 138|0x00000000c8a00000, 0x00000000c8b00000, 0x00000000c8b00000|100%| O|  |TAMS 0x00000000c8a00000, 0x00000000c8a00000| Untracked 
| 139|0x00000000c8b00000, 0x00000000c8c00000, 0x00000000c8c00000|100%| O|  |TAMS 0x00000000c8b00000, 0x00000000c8b00000| Untracked 
| 140|0x00000000c8c00000, 0x00000000c8d00000, 0x00000000c8d00000|100%| O|  |TAMS 0x00000000c8c00000, 0x00000000c8c00000| Untracked 
| 141|0x00000000c8d00000, 0x00000000c8e00000, 0x00000000c8e00000|100%| O|  |TAMS 0x00000000c8d00000, 0x00000000c8d00000| Untracked 
| 142|0x00000000c8e00000, 0x00000000c8f00000, 0x00000000c8f00000|100%| O|  |TAMS 0x00000000c8e00000, 0x00000000c8e00000| Untracked 
| 143|0x00000000c8f00000, 0x00000000c9000000, 0x00000000c9000000|100%| O|  |TAMS 0x00000000c8f00000, 0x00000000c8f00000| Untracked 
| 144|0x00000000c9000000, 0x00000000c9100000, 0x00000000c9100000|100%| O|  |TAMS 0x00000000c9000000, 0x00000000c9000000| Untracked 
| 145|0x00000000c9100000, 0x00000000c9200000, 0x00000000c9200000|100%| O|  |TAMS 0x00000000c9100000, 0x00000000c9100000| Untracked 
| 146|0x00000000c9200000, 0x00000000c9300000, 0x00000000c9300000|100%| O|  |TAMS 0x00000000c9200000, 0x00000000c9200000| Untracked 
| 147|0x00000000c9300000, 0x00000000c9400000, 0x00000000c9400000|100%| O|  |TAMS 0x00000000c9300000, 0x00000000c9300000| Untracked 
| 148|0x00000000c9400000, 0x00000000c9500000, 0x00000000c9500000|100%| O|  |TAMS 0x00000000c9400000, 0x00000000c9400000| Untracked 
| 149|0x00000000c9500000, 0x00000000c9600000, 0x00000000c9600000|100%| O|  |TAMS 0x00000000c9500000, 0x00000000c9500000| Untracked 
| 150|0x00000000c9600000, 0x00000000c9700000, 0x00000000c9700000|100%|HS|  |TAMS 0x00000000c9600000, 0x00000000c9600000| Complete 
| 151|0x00000000c9700000, 0x00000000c9800000, 0x00000000c9800000|100%|HS|  |TAMS 0x00000000c9700000, 0x00000000c9700000| Complete 
| 152|0x00000000c9800000, 0x00000000c9900000, 0x00000000c9900000|100%| O|  |TAMS 0x00000000c9800000, 0x00000000c9800000| Untracked 
| 153|0x00000000c9900000, 0x00000000c9a00000, 0x00000000c9a00000|100%| O|  |TAMS 0x00000000c9900000, 0x00000000c9900000| Untracked 
| 154|0x00000000c9a00000, 0x00000000c9b00000, 0x00000000c9b00000|100%| O|  |TAMS 0x00000000c9a00000, 0x00000000c9a00000| Untracked 
| 155|0x00000000c9b00000, 0x00000000c9c00000, 0x00000000c9c00000|100%| O|  |TAMS 0x00000000c9b00000, 0x00000000c9b00000| Untracked 
| 156|0x00000000c9c00000, 0x00000000c9d00000, 0x00000000c9d00000|100%| O|  |TAMS 0x00000000c9c00000, 0x00000000c9c00000| Untracked 
| 157|0x00000000c9d00000, 0x00000000c9e00000, 0x00000000c9e00000|100%| O|  |TAMS 0x00000000c9d00000, 0x00000000c9d00000| Untracked 
| 158|0x00000000c9e00000, 0x00000000c9f00000, 0x00000000c9f00000|100%| O|  |TAMS 0x00000000c9e00000, 0x00000000c9e00000| Untracked 
| 159|0x00000000c9f00000, 0x00000000ca000000, 0x00000000ca000000|100%| O|  |TAMS 0x00000000c9f00000, 0x00000000c9f00000| Untracked 
| 160|0x00000000ca000000, 0x00000000ca100000, 0x00000000ca100000|100%| O|  |TAMS 0x00000000ca000000, 0x00000000ca000000| Untracked 
| 161|0x00000000ca100000, 0x00000000ca200000, 0x00000000ca200000|100%| O|  |TAMS 0x00000000ca100000, 0x00000000ca100000| Untracked 
| 162|0x00000000ca200000, 0x00000000ca300000, 0x00000000ca300000|100%| O|  |TAMS 0x00000000ca200000, 0x00000000ca200000| Untracked 
| 163|0x00000000ca300000, 0x00000000ca400000, 0x00000000ca400000|100%| O|  |TAMS 0x00000000ca300000, 0x00000000ca300000| Untracked 
| 164|0x00000000ca400000, 0x00000000ca500000, 0x00000000ca500000|100%| O|  |TAMS 0x00000000ca400000, 0x00000000ca400000| Untracked 
| 165|0x00000000ca500000, 0x00000000ca600000, 0x00000000ca600000|100%| O|  |TAMS 0x00000000ca500000, 0x00000000ca500000| Untracked 
| 166|0x00000000ca600000, 0x00000000ca700000, 0x00000000ca700000|100%| O|  |TAMS 0x00000000ca600000, 0x00000000ca600000| Untracked 
| 167|0x00000000ca700000, 0x00000000ca800000, 0x00000000ca800000|100%| O|  |TAMS 0x00000000ca700000, 0x00000000ca700000| Untracked 
| 168|0x00000000ca800000, 0x00000000ca900000, 0x00000000ca900000|100%| O|  |TAMS 0x00000000ca800000, 0x00000000ca800000| Untracked 
| 169|0x00000000ca900000, 0x00000000caa00000, 0x00000000caa00000|100%| O|  |TAMS 0x00000000ca900000, 0x00000000ca900000| Untracked 
| 170|0x00000000caa00000, 0x00000000cab00000, 0x00000000cab00000|100%| O|  |TAMS 0x00000000caa00000, 0x00000000caa00000| Untracked 
| 171|0x00000000cab00000, 0x00000000cac00000, 0x00000000cac00000|100%| O|  |TAMS 0x00000000cab00000, 0x00000000cab00000| Untracked 
| 172|0x00000000cac00000, 0x00000000cac25c00, 0x00000000cad00000| 14%| O|  |TAMS 0x00000000cac00000, 0x00000000cac00000| Untracked 
| 173|0x00000000cad00000, 0x00000000cad00000, 0x00000000cae00000|  0%| F|  |TAMS 0x00000000cad00000, 0x00000000cad00000| Untracked 
| 174|0x00000000cae00000, 0x00000000cae00000, 0x00000000caf00000|  0%| F|  |TAMS 0x00000000cae00000, 0x00000000cae00000| Untracked 
| 175|0x00000000caf00000, 0x00000000caf00000, 0x00000000cb000000|  0%| F|  |TAMS 0x00000000caf00000, 0x00000000caf00000| Untracked 
| 176|0x00000000cb000000, 0x00000000cb000000, 0x00000000cb100000|  0%| F|  |TAMS 0x00000000cb000000, 0x00000000cb000000| Untracked 
| 177|0x00000000cb100000, 0x00000000cb100000, 0x00000000cb200000|  0%| F|  |TAMS 0x00000000cb100000, 0x00000000cb100000| Untracked 
| 178|0x00000000cb200000, 0x00000000cb200000, 0x00000000cb300000|  0%| F|  |TAMS 0x00000000cb200000, 0x00000000cb200000| Untracked 
| 179|0x00000000cb300000, 0x00000000cb300000, 0x00000000cb400000|  0%| F|  |TAMS 0x00000000cb300000, 0x00000000cb300000| Untracked 
| 180|0x00000000cb400000, 0x00000000cb400000, 0x00000000cb500000|  0%| F|  |TAMS 0x00000000cb400000, 0x00000000cb400000| Untracked 
| 181|0x00000000cb500000, 0x00000000cb500000, 0x00000000cb600000|  0%| F|  |TAMS 0x00000000cb500000, 0x00000000cb500000| Untracked 
| 182|0x00000000cb600000, 0x00000000cb600000, 0x00000000cb700000|  0%| F|  |TAMS 0x00000000cb600000, 0x00000000cb600000| Untracked 
| 183|0x00000000cb700000, 0x00000000cb700000, 0x00000000cb800000|  0%| F|  |TAMS 0x00000000cb700000, 0x00000000cb700000| Untracked 
| 184|0x00000000cb800000, 0x00000000cb800000, 0x00000000cb900000|  0%| F|  |TAMS 0x00000000cb800000, 0x00000000cb800000| Untracked 
| 185|0x00000000cb900000, 0x00000000cb900000, 0x00000000cba00000|  0%| F|  |TAMS 0x00000000cb900000, 0x00000000cb900000| Untracked 
| 186|0x00000000cba00000, 0x00000000cba00000, 0x00000000cbb00000|  0%| F|  |TAMS 0x00000000cba00000, 0x00000000cba00000| Untracked 
| 187|0x00000000cbb00000, 0x00000000cbb00000, 0x00000000cbc00000|  0%| F|  |TAMS 0x00000000cbb00000, 0x00000000cbb00000| Untracked 
| 188|0x00000000cbc00000, 0x00000000cbc00000, 0x00000000cbd00000|  0%| F|  |TAMS 0x00000000cbc00000, 0x00000000cbc00000| Untracked 
| 189|0x00000000cbd00000, 0x00000000cbd00000, 0x00000000cbe00000|  0%| F|  |TAMS 0x00000000cbd00000, 0x00000000cbd00000| Untracked 
| 190|0x00000000cbe00000, 0x00000000cbe00000, 0x00000000cbf00000|  0%| F|  |TAMS 0x00000000cbe00000, 0x00000000cbe00000| Untracked 
| 191|0x00000000cbf00000, 0x00000000cbf00000, 0x00000000cc000000|  0%| F|  |TAMS 0x00000000cbf00000, 0x00000000cbf00000| Untracked 
| 192|0x00000000cc000000, 0x00000000cc000000, 0x00000000cc100000|  0%| F|  |TAMS 0x00000000cc000000, 0x00000000cc000000| Untracked 
| 193|0x00000000cc100000, 0x00000000cc100000, 0x00000000cc200000|  0%| F|  |TAMS 0x00000000cc100000, 0x00000000cc100000| Untracked 
| 194|0x00000000cc200000, 0x00000000cc200000, 0x00000000cc300000|  0%| F|  |TAMS 0x00000000cc200000, 0x00000000cc200000| Untracked 
| 195|0x00000000cc300000, 0x00000000cc300000, 0x00000000cc400000|  0%| F|  |TAMS 0x00000000cc300000, 0x00000000cc300000| Untracked 
| 196|0x00000000cc400000, 0x00000000cc400000, 0x00000000cc500000|  0%| F|  |TAMS 0x00000000cc400000, 0x00000000cc400000| Untracked 
| 197|0x00000000cc500000, 0x00000000cc500000, 0x00000000cc600000|  0%| F|  |TAMS 0x00000000cc500000, 0x00000000cc500000| Untracked 
| 198|0x00000000cc600000, 0x00000000cc600000, 0x00000000cc700000|  0%| F|  |TAMS 0x00000000cc600000, 0x00000000cc600000| Untracked 
| 199|0x00000000cc700000, 0x00000000cc700000, 0x00000000cc800000|  0%| F|  |TAMS 0x00000000cc700000, 0x00000000cc700000| Untracked 
| 200|0x00000000cc800000, 0x00000000cc800000, 0x00000000cc900000|  0%| F|  |TAMS 0x00000000cc800000, 0x00000000cc800000| Untracked 
| 201|0x00000000cc900000, 0x00000000cc900000, 0x00000000cca00000|  0%| F|  |TAMS 0x00000000cc900000, 0x00000000cc900000| Untracked 
| 202|0x00000000cca00000, 0x00000000cca00000, 0x00000000ccb00000|  0%| F|  |TAMS 0x00000000cca00000, 0x00000000cca00000| Untracked 
| 203|0x00000000ccb00000, 0x00000000ccb00000, 0x00000000ccc00000|  0%| F|  |TAMS 0x00000000ccb00000, 0x00000000ccb00000| Untracked 
| 204|0x00000000ccc00000, 0x00000000ccc00000, 0x00000000ccd00000|  0%| F|  |TAMS 0x00000000ccc00000, 0x00000000ccc00000| Untracked 
| 205|0x00000000ccd00000, 0x00000000ccd00000, 0x00000000cce00000|  0%| F|  |TAMS 0x00000000ccd00000, 0x00000000ccd00000| Untracked 
| 206|0x00000000cce00000, 0x00000000cce00000, 0x00000000ccf00000|  0%| F|  |TAMS 0x00000000cce00000, 0x00000000cce00000| Untracked 
| 207|0x00000000ccf00000, 0x00000000ccf00000, 0x00000000cd000000|  0%| F|  |TAMS 0x00000000ccf00000, 0x00000000ccf00000| Untracked 
| 208|0x00000000cd000000, 0x00000000cd000000, 0x00000000cd100000|  0%| F|  |TAMS 0x00000000cd000000, 0x00000000cd000000| Untracked 
| 209|0x00000000cd100000, 0x00000000cd100000, 0x00000000cd200000|  0%| F|  |TAMS 0x00000000cd100000, 0x00000000cd100000| Untracked 
| 210|0x00000000cd200000, 0x00000000cd200000, 0x00000000cd300000|  0%| F|  |TAMS 0x00000000cd200000, 0x00000000cd200000| Untracked 
| 211|0x00000000cd300000, 0x00000000cd300000, 0x00000000cd400000|  0%| F|  |TAMS 0x00000000cd300000, 0x00000000cd300000| Untracked 
| 212|0x00000000cd400000, 0x00000000cd400000, 0x00000000cd500000|  0%| F|  |TAMS 0x00000000cd400000, 0x00000000cd400000| Untracked 
| 213|0x00000000cd500000, 0x00000000cd500000, 0x00000000cd600000|  0%| F|  |TAMS 0x00000000cd500000, 0x00000000cd500000| Untracked 
| 214|0x00000000cd600000, 0x00000000cd600000, 0x00000000cd700000|  0%| F|  |TAMS 0x00000000cd600000, 0x00000000cd600000| Untracked 
| 215|0x00000000cd700000, 0x00000000cd700000, 0x00000000cd800000|  0%| F|  |TAMS 0x00000000cd700000, 0x00000000cd700000| Untracked 
| 216|0x00000000cd800000, 0x00000000cd800000, 0x00000000cd900000|  0%| F|  |TAMS 0x00000000cd800000, 0x00000000cd800000| Untracked 
| 217|0x00000000cd900000, 0x00000000cd900000, 0x00000000cda00000|  0%| F|  |TAMS 0x00000000cd900000, 0x00000000cd900000| Untracked 
| 218|0x00000000cda00000, 0x00000000cda00000, 0x00000000cdb00000|  0%| F|  |TAMS 0x00000000cda00000, 0x00000000cda00000| Untracked 
| 219|0x00000000cdb00000, 0x00000000cdb00000, 0x00000000cdc00000|  0%| F|  |TAMS 0x00000000cdb00000, 0x00000000cdb00000| Untracked 
| 220|0x00000000cdc00000, 0x00000000cdc00000, 0x00000000cdd00000|  0%| F|  |TAMS 0x00000000cdc00000, 0x00000000cdc00000| Untracked 
| 221|0x00000000cdd00000, 0x00000000cde00000, 0x00000000cde00000|100%| S|CS|TAMS 0x00000000cdd00000, 0x00000000cdd00000| Complete 
| 222|0x00000000cde00000, 0x00000000cdf00000, 0x00000000cdf00000|100%| S|CS|TAMS 0x00000000cde00000, 0x00000000cde00000| Complete 
| 223|0x00000000cdf00000, 0x00000000ce000000, 0x00000000ce000000|100%| S|CS|TAMS 0x00000000cdf00000, 0x00000000cdf00000| Complete 
| 224|0x00000000ce000000, 0x00000000ce100000, 0x00000000ce100000|100%| S|CS|TAMS 0x00000000ce000000, 0x00000000ce000000| Complete 
| 225|0x00000000ce100000, 0x00000000ce100000, 0x00000000ce200000|  0%| F|  |TAMS 0x00000000ce100000, 0x00000000ce100000| Untracked 
| 226|0x00000000ce200000, 0x00000000ce200000, 0x00000000ce300000|  0%| F|  |TAMS 0x00000000ce200000, 0x00000000ce200000| Untracked 
| 227|0x00000000ce300000, 0x00000000ce300000, 0x00000000ce400000|  0%| F|  |TAMS 0x00000000ce300000, 0x00000000ce300000| Untracked 
| 228|0x00000000ce400000, 0x00000000ce400000, 0x00000000ce500000|  0%| F|  |TAMS 0x00000000ce400000, 0x00000000ce400000| Untracked 
| 229|0x00000000ce500000, 0x00000000ce600000, 0x00000000ce600000|100%| S|CS|TAMS 0x00000000ce500000, 0x00000000ce500000| Complete 
| 230|0x00000000ce600000, 0x00000000ce700000, 0x00000000ce700000|100%| S|CS|TAMS 0x00000000ce600000, 0x00000000ce600000| Complete 
| 231|0x00000000ce700000, 0x00000000ce800000, 0x00000000ce800000|100%| S|CS|TAMS 0x00000000ce700000, 0x00000000ce700000| Complete 
| 232|0x00000000ce800000, 0x00000000ce800000, 0x00000000ce900000|  0%| F|  |TAMS 0x00000000ce800000, 0x00000000ce800000| Untracked 
| 233|0x00000000ce900000, 0x00000000ce900000, 0x00000000cea00000|  0%| F|  |TAMS 0x00000000ce900000, 0x00000000ce900000| Untracked 
| 234|0x00000000cea00000, 0x00000000cea00000, 0x00000000ceb00000|  0%| F|  |TAMS 0x00000000cea00000, 0x00000000cea00000| Untracked 
| 235|0x00000000ceb00000, 0x00000000ceb00000, 0x00000000cec00000|  0%| F|  |TAMS 0x00000000ceb00000, 0x00000000ceb00000| Untracked 
| 236|0x00000000cec00000, 0x00000000cec00000, 0x00000000ced00000|  0%| F|  |TAMS 0x00000000cec00000, 0x00000000cec00000| Untracked 
| 237|0x00000000ced00000, 0x00000000ced00000, 0x00000000cee00000|  0%| F|  |TAMS 0x00000000ced00000, 0x00000000ced00000| Untracked 
| 238|0x00000000cee00000, 0x00000000cee00000, 0x00000000cef00000|  0%| F|  |TAMS 0x00000000cee00000, 0x00000000cee00000| Untracked 
| 239|0x00000000cef00000, 0x00000000cef00000, 0x00000000cf000000|  0%| F|  |TAMS 0x00000000cef00000, 0x00000000cef00000| Untracked 
| 240|0x00000000cf000000, 0x00000000cf000000, 0x00000000cf100000|  0%| F|  |TAMS 0x00000000cf000000, 0x00000000cf000000| Untracked 
| 241|0x00000000cf100000, 0x00000000cf100000, 0x00000000cf200000|  0%| F|  |TAMS 0x00000000cf100000, 0x00000000cf100000| Untracked 
| 242|0x00000000cf200000, 0x00000000cf200000, 0x00000000cf300000|  0%| F|  |TAMS 0x00000000cf200000, 0x00000000cf200000| Untracked 
| 243|0x00000000cf300000, 0x00000000cf300000, 0x00000000cf400000|  0%| F|  |TAMS 0x00000000cf300000, 0x00000000cf300000| Untracked 
| 244|0x00000000cf400000, 0x00000000cf400000, 0x00000000cf500000|  0%| F|  |TAMS 0x00000000cf400000, 0x00000000cf400000| Untracked 
| 245|0x00000000cf500000, 0x00000000cf500000, 0x00000000cf600000|  0%| F|  |TAMS 0x00000000cf500000, 0x00000000cf500000| Untracked 
| 246|0x00000000cf600000, 0x00000000cf600000, 0x00000000cf700000|  0%| F|  |TAMS 0x00000000cf600000, 0x00000000cf600000| Untracked 
| 247|0x00000000cf700000, 0x00000000cf700000, 0x00000000cf800000|  0%| F|  |TAMS 0x00000000cf700000, 0x00000000cf700000| Untracked 
| 248|0x00000000cf800000, 0x00000000cf800000, 0x00000000cf900000|  0%| F|  |TAMS 0x00000000cf800000, 0x00000000cf800000| Untracked 
| 249|0x00000000cf900000, 0x00000000cf900000, 0x00000000cfa00000|  0%| F|  |TAMS 0x00000000cf900000, 0x00000000cf900000| Untracked 
| 250|0x00000000cfa00000, 0x00000000cfa00000, 0x00000000cfb00000|  0%| F|  |TAMS 0x00000000cfa00000, 0x00000000cfa00000| Untracked 
| 251|0x00000000cfb00000, 0x00000000cfb00000, 0x00000000cfc00000|  0%| F|  |TAMS 0x00000000cfb00000, 0x00000000cfb00000| Untracked 
| 252|0x00000000cfc00000, 0x00000000cfc00000, 0x00000000cfd00000|  0%| F|  |TAMS 0x00000000cfc00000, 0x00000000cfc00000| Untracked 
| 253|0x00000000cfd00000, 0x00000000cfd00000, 0x00000000cfe00000|  0%| F|  |TAMS 0x00000000cfd00000, 0x00000000cfd00000| Untracked 
| 254|0x00000000cfe00000, 0x00000000cfe00000, 0x00000000cff00000|  0%| F|  |TAMS 0x00000000cfe00000, 0x00000000cfe00000| Untracked 
| 255|0x00000000cff00000, 0x00000000cff00000, 0x00000000d0000000|  0%| F|  |TAMS 0x00000000cff00000, 0x00000000cff00000| Untracked 
| 256|0x00000000d0000000, 0x00000000d0000000, 0x00000000d0100000|  0%| F|  |TAMS 0x00000000d0000000, 0x00000000d0000000| Untracked 
| 257|0x00000000d0100000, 0x00000000d0100000, 0x00000000d0200000|  0%| F|  |TAMS 0x00000000d0100000, 0x00000000d0100000| Untracked 
| 258|0x00000000d0200000, 0x00000000d0200000, 0x00000000d0300000|  0%| F|  |TAMS 0x00000000d0200000, 0x00000000d0200000| Untracked 
| 259|0x00000000d0300000, 0x00000000d0300000, 0x00000000d0400000|  0%| F|  |TAMS 0x00000000d0300000, 0x00000000d0300000| Untracked 
| 260|0x00000000d0400000, 0x00000000d0400000, 0x00000000d0500000|  0%| F|  |TAMS 0x00000000d0400000, 0x00000000d0400000| Untracked 
| 261|0x00000000d0500000, 0x00000000d0500000, 0x00000000d0600000|  0%| F|  |TAMS 0x00000000d0500000, 0x00000000d0500000| Untracked 
| 262|0x00000000d0600000, 0x00000000d0600000, 0x00000000d0700000|  0%| F|  |TAMS 0x00000000d0600000, 0x00000000d0600000| Untracked 
| 263|0x00000000d0700000, 0x00000000d0700000, 0x00000000d0800000|  0%| F|  |TAMS 0x00000000d0700000, 0x00000000d0700000| Untracked 
| 264|0x00000000d0800000, 0x00000000d0800000, 0x00000000d0900000|  0%| F|  |TAMS 0x00000000d0800000, 0x00000000d0800000| Untracked 
| 265|0x00000000d0900000, 0x00000000d0900000, 0x00000000d0a00000|  0%| F|  |TAMS 0x00000000d0900000, 0x00000000d0900000| Untracked 
| 266|0x00000000d0a00000, 0x00000000d0a00000, 0x00000000d0b00000|  0%| F|  |TAMS 0x00000000d0a00000, 0x00000000d0a00000| Untracked 
| 267|0x00000000d0b00000, 0x00000000d0b00000, 0x00000000d0c00000|  0%| F|  |TAMS 0x00000000d0b00000, 0x00000000d0b00000| Untracked 
| 268|0x00000000d0c00000, 0x00000000d0c00000, 0x00000000d0d00000|  0%| F|  |TAMS 0x00000000d0c00000, 0x00000000d0c00000| Untracked 
| 269|0x00000000d0d00000, 0x00000000d0d00000, 0x00000000d0e00000|  0%| F|  |TAMS 0x00000000d0d00000, 0x00000000d0d00000| Untracked 
| 270|0x00000000d0e00000, 0x00000000d0e00000, 0x00000000d0f00000|  0%| F|  |TAMS 0x00000000d0e00000, 0x00000000d0e00000| Untracked 
| 271|0x00000000d0f00000, 0x00000000d0f00000, 0x00000000d1000000|  0%| F|  |TAMS 0x00000000d0f00000, 0x00000000d0f00000| Untracked 
| 272|0x00000000d1000000, 0x00000000d1000000, 0x00000000d1100000|  0%| F|  |TAMS 0x00000000d1000000, 0x00000000d1000000| Untracked 
| 273|0x00000000d1100000, 0x00000000d1100000, 0x00000000d1200000|  0%| F|  |TAMS 0x00000000d1100000, 0x00000000d1100000| Untracked 
| 274|0x00000000d1200000, 0x00000000d1200000, 0x00000000d1300000|  0%| F|  |TAMS 0x00000000d1200000, 0x00000000d1200000| Untracked 
| 275|0x00000000d1300000, 0x00000000d1300000, 0x00000000d1400000|  0%| F|  |TAMS 0x00000000d1300000, 0x00000000d1300000| Untracked 
| 276|0x00000000d1400000, 0x00000000d1400000, 0x00000000d1500000|  0%| F|  |TAMS 0x00000000d1400000, 0x00000000d1400000| Untracked 
| 277|0x00000000d1500000, 0x00000000d1500000, 0x00000000d1600000|  0%| F|  |TAMS 0x00000000d1500000, 0x00000000d1500000| Untracked 
| 278|0x00000000d1600000, 0x00000000d1600000, 0x00000000d1700000|  0%| F|  |TAMS 0x00000000d1600000, 0x00000000d1600000| Untracked 
| 279|0x00000000d1700000, 0x00000000d1700000, 0x00000000d1800000|  0%| F|  |TAMS 0x00000000d1700000, 0x00000000d1700000| Untracked 
|1010|0x00000000ff200000, 0x00000000ff300000, 0x00000000ff300000|100%| O|  |TAMS 0x00000000ff270400, 0x00000000ff200000| Untracked 
|1011|0x00000000ff300000, 0x00000000ff400000, 0x00000000ff400000|100%| O|  |TAMS 0x00000000ff400000, 0x00000000ff300000| Untracked 
|1012|0x00000000ff400000, 0x00000000ff500000, 0x00000000ff500000|100%| O|  |TAMS 0x00000000ff500000, 0x00000000ff400000| Untracked 
|1013|0x00000000ff500000, 0x00000000ff600000, 0x00000000ff600000|100%| O|  |TAMS 0x00000000ff600000, 0x00000000ff500000| Untracked 
|1014|0x00000000ff600000, 0x00000000ff700000, 0x00000000ff700000|100%| O|  |TAMS 0x00000000ff700000, 0x00000000ff600000| Untracked 
|1015|0x00000000ff700000, 0x00000000ff800000, 0x00000000ff800000|100%| O|  |TAMS 0x00000000ff800000, 0x00000000ff700000| Untracked 
|1016|0x00000000ff800000, 0x00000000ff900000, 0x00000000ff900000|100%| O|  |TAMS 0x00000000ff900000, 0x00000000ff800000| Untracked 
|1017|0x00000000ff900000, 0x00000000ffa00000, 0x00000000ffa00000|100%| O|  |TAMS 0x00000000ffa00000, 0x00000000ff900000| Untracked 
|1018|0x00000000ffa00000, 0x00000000ffb00000, 0x00000000ffb00000|100%| O|  |TAMS 0x00000000ffb00000, 0x00000000ffa00000| Untracked 
|1019|0x00000000ffb00000, 0x00000000ffc00000, 0x00000000ffc00000|100%| O|  |TAMS 0x00000000ffc00000, 0x00000000ffb00000| Untracked 
|1020|0x00000000ffc00000, 0x00000000ffd00000, 0x00000000ffd00000|100%| O|  |TAMS 0x00000000ffd00000, 0x00000000ffc00000| Untracked 
|1021|0x00000000ffd00000, 0x00000000ffe00000, 0x00000000ffe00000|100%| O|  |TAMS 0x00000000ffe00000, 0x00000000ffd00000| Untracked 
|1022|0x00000000ffe00000, 0x00000000fff00000, 0x00000000fff00000|100%| O|  |TAMS 0x00000000fff00000, 0x00000000ffe00000| Untracked 
|1023|0x00000000fff00000, 0x0000000100000000, 0x0000000100000000|100%| O|  |TAMS 0x0000000100000000, 0x00000000fff00000| Untracked 

Card table byte_map: [0x0000027bcfca0000,0x0000027bcfea0000] _byte_map_base: 0x0000027bcf6a0000

Marking Bits (Prev, Next): (CMBitMap*) 0x0000027bb6d29a10, (CMBitMap*) 0x0000027bb6d29a50
 Prev Bits: [0x0000027bd00a0000, 0x0000027bd10a0000)
 Next Bits: [0x0000027bd10a0000, 0x0000027bd20a0000)

Polling page: 0x0000027bbfff0000

Metaspace:

Usage:
  Non-class:     41.55 MB used.
      Class:      6.75 MB used.
       Both:     48.31 MB used.

Virtual space:
  Non-class space:       64.00 MB reserved,      41.88 MB ( 65%) committed,  1 nodes.
      Class space:        1.00 GB reserved,       7.00 MB ( <1%) committed,  1 nodes.
             Both:        1.06 GB reserved,      48.88 MB (  4%) committed. 

Chunk freelists:
   Non-Class:  5.98 MB
       Class:  9.01 MB
        Both:  14.98 MB

MaxMetaspaceSize: unlimited
CompressedClassSpaceSize: 1.00 GB
Initial GC threshold: 21.00 MB
Current GC threshold: 81.06 MB
CDS: on
MetaspaceReclaimPolicy: balanced
 - commit_granule_bytes: 65536.
 - commit_granule_words: 8192.
 - virtual_space_node_default_size: 8388608.
 - enlarge_chunks_in_place: 1.
 - new_chunks_are_fully_committed: 0.
 - uncommit_free_chunks: 1.
 - use_allocation_guard: 0.
 - handle_deallocations: 1.


Internal statistics:

num_allocs_failed_limit: 3.
num_arena_births: 650.
num_arena_deaths: 4.
num_vsnodes_births: 2.
num_vsnodes_deaths: 0.
num_space_committed: 782.
num_space_uncommitted: 0.
num_chunks_returned_to_freelist: 10.
num_chunks_taken_from_freelist: 2654.
num_chunk_merges: 3.
num_chunk_splits: 1713.
num_chunks_enlarged: 1154.
num_inconsistent_stats: 0.

CodeHeap 'non-profiled nmethods': size=120000Kb used=5015Kb max_used=6082Kb free=114984Kb
 bounds [0x0000027bc7ae0000, 0x0000027bc80e0000, 0x0000027bcf010000]
CodeHeap 'profiled nmethods': size=120000Kb used=11546Kb max_used=12841Kb free=108453Kb
 bounds [0x0000027bc0010000, 0x0000027bc0ca0000, 0x0000027bc7540000]
CodeHeap 'non-nmethods': size=5760Kb used=2334Kb max_used=2463Kb free=3425Kb
 bounds [0x0000027bc7540000, 0x0000027bc77c0000, 0x0000027bc7ae0000]
 total_blobs=7435 nmethods=6593 adapters=753
 compilation: enabled
              stopped_count=0, restarted_count=0
 full_count=0

Compilation events (20 events):
Event: 21.855 Thread 0x0000027bd4b53990 8688       2       java.util.concurrent.locks.AbstractQueuedSynchronizer::enqueue (60 bytes)
Event: 21.856 Thread 0x0000027bd4b53990 nmethod 8688 0x0000027bc0805f10 code [0x0000027bc08060e0, 0x0000027bc0806398]
Event: 21.860 Thread 0x0000027bd4b53990 8689       2       org.gradle.internal.execution.steps.BuildOperationStep$1::<init> (20 bytes)
Event: 21.860 Thread 0x0000027bd4b53990 nmethod 8689 0x0000027bc0a3f610 code [0x0000027bc0a3f7a0, 0x0000027bc0a3f9b8]
Event: 21.860 Thread 0x0000027bd4b53990 8690       2       org.gradle.internal.execution.steps.BuildOperationStep$1::call (11 bytes)
Event: 21.860 Thread 0x0000027bd4b53990 nmethod 8690 0x0000027bc0a3f290 code [0x0000027bc0a3f420, 0x0000027bc0a3f548]
Event: 21.860 Thread 0x0000027bd4b53990 8691       2       org.gradle.internal.snapshot.AbstractFileSystemLocationSnapshot::getSnapshot (5 bytes)
Event: 21.861 Thread 0x0000027bd4b53990 nmethod 8691 0x0000027bc0bc2590 code [0x0000027bc0bc2720, 0x0000027bc0bc28d8]
Event: 21.861 Thread 0x0000027bd4b53990 8692       2       java.util.ArrayDeque$DeqSpliterator::estimateSize (21 bytes)
Event: 21.861 Thread 0x0000027bd4b53990 nmethod 8692 0x0000027bc0bc2190 code [0x0000027bc0bc2320, 0x0000027bc0bc2478]
Event: 21.861 Thread 0x0000027bd4b53990 8693       2       com.google.common.collect.Iterables::toArray (13 bytes)
Event: 21.862 Thread 0x0000027bd4b53990 nmethod 8693 0x0000027bc0206a10 code [0x0000027bc0206be0, 0x0000027bc0206ee8]
Event: 21.862 Thread 0x0000027bd4b53990 8694       2       org.gradle.internal.execution.steps.PreviousExecutionContext::<init> (17 bytes)
Event: 21.862 Thread 0x0000027bd4b53990 nmethod 8694 0x0000027bc0206390 code [0x0000027bc0206540, 0x0000027bc0206848]
Event: 21.862 Thread 0x0000027bd4b53990 8695       2       org.gradle.internal.execution.steps.BeforeExecutionContext::<init> (11 bytes)
Event: 21.863 Thread 0x0000027bd4b53990 nmethod 8695 0x0000027bc04f4410 code [0x0000027bc04f45c0, 0x0000027bc04f4928]
Event: 21.864 Thread 0x0000027bd4b53990 8696       2       org.gradle.cache.Cache::get (14 bytes)
Event: 21.865 Thread 0x0000027bd4b53990 nmethod 8696 0x0000027bc04f3e10 code [0x0000027bc04f3fc0, 0x0000027bc04f41b8]
Event: 21.881 Thread 0x0000027bd4b53990 8697       1       org.gradle.internal.logging.events.ProgressStartEvent::getBuildOperationId (5 bytes)
Event: 21.881 Thread 0x0000027bd4b53990 nmethod 8697 0x0000027bc8008810 code [0x0000027bc80089a0, 0x0000027bc8008a78]

GC Heap History (20 events):
Event: 20.196 GC heap after
{Heap after GC invocations=59 (full 0):
 garbage-first heap   total 167936K, used 88255K [0x00000000c0000000, 0x0000000100000000)
  region size 1024K, 6 young (6144K), 6 survivors (6144K)
 Metaspace       used 49105K, committed 49664K, reserved 1114112K
  class space    used 6913K, committed 7168K, reserved 1048576K
}
Event: 20.373 GC heap before
{Heap before GC invocations=59 (full 0):
 garbage-first heap   total 167936K, used 142527K [0x00000000c0000000, 0x0000000100000000)
  region size 1024K, 59 young (60416K), 6 survivors (6144K)
 Metaspace       used 49108K, committed 49664K, reserved 1114112K
  class space    used 6913K, committed 7168K, reserved 1048576K
}
Event: 20.378 GC heap after
{Heap after GC invocations=60 (full 0):
 garbage-first heap   total 167936K, used 87892K [0x00000000c0000000, 0x0000000100000000)
  region size 1024K, 8 young (8192K), 8 survivors (8192K)
 Metaspace       used 49108K, committed 49664K, reserved 1114112K
  class space    used 6913K, committed 7168K, reserved 1048576K
}
Event: 20.770 GC heap before
{Heap before GC invocations=60 (full 0):
 garbage-first heap   total 167936K, used 142164K [0x00000000c0000000, 0x0000000100000000)
  region size 1024K, 58 young (59392K), 8 survivors (8192K)
 Metaspace       used 49234K, committed 49792K, reserved 1114112K
  class space    used 6920K, committed 7168K, reserved 1048576K
}
Event: 20.798 GC heap after
{Heap after GC invocations=61 (full 0):
 garbage-first heap   total 180224K, used 120257K [0x00000000c0000000, 0x0000000100000000)
  region size 1024K, 8 young (8192K), 8 survivors (8192K)
 Metaspace       used 49234K, committed 49792K, reserved 1114112K
  class space    used 6920K, committed 7168K, reserved 1048576K
}
Event: 20.933 GC heap before
{Heap before GC invocations=61 (full 0):
 garbage-first heap   total 180224K, used 142785K [0x00000000c0000000, 0x0000000100000000)
  region size 1024K, 31 young (31744K), 8 survivors (8192K)
 Metaspace       used 49238K, committed 49792K, reserved 1114112K
  class space    used 6920K, committed 7168K, reserved 1048576K
}
Event: 20.949 GC heap after
{Heap after GC invocations=62 (full 0):
 garbage-first heap   total 180224K, used 132096K [0x00000000c0000000, 0x0000000100000000)
  region size 1024K, 4 young (4096K), 4 survivors (4096K)
 Metaspace       used 49238K, committed 49792K, reserved 1114112K
  class space    used 6920K, committed 7168K, reserved 1048576K
}
Event: 21.039 GC heap before
{Heap before GC invocations=62 (full 0):
 garbage-first heap   total 180224K, used 147455K [0x00000000c0000000, 0x0000000100000000)
  region size 1024K, 19 young (19456K), 4 survivors (4096K)
 Metaspace       used 49239K, committed 49792K, reserved 1114112K
  class space    used 6920K, committed 7168K, reserved 1048576K
}
Event: 21.051 GC heap after
{Heap after GC invocations=63 (full 0):
 garbage-first heap   total 180224K, used 140684K [0x00000000c0000000, 0x0000000100000000)
  region size 1024K, 3 young (3072K), 3 survivors (3072K)
 Metaspace       used 49239K, committed 49792K, reserved 1114112K
  class space    used 6920K, committed 7168K, reserved 1048576K
}
Event: 21.094 GC heap before
{Heap before GC invocations=63 (full 0):
 garbage-first heap   total 180224K, used 149900K [0x00000000c0000000, 0x0000000100000000)
  region size 1024K, 12 young (12288K), 3 survivors (3072K)
 Metaspace       used 49245K, committed 49792K, reserved 1114112K
  class space    used 6920K, committed 7168K, reserved 1048576K
}
Event: 21.102 GC heap after
{Heap after GC invocations=64 (full 0):
 garbage-first heap   total 301056K, used 145408K [0x00000000c0000000, 0x0000000100000000)
  region size 1024K, 2 young (2048K), 2 survivors (2048K)
 Metaspace       used 49245K, committed 49792K, reserved 1114112K
  class space    used 6920K, committed 7168K, reserved 1048576K
}
Event: 21.401 GC heap before
{Heap before GC invocations=65 (full 0):
 garbage-first heap   total 301056K, used 206848K [0x00000000c0000000, 0x0000000100000000)
  region size 1024K, 65 young (66560K), 2 survivors (2048K)
 Metaspace       used 49287K, committed 49856K, reserved 1114112K
  class space    used 6913K, committed 7168K, reserved 1048576K
}
Event: 21.427 GC heap after
{Heap after GC invocations=66 (full 0):
 garbage-first heap   total 301056K, used 163714K [0x00000000c0000000, 0x0000000100000000)
  region size 1024K, 9 young (9216K), 9 survivors (9216K)
 Metaspace       used 49287K, committed 49856K, reserved 1114112K
  class space    used 6913K, committed 7168K, reserved 1048576K
}
Event: 21.443 GC heap before
{Heap before GC invocations=66 (full 0):
 garbage-first heap   total 301056K, used 168834K [0x00000000c0000000, 0x0000000100000000)
  region size 1024K, 14 young (14336K), 9 survivors (9216K)
 Metaspace       used 49291K, committed 49856K, reserved 1114112K
  class space    used 6913K, committed 7168K, reserved 1048576K
}
Event: 21.456 GC heap after
{Heap after GC invocations=67 (full 0):
 garbage-first heap   total 301056K, used 165661K [0x00000000c0000000, 0x0000000100000000)
  region size 1024K, 2 young (2048K), 2 survivors (2048K)
 Metaspace       used 49291K, committed 49856K, reserved 1114112K
  class space    used 6913K, committed 7168K, reserved 1048576K
}
Event: 21.597 GC heap before
{Heap before GC invocations=67 (full 0):
 garbage-first heap   total 301056K, used 219933K [0x00000000c0000000, 0x0000000100000000)
  region size 1024K, 55 young (56320K), 2 survivors (2048K)
 Metaspace       used 49363K, committed 49984K, reserved 1114112K
  class space    used 6913K, committed 7168K, reserved 1048576K
}
Event: 21.607 GC heap after
{Heap after GC invocations=68 (full 0):
 garbage-first heap   total 301056K, used 174769K [0x00000000c0000000, 0x0000000100000000)
  region size 1024K, 7 young (7168K), 7 survivors (7168K)
 Metaspace       used 49363K, committed 49984K, reserved 1114112K
  class space    used 6913K, committed 7168K, reserved 1048576K
}
Event: 21.715 GC heap before
{Heap before GC invocations=68 (full 0):
 garbage-first heap   total 301056K, used 228017K [0x00000000c0000000, 0x0000000100000000)
  region size 1024K, 58 young (59392K), 7 survivors (7168K)
 Metaspace       used 49414K, committed 49984K, reserved 1114112K
  class space    used 6913K, committed 7168K, reserved 1048576K
}
Event: 21.731 GC heap after
{Heap after GC invocations=69 (full 0):
 garbage-first heap   total 301056K, used 185669K [0x00000000c0000000, 0x0000000100000000)
  region size 1024K, 8 young (8192K), 8 survivors (8192K)
 Metaspace       used 49414K, committed 49984K, reserved 1114112K
  class space    used 6913K, committed 7168K, reserved 1048576K
}
Event: 21.883 GC heap before
{Heap before GC invocations=69 (full 0):
 garbage-first heap   total 301056K, used 233797K [0x00000000c0000000, 0x0000000100000000)
  region size 1024K, 56 young (57344K), 8 survivors (8192K)
 Metaspace       used 49466K, committed 50048K, reserved 1114112K
  class space    used 6915K, committed 7168K, reserved 1048576K
}

Dll operation events (15 events):
Event: 0.014 Loaded shared library C:\Program Files\Eclipse Adoptium\jdk-17.0.15.6-hotspot\bin\java.dll
Event: 0.039 Loaded shared library C:\Program Files\Eclipse Adoptium\jdk-17.0.15.6-hotspot\bin\jsvml.dll
Event: 0.110 Loaded shared library C:\Program Files\Eclipse Adoptium\jdk-17.0.15.6-hotspot\bin\zip.dll
Event: 0.115 Loaded shared library C:\Program Files\Eclipse Adoptium\jdk-17.0.15.6-hotspot\bin\instrument.dll
Event: 0.122 Loaded shared library C:\Program Files\Eclipse Adoptium\jdk-17.0.15.6-hotspot\bin\net.dll
Event: 0.124 Loaded shared library C:\Program Files\Eclipse Adoptium\jdk-17.0.15.6-hotspot\bin\nio.dll
Event: 0.127 Loaded shared library C:\Program Files\Eclipse Adoptium\jdk-17.0.15.6-hotspot\bin\zip.dll
Event: 0.483 Loaded shared library C:\Program Files\Eclipse Adoptium\jdk-17.0.15.6-hotspot\bin\jimage.dll
Event: 0.758 Loaded shared library C:\Program Files\Eclipse Adoptium\jdk-17.0.15.6-hotspot\bin\verify.dll
Event: 0.983 Loaded shared library C:\Users\Admin\.gradle\native\c067742578af261105cb4f569cf0c3c89f3d7b1fecec35dd04571415982c5e48\windows-amd64\native-platform.dll
Event: 0.990 Loaded shared library C:\Users\Admin\.gradle\native\100fb08df4bc3b14c8652ba06237920a3bd2aa13389f12d3474272988ae205f9\windows-amd64\native-platform-file-events.dll
Event: 2.594 Loaded shared library C:\Program Files\Eclipse Adoptium\jdk-17.0.15.6-hotspot\bin\management.dll
Event: 2.598 Loaded shared library C:\Program Files\Eclipse Adoptium\jdk-17.0.15.6-hotspot\bin\management_ext.dll
Event: 2.893 Loaded shared library C:\Program Files\Eclipse Adoptium\jdk-17.0.15.6-hotspot\bin\extnet.dll
Event: 3.304 Loaded shared library C:\Program Files\Eclipse Adoptium\jdk-17.0.15.6-hotspot\bin\sunmscapi.dll

Deoptimization events (20 events):
Event: 21.619 Thread 0x0000027c1a0df460 DEOPT PACKING pc=0x0000027bc805a714 sp=0x000000c3e00fa710
Event: 21.619 Thread 0x0000027c1a0df460 DEOPT UNPACKING pc=0x0000027bc75969a3 sp=0x000000c3e00fa6c8 mode 2
Event: 21.620 Thread 0x0000027c1a0df460 Uncommon trap: trap_request=0xffffffde fr.pc=0x0000027bc805a714 relative=0x0000000000000254
Event: 21.620 Thread 0x0000027c1a0df460 Uncommon trap: reason=class_check action=maybe_recompile pc=0x0000027bc805a714 method=org.gradle.api.internal.file.archive.impl.AbstractZipEntry$1.apply(Ljava/lang/Object;)Ljava/lang/Object; @ 2 c2
Event: 21.620 Thread 0x0000027c1a0df460 DEOPT PACKING pc=0x0000027bc805a714 sp=0x000000c3e00fa710
Event: 21.620 Thread 0x0000027c1a0df460 DEOPT UNPACKING pc=0x0000027bc75969a3 sp=0x000000c3e00fa6c8 mode 2
Event: 21.621 Thread 0x0000027c1a0df460 Uncommon trap: trap_request=0xffffffde fr.pc=0x0000027bc805a714 relative=0x0000000000000254
Event: 21.621 Thread 0x0000027c1a0df460 Uncommon trap: reason=class_check action=maybe_recompile pc=0x0000027bc805a714 method=org.gradle.api.internal.file.archive.impl.AbstractZipEntry$1.apply(Ljava/lang/Object;)Ljava/lang/Object; @ 2 c2
Event: 21.621 Thread 0x0000027c1a0df460 DEOPT PACKING pc=0x0000027bc805a714 sp=0x000000c3e00fa710
Event: 21.621 Thread 0x0000027c1a0df460 DEOPT UNPACKING pc=0x0000027bc75969a3 sp=0x000000c3e00fa6c8 mode 2
Event: 21.657 Thread 0x0000027c1b125da0 DEOPT PACKING pc=0x0000027bc04f3894 sp=0x000000c3dd3f40a0
Event: 21.657 Thread 0x0000027c1b125da0 DEOPT UNPACKING pc=0x0000027bc7597143 sp=0x000000c3dd3f3538 mode 0
Event: 21.684 Thread 0x0000027c1c463e40 DEOPT PACKING pc=0x0000027bc0bb495d sp=0x000000c3e03faf70
Event: 21.684 Thread 0x0000027c1c463e40 DEOPT UNPACKING pc=0x0000027bc7597143 sp=0x000000c3e03fa4c0 mode 0
Event: 21.782 Thread 0x0000027c1a0df460 DEOPT PACKING pc=0x0000027bc03d0dfc sp=0x000000c3e00fbe80
Event: 21.782 Thread 0x0000027c1a0df460 DEOPT UNPACKING pc=0x0000027bc7597143 sp=0x000000c3e00fb400 mode 0
Event: 21.809 Thread 0x0000027c1a0ddb10 DEOPT PACKING pc=0x0000027bc04f3894 sp=0x000000c3e02fac20
Event: 21.809 Thread 0x0000027c1a0ddb10 DEOPT UNPACKING pc=0x0000027bc7597143 sp=0x000000c3e02fa0b8 mode 0
Event: 21.847 Thread 0x0000027c1c2a36f0 DEOPT PACKING pc=0x0000027bc0c40201 sp=0x000000c3dfefb240
Event: 21.847 Thread 0x0000027c1c2a36f0 DEOPT UNPACKING pc=0x0000027bc7597143 sp=0x000000c3dfefa750 mode 0

Classes loaded (20 events):
Event: 17.949 Loading class java/util/AbstractList$ListItr
Event: 17.949 Loading class java/util/AbstractList$ListItr done
Event: 18.005 Loading class jdk/internal/vm/annotation/Stable
Event: 18.005 Loading class jdk/internal/vm/annotation/Stable done
Event: 18.005 Loading class sun/reflect/generics/repository/FieldRepository
Event: 18.006 Loading class sun/reflect/generics/repository/FieldRepository done
Event: 18.008 Loading class jdk/internal/vm/annotation/ForceInline
Event: 18.008 Loading class jdk/internal/vm/annotation/ForceInline done
Event: 18.033 Loading class java/lang/NegativeArraySizeException
Event: 18.033 Loading class java/lang/NegativeArraySizeException done
Event: 18.102 Loading class java/security/PermissionsEnumerator
Event: 18.103 Loading class java/security/PermissionsEnumerator done
Event: 18.115 Loading class java/util/stream/ReduceOps$5
Event: 18.115 Loading class java/util/stream/ReduceOps$5 done
Event: 18.115 Loading class java/util/stream/ReduceOps$CountingSink$OfRef
Event: 18.115 Loading class java/util/stream/ReduceOps$CountingSink$OfRef done
Event: 18.168 Loading class java/io/CharArrayWriter
Event: 18.169 Loading class java/io/CharArrayWriter done
Event: 18.225 Loading class sun/misc/SharedSecrets
Event: 18.225 Loading class sun/misc/SharedSecrets done

Classes unloaded (6 events):
Event: 21.105 Thread 0x0000027bd4b22b10 Unloading class 0x0000027bd66f8918 '_BuildScript_$_run_closure1$_closure2'
Event: 21.105 Thread 0x0000027bd4b22b10 Unloading class 0x0000027bd66f8530 '_BuildScript_$_run_closure1'
Event: 21.105 Thread 0x0000027bd4b22b10 Unloading class 0x0000027bd66f8000 '_BuildScript_'
Event: 21.105 Thread 0x0000027bd4b22b10 Unloading class 0x0000027bd66e43e8 '_BuildScript_$_run_closure2'
Event: 21.105 Thread 0x0000027bd4b22b10 Unloading class 0x0000027bd66e4000 '_BuildScript_$_run_closure1'
Event: 21.105 Thread 0x0000027bd4b22b10 Unloading class 0x0000027bd66d8800 '_BuildScript_'

Classes redefined (0 events):
No events

Internal exceptions (20 events):
Event: 18.945 Thread 0x0000027c1b1262b0 Exception <a 'sun/nio/fs/WindowsException'{0x00000000c772e220}> (0x00000000c772e220) 
thrown [s\src\hotspot\share\prims\jni.cpp, line 516]
Event: 18.947 Thread 0x0000027c1b1262b0 Exception <a 'sun/nio/fs/WindowsException'{0x00000000c773dca8}> (0x00000000c773dca8) 
thrown [s\src\hotspot\share\prims\jni.cpp, line 516]
Event: 18.950 Thread 0x0000027c1b1262b0 Exception <a 'sun/nio/fs/WindowsException'{0x00000000c7749e30}> (0x00000000c7749e30) 
thrown [s\src\hotspot\share\prims\jni.cpp, line 516]
Event: 18.961 Thread 0x0000027c1b125da0 Exception <a 'java/lang/ClassNotFoundException'{0x00000000c7779258}: ijInit1_cc45vyagw77osorhnet0yrg9qBeanInfo> (0x00000000c7779258) 
thrown [s\src\hotspot\share\classfile\systemDictionary.cpp, line 256]
Event: 18.962 Thread 0x0000027c1b125da0 Exception <a 'java/lang/ClassNotFoundException'{0x00000000c7780480}: ijInit1_cc45vyagw77osorhnet0yrg9qCustomizer> (0x00000000c7780480) 
thrown [s\src\hotspot\share\classfile\systemDictionary.cpp, line 256]
Event: 18.973 Thread 0x0000027c1b125da0 Exception <a 'java/lang/ClassNotFoundException'{0x00000000c77c40f8}: ijInit1_cc45vyagw77osorhnet0yrg9q$_run_closure1BeanInfo> (0x00000000c77c40f8) 
thrown [s\src\hotspot\share\classfile\systemDictionary.cpp, line 256]
Event: 18.973 Thread 0x0000027c1b125da0 Exception <a 'java/lang/ClassNotFoundException'{0x00000000c77cb738}: ijInit1_cc45vyagw77osorhnet0yrg9q$_run_closure1Customizer> (0x00000000c77cb738) 
thrown [s\src\hotspot\share\classfile\systemDictionary.cpp, line 256]
Event: 21.305 Thread 0x0000027c1c2a36f0 Exception <a 'sun/nio/fs/WindowsException'{0x00000000cf514720}> (0x00000000cf514720) 
thrown [s\src\hotspot\share\prims\jni.cpp, line 516]
Event: 21.340 Thread 0x0000027c1c2a3c00 Exception <a 'sun/nio/fs/WindowsException'{0x00000000ceb53d40}> (0x00000000ceb53d40) 
thrown [s\src\hotspot\share\prims\jni.cpp, line 516]
Event: 21.381 Thread 0x0000027c1a0ddb10 Exception <a 'sun/nio/fs/WindowsException'{0x00000000cf153d98}> (0x00000000cf153d98) 
thrown [s\src\hotspot\share\prims\jni.cpp, line 516]
Event: 21.493 Thread 0x0000027c1c2a36f0 Exception <a 'sun/nio/fs/WindowsException'{0x00000000d0a40548}> (0x00000000d0a40548) 
thrown [s\src\hotspot\share\prims\jni.cpp, line 516]
Event: 21.518 Thread 0x0000027c1c463e40 Exception <a 'sun/nio/fs/WindowsException'{0x00000000d17bb398}> (0x00000000d17bb398) 
thrown [s\src\hotspot\share\prims\jni.cpp, line 516]
Event: 21.579 Thread 0x0000027c1b125da0 Exception <a 'sun/nio/fs/WindowsException'{0x00000000cf523f10}> (0x00000000cf523f10) 
thrown [s\src\hotspot\share\prims\jni.cpp, line 516]
Event: 21.612 Thread 0x0000027c1a0df460 Exception <a 'sun/nio/fs/WindowsException'{0x00000000d15014f8}> (0x00000000d15014f8) 
thrown [s\src\hotspot\share\prims\jni.cpp, line 516]
Event: 21.653 Thread 0x0000027c1a0dfe80 Exception <a 'sun/nio/fs/WindowsException'{0x00000000d1740658}> (0x00000000d1740658) 
thrown [s\src\hotspot\share\prims\jni.cpp, line 516]
Event: 21.656 Thread 0x0000027c1c2a3c00 Exception <a 'sun/nio/fs/WindowsException'{0x00000000d16e7440}> (0x00000000d16e7440) 
thrown [s\src\hotspot\share\prims\jni.cpp, line 516]
Event: 21.687 Thread 0x0000027c1c463e40 Exception <a 'sun/nio/fs/WindowsException'{0x00000000d0852048}> (0x00000000d0852048) 
thrown [s\src\hotspot\share\prims\jni.cpp, line 516]
Event: 21.748 Thread 0x0000027c1a0dfe80 Exception <a 'sun/nio/fs/WindowsException'{0x00000000d177a538}> (0x00000000d177a538) 
thrown [s\src\hotspot\share\prims\jni.cpp, line 516]
Event: 21.750 Thread 0x0000027c1a0df460 Exception <a 'sun/nio/fs/WindowsException'{0x00000000d15e73c0}> (0x00000000d15e73c0) 
thrown [s\src\hotspot\share\prims\jni.cpp, line 516]
Event: 21.868 Thread 0x0000027c1a0ddb10 Exception <a 'sun/nio/fs/WindowsException'{0x00000000cee8d320}> (0x00000000cee8d320) 
thrown [s\src\hotspot\share\prims\jni.cpp, line 516]

VM Operations (20 events):
Event: 21.103 Executing VM operation: G1CollectForAllocation done
Event: 21.104 Executing VM operation: G1PauseRemark
Event: 21.111 Executing VM operation: G1PauseRemark done
Event: 21.182 Executing VM operation: G1PauseCleanup
Event: 21.182 Executing VM operation: G1PauseCleanup done
Event: 21.386 Executing VM operation: HandshakeAllThreads
Event: 21.388 Executing VM operation: HandshakeAllThreads done
Event: 21.401 Executing VM operation: G1CollectForAllocation
Event: 21.427 Executing VM operation: G1CollectForAllocation done
Event: 21.443 Executing VM operation: G1CollectForAllocation
Event: 21.456 Executing VM operation: G1CollectForAllocation done
Event: 21.458 Executing VM operation: HandshakeAllThreads
Event: 21.459 Executing VM operation: HandshakeAllThreads done
Event: 21.544 Executing VM operation: HandshakeAllThreads
Event: 21.549 Executing VM operation: HandshakeAllThreads done
Event: 21.582 Executing VM operation: G1CollectForAllocation
Event: 21.607 Executing VM operation: G1CollectForAllocation done
Event: 21.714 Executing VM operation: G1CollectForAllocation
Event: 21.731 Executing VM operation: G1CollectForAllocation done
Event: 21.883 Executing VM operation: G1CollectForAllocation

Memory protections (0 events):
No events

Nmethod flushes (20 events):
Event: 21.564 Thread 0x0000027bd4b5db70 flushing  nmethod 0x0000027bc0c05b90
Event: 21.564 Thread 0x0000027bd4b5db70 flushing  nmethod 0x0000027bc0c06a90
Event: 21.564 Thread 0x0000027bd4b5db70 flushing  nmethod 0x0000027bc0c07010
Event: 21.564 Thread 0x0000027bd4b5db70 flushing  nmethod 0x0000027bc0c0d590
Event: 21.564 Thread 0x0000027bd4b5db70 flushing  nmethod 0x0000027bc0c0dc90
Event: 21.564 Thread 0x0000027bd4b5db70 flushing  nmethod 0x0000027bc0c0ed90
Event: 21.564 Thread 0x0000027bd4b5db70 flushing  nmethod 0x0000027bc0c13f90
Event: 21.564 Thread 0x0000027bd4b5db70 flushing  nmethod 0x0000027bc0c14410
Event: 21.564 Thread 0x0000027bd4b5db70 flushing  nmethod 0x0000027bc0c20090
Event: 21.564 Thread 0x0000027bd4b5db70 flushing  nmethod 0x0000027bc0c20690
Event: 21.564 Thread 0x0000027bd4b5db70 flushing  nmethod 0x0000027bc0c21a10
Event: 21.564 Thread 0x0000027bd4b5db70 flushing  nmethod 0x0000027bc0c21f10
Event: 21.564 Thread 0x0000027bd4b5db70 flushing  nmethod 0x0000027bc0c22310
Event: 21.564 Thread 0x0000027bd4b5db70 flushing  nmethod 0x0000027bc0c42590
Event: 21.564 Thread 0x0000027bd4b5db70 flushing  nmethod 0x0000027bc0c44c10
Event: 21.564 Thread 0x0000027bd4b5db70 flushing  nmethod 0x0000027bc0c47410
Event: 21.564 Thread 0x0000027bd4b5db70 flushing  nmethod 0x0000027bc0c47890
Event: 21.564 Thread 0x0000027bd4b5db70 flushing  nmethod 0x0000027bc0c47c90
Event: 21.564 Thread 0x0000027bd4b5db70 flushing  nmethod 0x0000027bc0c48210
Event: 21.564 Thread 0x0000027bd4b5db70 flushing  nmethod 0x0000027bc0c48910

Events (20 events):
Event: 16.657 Thread 0x0000027c1c37e4a0 Thread exited: 0x0000027c1c37e4a0
Event: 17.067 Thread 0x0000027c1be02540 Thread added: 0x0000027c1c37e4a0
Event: 17.229 Thread 0x0000027c1c37e4a0 Thread exited: 0x0000027c1c37e4a0
Event: 17.229 Thread 0x0000027c1be02540 Thread exited: 0x0000027c1be02540
Event: 17.265 Thread 0x0000027bd4b44bb0 Thread added: 0x0000027c1c37e4a0
Event: 17.551 Thread 0x0000027c1c37e4a0 Thread added: 0x0000027c1c87a150
Event: 18.987 Thread 0x0000027c1b125da0 Thread added: 0x0000027c1c2a8d00
Event: 18.987 Thread 0x0000027c1b125da0 Thread added: 0x0000027c1c2a82e0
Event: 18.988 Thread 0x0000027c1b125da0 Thread added: 0x0000027c1c2a87f0
Event: 18.989 Thread 0x0000027c1b125da0 Thread added: 0x0000027c1c2a9210
Event: 18.990 Thread 0x0000027c1b125da0 Thread added: 0x0000027c1c2aa140
Event: 18.991 Thread 0x0000027c1b125da0 Thread added: 0x0000027c1c2aa650
Event: 18.992 Thread 0x0000027c1b125da0 Thread added: 0x0000027c1c2a31e0
Event: 20.668 Thread 0x0000027c1b125da0 Thread added: 0x0000027c1c2aab60
Event: 20.669 Thread 0x0000027c1b125da0 Thread added: 0x0000027c1c2a36f0
Event: 20.670 Thread 0x0000027c1b125da0 Thread added: 0x0000027c1c2a3c00
Event: 20.670 Thread 0x0000027c1b125da0 Thread added: 0x0000027c1a0df460
Event: 20.672 Thread 0x0000027c1b125da0 Thread added: 0x0000027c1a0dfe80
Event: 20.673 Thread 0x0000027c1b125da0 Thread added: 0x0000027c1a0ddb10
Event: 20.674 Thread 0x0000027c1b125da0 Thread added: 0x0000027c1c463e40


Dynamic libraries:
0x00007ff6524a0000 - 0x00007ff6524ae000 	C:\Program Files\Eclipse Adoptium\jdk-17.0.15.6-hotspot\bin\java.exe
0x00007ffbefbd0000 - 0x00007ffbefde7000 	C:\Windows\SYSTEM32\ntdll.dll
0x00007ffbedf50000 - 0x00007ffbee014000 	C:\Windows\System32\KERNEL32.DLL
0x00007ffbed400000 - 0x00007ffbed7ba000 	C:\Windows\System32\KERNELBASE.dll
0x00007ffbece90000 - 0x00007ffbecfa1000 	C:\Windows\System32\ucrtbase.dll
0x00007ffbe8c20000 - 0x00007ffbe8c37000 	C:\Program Files\Eclipse Adoptium\jdk-17.0.15.6-hotspot\bin\jli.dll
0x00007ffbedda0000 - 0x00007ffbedf4e000 	C:\Windows\System32\USER32.dll
0x00007ffbed3a0000 - 0x00007ffbed3c6000 	C:\Windows\System32\win32u.dll
0x00007ffbeda50000 - 0x00007ffbeda79000 	C:\Windows\System32\GDI32.dll
0x00007ffbed070000 - 0x00007ffbed18b000 	C:\Windows\System32\gdi32full.dll
0x00007ffbed190000 - 0x00007ffbed22a000 	C:\Windows\System32\msvcp_win.dll
0x00007ffbd65f0000 - 0x00007ffbd6882000 	C:\Windows\WinSxS\amd64_microsoft.windows.common-controls_6595b64144ccf1df_6.0.22621.4541_none_2710d1c57384c085\COMCTL32.dll
0x00007ffbee970000 - 0x00007ffbeea17000 	C:\Windows\System32\msvcrt.dll
0x00007ffbe8c00000 - 0x00007ffbe8c1e000 	C:\Program Files\Eclipse Adoptium\jdk-17.0.15.6-hotspot\bin\VCRUNTIME140.dll
0x00007ffbee020000 - 0x00007ffbee051000 	C:\Windows\System32\IMM32.DLL
0x00007ffbe8bf0000 - 0x00007ffbe8bfc000 	C:\Program Files\Eclipse Adoptium\jdk-17.0.15.6-hotspot\bin\vcruntime140_1.dll
0x00007ffbe8b60000 - 0x00007ffbe8bed000 	C:\Program Files\Eclipse Adoptium\jdk-17.0.15.6-hotspot\bin\msvcp140.dll
0x00007ffbb0c30000 - 0x00007ffbb189b000 	C:\Program Files\Eclipse Adoptium\jdk-17.0.15.6-hotspot\bin\server\jvm.dll
0x00007ffbef0a0000 - 0x00007ffbef152000 	C:\Windows\System32\ADVAPI32.dll
0x00007ffbeefa0000 - 0x00007ffbef047000 	C:\Windows\System32\sechost.dll
0x00007ffbed3d0000 - 0x00007ffbed3f8000 	C:\Windows\System32\bcrypt.dll
0x00007ffbeea90000 - 0x00007ffbeeba4000 	C:\Windows\System32\RPCRT4.dll
0x00007ffbed9d0000 - 0x00007ffbeda41000 	C:\Windows\System32\WS2_32.dll
0x00007ffbebd20000 - 0x00007ffbebd6d000 	C:\Windows\SYSTEM32\POWRPROF.dll
0x00007ffbe6ad0000 - 0x00007ffbe6b04000 	C:\Windows\SYSTEM32\WINMM.dll
0x00007ffbe5cf0000 - 0x00007ffbe5cfa000 	C:\Windows\SYSTEM32\VERSION.dll
0x00007ffbebd00000 - 0x00007ffbebd13000 	C:\Windows\SYSTEM32\UMPDC.dll
0x00007ffbebfc0000 - 0x00007ffbebfd8000 	C:\Windows\SYSTEM32\kernel.appcore.dll
0x00007ffbe8b50000 - 0x00007ffbe8b5a000 	C:\Program Files\Eclipse Adoptium\jdk-17.0.15.6-hotspot\bin\jimage.dll
0x00007ffbdf290000 - 0x00007ffbdf4c2000 	C:\Windows\SYSTEM32\DBGHELP.DLL
0x00007ffbee5d0000 - 0x00007ffbee961000 	C:\Windows\System32\combase.dll
0x00007ffbee060000 - 0x00007ffbee137000 	C:\Windows\System32\OLEAUT32.dll
0x00007ffbd63a0000 - 0x00007ffbd63d2000 	C:\Windows\SYSTEM32\dbgcore.DLL
0x00007ffbed7c0000 - 0x00007ffbed83b000 	C:\Windows\System32\bcryptPrimitives.dll
0x00007ffbe8b40000 - 0x00007ffbe8b4e000 	C:\Program Files\Eclipse Adoptium\jdk-17.0.15.6-hotspot\bin\instrument.dll
0x00007ffbbc660000 - 0x00007ffbbc685000 	C:\Program Files\Eclipse Adoptium\jdk-17.0.15.6-hotspot\bin\java.dll
0x00007ffbb2760000 - 0x00007ffbb2837000 	C:\Program Files\Eclipse Adoptium\jdk-17.0.15.6-hotspot\bin\jsvml.dll
0x00007ffbef160000 - 0x00007ffbef9d9000 	C:\Windows\System32\SHELL32.dll
0x00007ffbeade0000 - 0x00007ffbeb6e9000 	C:\Windows\SYSTEM32\windows.storage.dll
0x00007ffbeaca0000 - 0x00007ffbeaddf000 	C:\Windows\SYSTEM32\wintypes.dll
0x00007ffbeee40000 - 0x00007ffbeef3a000 	C:\Windows\System32\SHCORE.dll
0x00007ffbeea30000 - 0x00007ffbeea8e000 	C:\Windows\System32\shlwapi.dll
0x00007ffbecdc0000 - 0x00007ffbecdeb000 	C:\Windows\SYSTEM32\profapi.dll
0x00007ffbbb290000 - 0x00007ffbbb2a8000 	C:\Program Files\Eclipse Adoptium\jdk-17.0.15.6-hotspot\bin\zip.dll
0x00007ffbbb270000 - 0x00007ffbbb289000 	C:\Program Files\Eclipse Adoptium\jdk-17.0.15.6-hotspot\bin\net.dll
0x00007ffbe5380000 - 0x00007ffbe54b6000 	C:\Windows\SYSTEM32\WINHTTP.dll
0x00007ffbec440000 - 0x00007ffbec4a9000 	C:\Windows\system32\mswsock.dll
0x00007ffbbb250000 - 0x00007ffbbb266000 	C:\Program Files\Eclipse Adoptium\jdk-17.0.15.6-hotspot\bin\nio.dll
0x00007ffbbc650000 - 0x00007ffbbc660000 	C:\Program Files\Eclipse Adoptium\jdk-17.0.15.6-hotspot\bin\verify.dll
0x00007ffbe8c40000 - 0x00007ffbe8c67000 	C:\Users\Admin\.gradle\native\c067742578af261105cb4f569cf0c3c89f3d7b1fecec35dd04571415982c5e48\windows-amd64\native-platform.dll
0x00007ffbb0ae0000 - 0x00007ffbb0c24000 	C:\Users\Admin\.gradle\native\100fb08df4bc3b14c8652ba06237920a3bd2aa13389f12d3474272988ae205f9\windows-amd64\native-platform-file-events.dll
0x00007ffbbb240000 - 0x00007ffbbb24a000 	C:\Program Files\Eclipse Adoptium\jdk-17.0.15.6-hotspot\bin\management.dll
0x00007ffbbb230000 - 0x00007ffbbb23b000 	C:\Program Files\Eclipse Adoptium\jdk-17.0.15.6-hotspot\bin\management_ext.dll
0x00007ffbedbf0000 - 0x00007ffbedbf8000 	C:\Windows\System32\PSAPI.DLL
0x00007ffbec690000 - 0x00007ffbec6ab000 	C:\Windows\SYSTEM32\CRYPTSP.dll
0x00007ffbebf20000 - 0x00007ffbebf55000 	C:\Windows\system32\rsaenh.dll
0x00007ffbec530000 - 0x00007ffbec558000 	C:\Windows\SYSTEM32\USERENV.dll
0x00007ffbec6b0000 - 0x00007ffbec6bc000 	C:\Windows\SYSTEM32\CRYPTBASE.dll
0x00007ffbeb9c0000 - 0x00007ffbeb9ed000 	C:\Windows\SYSTEM32\IPHLPAPI.DLL
0x00007ffbeea20000 - 0x00007ffbeea29000 	C:\Windows\System32\NSI.dll
0x00007ffbe5330000 - 0x00007ffbe5349000 	C:\Windows\SYSTEM32\dhcpcsvc6.DLL
0x00007ffbe52a0000 - 0x00007ffbe52bf000 	C:\Windows\SYSTEM32\dhcpcsvc.DLL
0x00007ffbeba30000 - 0x00007ffbebb32000 	C:\Windows\SYSTEM32\DNSAPI.dll
0x00007ffbb9610000 - 0x00007ffbb9619000 	C:\Program Files\Eclipse Adoptium\jdk-17.0.15.6-hotspot\bin\extnet.dll
0x00007ffbb5270000 - 0x00007ffbb527e000 	C:\Program Files\Eclipse Adoptium\jdk-17.0.15.6-hotspot\bin\sunmscapi.dll
0x00007ffbed230000 - 0x00007ffbed396000 	C:\Windows\System32\CRYPT32.dll
0x00007ffbec850000 - 0x00007ffbec87d000 	C:\Windows\SYSTEM32\ncrypt.dll
0x00007ffbec810000 - 0x00007ffbec847000 	C:\Windows\SYSTEM32\NTASN1.dll
0x00007ffb9e560000 - 0x00007ffb9e568000 	C:\Windows\system32\wshunix.dll
0x00007ffbec0d0000 - 0x00007ffbec104000 	C:\Windows\SYSTEM32\ntmarta.dll

dbghelp: loaded successfully - version: 4.0.5 - missing functions: none
symbol engine: initialized successfully - sym options: 0x614 - pdb path: .;C:\Program Files\Eclipse Adoptium\jdk-17.0.15.6-hotspot\bin;C:\Windows\SYSTEM32;C:\Windows\WinSxS\amd64_microsoft.windows.common-controls_6595b64144ccf1df_6.0.22621.4541_none_2710d1c57384c085;C:\Program Files\Eclipse Adoptium\jdk-17.0.15.6-hotspot\bin\server;C:\Users\Admin\.gradle\native\c067742578af261105cb4f569cf0c3c89f3d7b1fecec35dd04571415982c5e48\windows-amd64;C:\Users\Admin\.gradle\native\100fb08df4bc3b14c8652ba06237920a3bd2aa13389f12d3474272988ae205f9\windows-amd64

VM Arguments:
jvm_args: --add-opens=java.base/java.util=ALL-UNNAMED --add-opens=java.base/java.lang=ALL-UNNAMED --add-opens=java.base/java.lang.invoke=ALL-UNNAMED --add-opens=java.prefs/java.util.prefs=ALL-UNNAMED --add-exports=jdk.compiler/com.sun.tools.javac.api=ALL-UNNAMED --add-exports=jdk.compiler/com.sun.tools.javac.util=ALL-UNNAMED --add-opens=java.base/java.nio.charset=ALL-UNNAMED --add-opens=java.base/java.net=ALL-UNNAMED --add-opens=java.base/java.util.concurrent.atomic=ALL-UNNAMED -Xmx1024m -Dfile.encoding=UTF-8 -Duser.country=RU -Duser.language=ru -Duser.variant -javaagent:C:\Users\Admin\.gradle\wrapper\dists\gradle-8.9-bin\90cnw93cvbtalezasaz0blq0a\gradle-8.9\lib\agents\gradle-instrumentation-agent-8.9.jar 
java_command: org.gradle.launcher.daemon.bootstrap.GradleDaemon 8.9
java_class_path (initial): C:\Users\Admin\.gradle\wrapper\dists\gradle-8.9-bin\90cnw93cvbtalezasaz0blq0a\gradle-8.9\lib\gradle-daemon-main-8.9.jar
Launcher Type: SUN_STANDARD

[Global flags]
     intx CICompilerCount                          = 4                                         {product} {ergonomic}
     uint ConcGCThreads                            = 2                                         {product} {ergonomic}
     uint G1ConcRefinementThreads                  = 8                                         {product} {ergonomic}
   size_t G1HeapRegionSize                         = 1048576                                   {product} {ergonomic}
    uintx GCDrainStackTargetSize                   = 64                                        {product} {ergonomic}
   size_t InitialHeapSize                          = 268435456                                 {product} {ergonomic}
   size_t MarkStackSize                            = 4194304                                   {product} {ergonomic}
   size_t MaxHeapSize                              = 1073741824                                {product} {command line}
   size_t MaxNewSize                               = 643825664                                 {product} {ergonomic}
   size_t MinHeapDeltaBytes                        = 1048576                                   {product} {ergonomic}
   size_t MinHeapSize                              = 8388608                                   {product} {ergonomic}
    uintx NonNMethodCodeHeapSize                   = 5839372                                {pd product} {ergonomic}
    uintx NonProfiledCodeHeapSize                  = 122909434                              {pd product} {ergonomic}
    uintx ProfiledCodeHeapSize                     = 122909434                              {pd product} {ergonomic}
    uintx ReservedCodeCacheSize                    = 251658240                              {pd product} {ergonomic}
     bool SegmentedCodeCache                       = true                                      {product} {ergonomic}
   size_t SoftMaxHeapSize                          = 1073741824                             {manageable} {ergonomic}
     bool UseCompressedClassPointers               = true                           {product lp64_product} {ergonomic}
     bool UseCompressedOops                        = true                           {product lp64_product} {ergonomic}
     bool UseG1GC                                  = true                                      {product} {ergonomic}
     bool UseLargePagesIndividualAllocation        = false                                  {pd product} {ergonomic}

Logging:
Log output configuration:
 #0: stdout all=warning uptime,level,tags
 #1: stderr all=off uptime,level,tags

Environment Variables:
PATH=C:\Program Files\Eclipse Adoptium\jdk-17.0.15.6-hotspot\bin;C:\Windows\system32;C:\Windows;C:\Windows\System32\Wbem;C:\Windows\System32\WindowsPowerShell\v1.0\;C:\Windows\System32\OpenSSH\;C:\Program Files\dotnet\;C:\Program Files\NVIDIA Corporation\NVIDIA App\NvDLISR;C:\Program Files (x86)\NVIDIA Corporation\PhysX\Common;C:\Program Files\Git\cmd;C:\Users\Admin\AppData\Local\Microsoft\WindowsApps;
USERNAME=Admin
OS=Windows_NT
PROCESSOR_IDENTIFIER=Intel64 Family 6 Model 94 Stepping 3, GenuineIntel
TMP=C:\Users\Admin\AppData\Local\Temp
TEMP=C:\Users\Admin\AppData\Local\Temp



Periodic native trim disabled


---------------  S Y S T E M  ---------------

OS:
 Windows 11 , 64 bit Build 22621 (10.0.22621.4391)
OS uptime: 0 days 2:19 hours

CPU: total 8 (initial active 8) (4 cores per cpu, 2 threads per core) family 6 model 94 stepping 3 microcode 0xd6, cx8, cmov, fxsr, ht, mmx, 3dnowpref, sse, sse2, sse3, ssse3, sse4.1, sse4.2, popcnt, lzcnt, tsc, tscinvbit, avx, avx2, aes, erms, clmul, bmi1, bmi2, rtm, adx, fma, vzeroupper, clflush, clflushopt
Processor Information for all 8 processors :
  Max Mhz: 2592, Current Mhz: 2592, Mhz Limit: 2592

Memory: 4k page, system-wide physical 16276M (1787M free)
TotalPageFile size 18324M (AvailPageFile size 36M)
current process WorkingSet (physical memory assigned to process): 485M, peak: 485M
current process commit charge ("private bytes"): 566M, peak: 739M

vm_info: OpenJDK 64-Bit Server VM (17.0.15+6) for windows-amd64 JRE (17.0.15+6), built on Apr 15 2025 21:25:47 by "admin" with MS VC++ 17.7 (VS2022)

END.
