#
# There is insufficient memory for the Java Runtime Environment to continue.
# Native memory allocation (mmap) failed to map 90177536 bytes. Error detail: G1 virtual space
# Possible reasons:
#   The system is out of physical RAM or swap space
#   This process is running with CompressedOops enabled, and the Java Heap may be blocking the growth of the native heap
# Possible solutions:
#   Reduce memory load on the system
#   Increase physical memory or swap space
#   Check if swap backing store is full
#   Decrease Java heap size (-Xmx/-Xms)
#   Decrease number of Java threads
#   Decrease Java thread stack sizes (-Xss)
#   Set larger code cache with -XX:ReservedCodeCacheSize=
#   JVM is running with Zero Based Compressed Oops mode in which the Java heap is
#     placed in the first 32GB address space. The Java Heap base address is the
#     maximum limit for the native heap growth. Please use -XX:HeapBaseMinAddress
#     to set the Java Heap base and to place the Java Heap above 32GB virtual address.
# This output file may be truncated or incomplete.
#
#  Out of Memory Error (os_windows.cpp:3618), pid=4720, tid=3036
#
# JRE version: OpenJDK Runtime Environment Temurin-17.0.15+6 (17.0.15+6) (build 17.0.15+6)
# Java VM: OpenJDK 64-Bit Server VM Temurin-17.0.15+6 (17.0.15+6, mixed mode, sharing, tiered, compressed oops, compressed class ptrs, g1 gc, windows-amd64)
# No core dump will be written. Minidumps are not enabled by default on client versions of Windows
#

---------------  S U M M A R Y ------------

Command Line: --add-opens=java.base/java.util=ALL-UNNAMED --add-opens=java.base/java.lang=ALL-UNNAMED --add-opens=java.base/java.lang.invoke=ALL-UNNAMED --add-opens=java.prefs/java.util.prefs=ALL-UNNAMED --add-exports=jdk.compiler/com.sun.tools.javac.api=ALL-UNNAMED --add-exports=jdk.compiler/com.sun.tools.javac.util=ALL-UNNAMED --add-opens=java.base/java.nio.charset=ALL-UNNAMED --add-opens=java.base/java.net=ALL-UNNAMED --add-opens=java.base/java.util.concurrent.atomic=ALL-UNNAMED -Xmx4096m -Dfile.encoding=UTF-8 -Duser.country=RU -Duser.language=ru -Duser.variant -javaagent:C:\Users\Admin\.gradle\wrapper\dists\gradle-8.9-bin\90cnw93cvbtalezasaz0blq0a\gradle-8.9\lib\agents\gradle-instrumentation-agent-8.9.jar org.gradle.launcher.daemon.bootstrap.GradleDaemon 8.9

Host: Intel(R) Core(TM) i7-6700HQ CPU @ 2.60GHz, 8 cores, 15G,  Windows 11 , 64 bit Build 22621 (10.0.22621.4391)
Time: Fri Jul  4 12:56:52 2025 RTZ 2 (s 11 , 64 bit Build 22621 (10.0.22621.4391) elapsed time: 93.265654 seconds (0d 0h 1m 33s)

---------------  T H R E A D  ---------------

Current thread (0x000001f5663a9ba0):  VMThread "VM Thread" [stack: 0x0000009bbff00000,0x0000009bc0000000] [id=3036]

Stack: [0x0000009bbff00000,0x0000009bc0000000]
Native frames: (J=compiled Java code, j=interpreted, Vv=VM code, C=native code)
V  [jvm.dll+0x682fc9]
V  [jvm.dll+0x839878]
V  [jvm.dll+0x83b323]
V  [jvm.dll+0x83b993]
V  [jvm.dll+0x24725f]
V  [jvm.dll+0x67fda9]
V  [jvm.dll+0x674c9a]
V  [jvm.dll+0x304d06]
V  [jvm.dll+0x30c1c6]
V  [jvm.dll+0x35dd4e]
V  [jvm.dll+0x35df8d]
V  [jvm.dll+0x2dc0cc]
V  [jvm.dll+0x2da46f]
V  [jvm.dll+0x2d9bdc]
V  [jvm.dll+0x31d3bb]
V  [jvm.dll+0x8401cd]
V  [jvm.dll+0x840f03]
V  [jvm.dll+0x84142f]
V  [jvm.dll+0x841814]
V  [jvm.dll+0x8418de]
V  [jvm.dll+0x7e94dc]
V  [jvm.dll+0x681ea7]
C  [ucrtbase.dll+0x29333]
C  [KERNEL32.DLL+0x1259d]
C  [ntdll.dll+0x5af38]

VM_Operation (0x0000009bc34fa550): G1CollectForAllocation, mode: safepoint, requested by thread 0x000001f5ad8e7ae0


---------------  P R O C E S S  ---------------

Threads class SMR info:
_java_thread_list=0x000001f5ae9adb70, length=47, elements={
0x000001f5432ac620, 0x000001f5663b2d10, 0x000001f5663b38a0, 0x000001f5664dd1f0,
0x000001f5664ddac0, 0x000001f5664deba0, 0x000001f5664e2490, 0x000001f5664ee740,
0x000001f566516c80, 0x000001f56651a1c0, 0x000001f56660be20, 0x000001f5666b7410,
0x000001f5aceabfa0, 0x000001f5ac6ad6f0, 0x000001f5acd92bc0, 0x000001f5acd01940,
0x000001f5acca3e60, 0x000001f5ac58bfb0, 0x000001f5ac58e830, 0x000001f5ac58cee0,
0x000001f5ac58c4c0, 0x000001f5ac58baa0, 0x000001f5ac58d3f0, 0x000001f5ac58d900,
0x000001f5ac58c9d0, 0x000001f5ac58de10, 0x000001f5ac58e320, 0x000001f5ac58ed40,
0x000001f5ac58f250, 0x000001f5ad8e6190, 0x000001f5ad8e70c0, 0x000001f5ad8e7ff0,
0x000001f5ad8ebcb0, 0x000001f5ad8e75d0, 0x000001f5ad8e66a0, 0x000001f5ad8ecbe0,
0x000001f5ad8eb7a0, 0x000001f5ad8e6bb0, 0x000001f5ad8e5770, 0x000001f5ad8e8a10,
0x000001f5ad8ec6d0, 0x000001f5ad8e8500, 0x000001f5ad8ea870, 0x000001f5ad8e7ae0,
0x000001f5ad8e9940, 0x000001f5ae11fec0, 0x000001f5ad9a5ad0
}

Java Threads: ( => current thread )
  0x000001f5432ac620 JavaThread "main" [_thread_blocked, id=3868, stack(0x0000009bbf900000,0x0000009bbfa00000)]
  0x000001f5663b2d10 JavaThread "Reference Handler" daemon [_thread_blocked, id=8056, stack(0x0000009bc0000000,0x0000009bc0100000)]
  0x000001f5663b38a0 JavaThread "Finalizer" daemon [_thread_blocked, id=1092, stack(0x0000009bc0100000,0x0000009bc0200000)]
  0x000001f5664dd1f0 JavaThread "Signal Dispatcher" daemon [_thread_blocked, id=2992, stack(0x0000009bc0200000,0x0000009bc0300000)]
  0x000001f5664ddac0 JavaThread "Attach Listener" daemon [_thread_blocked, id=10560, stack(0x0000009bc0300000,0x0000009bc0400000)]
  0x000001f5664deba0 JavaThread "Service Thread" daemon [_thread_blocked, id=2736, stack(0x0000009bc0400000,0x0000009bc0500000)]
  0x000001f5664e2490 JavaThread "Monitor Deflation Thread" daemon [_thread_blocked, id=6592, stack(0x0000009bc0500000,0x0000009bc0600000)]
  0x000001f5664ee740 JavaThread "C2 CompilerThread0" daemon [_thread_blocked, id=14108, stack(0x0000009bc0600000,0x0000009bc0700000)]
  0x000001f566516c80 JavaThread "C1 CompilerThread0" daemon [_thread_blocked, id=7304, stack(0x0000009bc0700000,0x0000009bc0800000)]
  0x000001f56651a1c0 JavaThread "Sweeper thread" daemon [_thread_blocked, id=12888, stack(0x0000009bc0800000,0x0000009bc0900000)]
  0x000001f56660be20 JavaThread "Common-Cleaner" daemon [_thread_blocked, id=6448, stack(0x0000009bc0900000,0x0000009bc0a00000)]
  0x000001f5666b7410 JavaThread "Notification Thread" daemon [_thread_blocked, id=11932, stack(0x0000009bc0b00000,0x0000009bc0c00000)]
  0x000001f5aceabfa0 JavaThread "Daemon health stats" [_thread_blocked, id=8408, stack(0x0000009bc0a00000,0x0000009bc0b00000)]
  0x000001f5ac6ad6f0 JavaThread "Incoming local TCP Connector on port 56152" [_thread_in_native, id=10740, stack(0x0000009bc0d00000,0x0000009bc0e00000)]
  0x000001f5acd92bc0 JavaThread "Daemon periodic checks" [_thread_blocked, id=7012, stack(0x0000009bc1300000,0x0000009bc1400000)]
  0x000001f5acd01940 JavaThread "Daemon" [_thread_blocked, id=2384, stack(0x0000009bc1400000,0x0000009bc1500000)]
  0x000001f5acca3e60 JavaThread "Handler for socket connection from /127.0.0.1:56152 to /127.0.0.1:56153" [_thread_in_native, id=1164, stack(0x0000009bc1500000,0x0000009bc1600000)]
  0x000001f5ac58bfb0 JavaThread "Cancel handler" [_thread_blocked, id=10408, stack(0x0000009bc1600000,0x0000009bc1700000)]
  0x000001f5ac58e830 JavaThread "Daemon worker" [_thread_blocked, id=1720, stack(0x0000009bc1700000,0x0000009bc1800000)]
  0x000001f5ac58cee0 JavaThread "Asynchronous log dispatcher for DefaultDaemonConnection: socket connection from /127.0.0.1:56152 to /127.0.0.1:56153" [_thread_blocked, id=3656, stack(0x0000009bc1800000,0x0000009bc1900000)]
  0x000001f5ac58c4c0 JavaThread "Stdin handler" [_thread_blocked, id=11340, stack(0x0000009bc1900000,0x0000009bc1a00000)]
  0x000001f5ac58baa0 JavaThread "Daemon client event forwarder" [_thread_blocked, id=3604, stack(0x0000009bc1a00000,0x0000009bc1b00000)]
  0x000001f5ac58d3f0 JavaThread "Cache worker for journal cache (C:\Users\Admin\.gradle\caches\journal-1)" [_thread_blocked, id=1104, stack(0x0000009bc1b00000,0x0000009bc1c00000)]
  0x000001f5ac58d900 JavaThread "File lock request listener" [_thread_in_native, id=12176, stack(0x0000009bc1c00000,0x0000009bc1d00000)]
  0x000001f5ac58c9d0 JavaThread "Cache worker for file hash cache (C:\Users\Admin\.gradle\caches\8.9\fileHashes)" [_thread_blocked, id=5216, stack(0x0000009bc1d00000,0x0000009bc1e00000)]
  0x000001f5ac58de10 JavaThread "Cache worker for file hash cache (C:\Users\Admin\Desktop\SultanARLite\SultanARLite\.gradle\8.9\fileHashes)" [_thread_blocked, id=11964, stack(0x0000009bc1e00000,0x0000009bc1f00000)]
  0x000001f5ac58e320 JavaThread "Cache worker for Build Output Cleanup Cache (C:\Users\Admin\Desktop\SultanARLite\SultanARLite\.gradle\buildOutputCleanup)" [_thread_blocked, id=9324, stack(0x0000009bc1f00000,0x0000009bc2000000)]
  0x000001f5ac58ed40 JavaThread "File watcher server" daemon [_thread_in_native, id=1476, stack(0x0000009bc2400000,0x0000009bc2500000)]
  0x000001f5ac58f250 JavaThread "File watcher consumer" daemon [_thread_blocked, id=2112, stack(0x0000009bc2000000,0x0000009bc2100000)]
  0x000001f5ad8e6190 JavaThread "jar transforms" [_thread_blocked, id=5656, stack(0x0000009bc2700000,0x0000009bc2800000)]
  0x000001f5ad8e70c0 JavaThread "jar transforms Thread 2" [_thread_blocked, id=5568, stack(0x0000009bc2800000,0x0000009bc2900000)]
  0x000001f5ad8e7ff0 JavaThread "jar transforms Thread 3" [_thread_blocked, id=8164, stack(0x0000009bc2900000,0x0000009bc2a00000)]
  0x000001f5ad8ebcb0 JavaThread "jar transforms Thread 4" [_thread_blocked, id=11600, stack(0x0000009bc2a00000,0x0000009bc2b00000)]
  0x000001f5ad8e75d0 JavaThread "jar transforms Thread 5" [_thread_blocked, id=2980, stack(0x0000009bc2b00000,0x0000009bc2c00000)]
  0x000001f5ad8e66a0 JavaThread "jar transforms Thread 6" [_thread_blocked, id=4200, stack(0x0000009bc2c00000,0x0000009bc2d00000)]
  0x000001f5ad8ecbe0 JavaThread "jar transforms Thread 7" [_thread_blocked, id=2612, stack(0x0000009bc2d00000,0x0000009bc2e00000)]
  0x000001f5ad8eb7a0 JavaThread "jar transforms Thread 8" [_thread_blocked, id=5632, stack(0x0000009bc2e00000,0x0000009bc2f00000)]
  0x000001f5ad8e6bb0 JavaThread "Cache worker for checksums cache (C:\Users\Admin\Desktop\SultanARLite\SultanARLite\.gradle\8.9\checksums)" [_thread_blocked, id=10676, stack(0x0000009bc2f00000,0x0000009bc3000000)]
  0x000001f5ad8e5770 JavaThread "Cache worker for file content cache (C:\Users\Admin\.gradle\caches\8.9\fileContent)" [_thread_blocked, id=11148, stack(0x0000009bc3000000,0x0000009bc3100000)]
  0x000001f5ad8e8a10 JavaThread "Cache worker for cache directory md-rule (C:\Users\Admin\.gradle\caches\8.9\md-rule)" [_thread_blocked, id=11620, stack(0x0000009bc3100000,0x0000009bc3200000)]
  0x000001f5ad8ec6d0 JavaThread "Cache worker for cache directory md-supplier (C:\Users\Admin\.gradle\caches\8.9\md-supplier)" [_thread_blocked, id=6756, stack(0x0000009bc3200000,0x0000009bc3300000)]
  0x000001f5ad8e8500 JavaThread "Unconstrained build operations" [_thread_blocked, id=13596, stack(0x0000009bbf600000,0x0000009bbf700000)]
  0x000001f5ad8ea870 JavaThread "Unconstrained build operations Thread 2" [_thread_blocked, id=11288, stack(0x0000009bbf700000,0x0000009bbf800000)]
  0x000001f5ad8e7ae0 JavaThread "Unconstrained build operations Thread 3" [_thread_blocked, id=11668, stack(0x0000009bc3400000,0x0000009bc3500000)]
  0x000001f5ad8e9940 JavaThread "Unconstrained build operations Thread 4" [_thread_blocked, id=5784, stack(0x0000009bc3500000,0x0000009bc3600000)]
  0x000001f5ae11fec0 JavaThread "C2 CompilerThread1" daemon [_thread_blocked, id=4528, stack(0x0000009bbf800000,0x0000009bbf900000)]
  0x000001f5ad9a5ad0 JavaThread "C2 CompilerThread2" daemon [_thread_blocked, id=3476, stack(0x0000009bc3300000,0x0000009bc3400000)]

Other Threads:
=>0x000001f5663a9ba0 VMThread "VM Thread" [stack: 0x0000009bbff00000,0x0000009bc0000000] [id=3036]
  0x000001f5432ad3b0 WatcherThread [stack: 0x0000009bc0c00000,0x0000009bc0d00000] [id=4240]
  0x000001f54331a890 GCTaskThread "GC Thread#0" [stack: 0x0000009bbfa00000,0x0000009bbfb00000] [id=14032]
  0x000001f5ac055b30 GCTaskThread "GC Thread#1" [stack: 0x0000009bc0e00000,0x0000009bc0f00000] [id=3596]
  0x000001f5ac883730 GCTaskThread "GC Thread#2" [stack: 0x0000009bc0f00000,0x0000009bc1000000] [id=11748]
  0x000001f5ac7fe9d0 GCTaskThread "GC Thread#3" [stack: 0x0000009bc1000000,0x0000009bc1100000] [id=2540]
  0x000001f5ac7fec90 GCTaskThread "GC Thread#4" [stack: 0x0000009bc1100000,0x0000009bc1200000] [id=3892]
  0x000001f5aca64060 GCTaskThread "GC Thread#5" [stack: 0x0000009bc1200000,0x0000009bc1300000] [id=12504]
  0x000001f5ae5bb180 GCTaskThread "GC Thread#6" [stack: 0x0000009bc2100000,0x0000009bc2200000] [id=4732]
  0x000001f5ae5baec0 GCTaskThread "GC Thread#7" [stack: 0x0000009bc2200000,0x0000009bc2300000] [id=8884]
  0x000001f54332b6f0 ConcurrentGCThread "G1 Main Marker" [stack: 0x0000009bbfb00000,0x0000009bbfc00000] [id=7796]
  0x000001f54332c7c0 ConcurrentGCThread "G1 Conc#0" [stack: 0x0000009bbfc00000,0x0000009bbfd00000] [id=8356]
  0x000001f5ae5bb440 ConcurrentGCThread "G1 Conc#1" [stack: 0x0000009bc2300000,0x0000009bc2400000] [id=13652]
  0x000001f54335e680 ConcurrentGCThread "G1 Refine#0" [stack: 0x0000009bbfd00000,0x0000009bbfe00000] [id=11416]
  0x000001f5afbf8e10 ConcurrentGCThread "G1 Refine#1" [stack: 0x0000009bc3600000,0x0000009bc3700000] [id=7384]
  0x000001f5afbfa880 ConcurrentGCThread "G1 Refine#2" [stack: 0x0000009bc3700000,0x0000009bc3800000] [id=4944]
  0x000001f5662661a0 ConcurrentGCThread "G1 Service" [stack: 0x0000009bbfe00000,0x0000009bbff00000] [id=13688]

Threads with active compile tasks:
C2 CompilerThread0    93351 7353       4       org.objectweb.asm.ClassReader::readCode (5117 bytes)
C2 CompilerThread1    93351 7113       4       org.gradle.internal.classpath.transforms.InstrumentingBackwardsCompatibilityVisitor$BackwardCompatibilityMethodVisitor::visitFieldInsn (24 bytes)
C2 CompilerThread2    93352 7335       4       org.objectweb.asm.ClassReader::accept (1419 bytes)

VM state: at safepoint (normal execution)

VM Mutex/Monitor currently owned by a thread:  ([mutex/lock_event])
[0x000001f5432a7390] Threads_lock - owner thread: 0x000001f5663a9ba0
[0x000001f5432a6cd0] Heap_lock - owner thread: 0x000001f5ad8e7ae0

Heap address: 0x0000000700000000, size: 4096 MB, Compressed Oops mode: Zero based, Oop shift amount: 3

CDS archive(s) mapped at: [0x000001f567000000-0x000001f567bb0000-0x000001f567bb0000), size 12255232, SharedBaseAddress: 0x000001f567000000, ArchiveRelocationMode: 1.
Compressed class space mapped at: 0x000001f568000000-0x000001f5a8000000, reserved size: 1073741824
Narrow klass base: 0x000001f567000000, Narrow klass shift: 0, Narrow klass range: 0x100000000

GC Precious Log:
 CPUs: 8 total, 8 available
 Memory: 16276M
 Large Page Support: Disabled
 NUMA Support: Disabled
 Compressed Oops: Enabled (Zero based)
 Heap Region Size: 2M
 Heap Min Capacity: 8M
 Heap Initial Capacity: 256M
 Heap Max Capacity: 4G
 Pre-touch: Disabled
 Parallel Workers: 8
 Concurrent Workers: 2
 Concurrent Refinement Workers: 8
 Periodic GC: Disabled

Heap:
 garbage-first heap   total 268288K, used 91560K [0x0000000700000000, 0x0000000800000000)
  region size 2048K, 4 young (8192K), 4 survivors (8192K)
 Metaspace       used 48575K, committed 49152K, reserved 1114112K
  class space    used 6848K, committed 7104K, reserved 1048576K

Heap Regions: E=young(eden), S=young(survivor), O=old, HS=humongous(starts), HC=humongous(continues), CS=collection set, F=free, OA=open archive, CA=closed archive, TAMS=top-at-mark-start (previous, next)
|   0|0x0000000700000000, 0x0000000700200000, 0x0000000700200000|100%| O|  |TAMS 0x0000000700200000, 0x0000000700200000| Untracked 
|   1|0x0000000700200000, 0x0000000700400000, 0x0000000700400000|100%|HS|  |TAMS 0x0000000700400000, 0x0000000700400000| Complete 
|   2|0x0000000700400000, 0x0000000700600000, 0x0000000700600000|100%|HC|  |TAMS 0x0000000700600000, 0x0000000700600000| Complete 
|   3|0x0000000700600000, 0x0000000700800000, 0x0000000700800000|100%| O|  |TAMS 0x0000000700800000, 0x0000000700800000| Untracked 
|   4|0x0000000700800000, 0x0000000700a00000, 0x0000000700a00000|100%| O|  |TAMS 0x0000000700a00000, 0x0000000700a00000| Untracked 
|   5|0x0000000700a00000, 0x0000000700c00000, 0x0000000700c00000|100%| O|  |TAMS 0x0000000700c00000, 0x0000000700c00000| Untracked 
|   6|0x0000000700c00000, 0x0000000700e00000, 0x0000000700e00000|100%|HS|  |TAMS 0x0000000700e00000, 0x0000000700e00000| Complete 
|   7|0x0000000700e00000, 0x0000000701000000, 0x0000000701000000|100%|HC|  |TAMS 0x0000000701000000, 0x0000000701000000| Complete 
|   8|0x0000000701000000, 0x0000000701200000, 0x0000000701200000|100%|HC|  |TAMS 0x0000000701200000, 0x0000000701200000| Complete 
|   9|0x0000000701200000, 0x0000000701400000, 0x0000000701400000|100%|HS|  |TAMS 0x0000000701400000, 0x0000000701400000| Complete 
|  10|0x0000000701400000, 0x0000000701600000, 0x0000000701600000|100%|HC|  |TAMS 0x0000000701600000, 0x0000000701600000| Complete 
|  11|0x0000000701600000, 0x0000000701800000, 0x0000000701800000|100%|HS|  |TAMS 0x0000000701800000, 0x0000000701800000| Complete 
|  12|0x0000000701800000, 0x0000000701a00000, 0x0000000701a00000|100%| O|  |TAMS 0x0000000701a00000, 0x0000000701a00000| Untracked 
|  13|0x0000000701a00000, 0x0000000701c00000, 0x0000000701c00000|100%| O|  |TAMS 0x0000000701c00000, 0x0000000701c00000| Untracked 
|  14|0x0000000701c00000, 0x0000000701e00000, 0x0000000701e00000|100%| O|  |TAMS 0x0000000701e00000, 0x0000000701e00000| Untracked 
|  15|0x0000000701e00000, 0x0000000702000000, 0x0000000702000000|100%| O|  |TAMS 0x0000000702000000, 0x0000000702000000| Untracked 
|  16|0x0000000702000000, 0x0000000702200000, 0x0000000702200000|100%| O|  |TAMS 0x0000000702200000, 0x0000000702200000| Untracked 
|  17|0x0000000702200000, 0x0000000702400000, 0x0000000702400000|100%| O|  |TAMS 0x0000000702400000, 0x0000000702400000| Untracked 
|  18|0x0000000702400000, 0x0000000702600000, 0x0000000702600000|100%| O|  |TAMS 0x0000000702600000, 0x0000000702600000| Untracked 
|  19|0x0000000702600000, 0x0000000702800000, 0x0000000702800000|100%| O|  |TAMS 0x0000000702800000, 0x0000000702800000| Untracked 
|  20|0x0000000702800000, 0x0000000702a00000, 0x0000000702a00000|100%| O|  |TAMS 0x0000000702a00000, 0x0000000702a00000| Untracked 
|  21|0x0000000702a00000, 0x0000000702c00000, 0x0000000702c00000|100%| O|  |TAMS 0x0000000702c00000, 0x0000000702c00000| Untracked 
|  22|0x0000000702c00000, 0x0000000702e00000, 0x0000000702e00000|100%| O|  |TAMS 0x0000000702e00000, 0x0000000702e00000| Untracked 
|  23|0x0000000702e00000, 0x0000000703000000, 0x0000000703000000|100%| O|  |TAMS 0x0000000703000000, 0x0000000703000000| Untracked 
|  24|0x0000000703000000, 0x0000000703200000, 0x0000000703200000|100%| O|  |TAMS 0x0000000703200000, 0x0000000703200000| Untracked 
|  25|0x0000000703200000, 0x0000000703400000, 0x0000000703400000|100%| O|  |TAMS 0x0000000703400000, 0x0000000703400000| Untracked 
|  26|0x0000000703400000, 0x0000000703600000, 0x0000000703600000|100%| O|  |TAMS 0x0000000703600000, 0x0000000703600000| Untracked 
|  27|0x0000000703600000, 0x0000000703800000, 0x0000000703800000|100%| O|  |TAMS 0x0000000703800000, 0x0000000703800000| Untracked 
|  28|0x0000000703800000, 0x0000000703a00000, 0x0000000703a00000|100%| O|  |TAMS 0x0000000703a00000, 0x0000000703a00000| Untracked 
|  29|0x0000000703a00000, 0x0000000703c00000, 0x0000000703c00000|100%| O|  |TAMS 0x0000000703c00000, 0x0000000703c00000| Untracked 
|  30|0x0000000703c00000, 0x0000000703e00000, 0x0000000703e00000|100%| O|  |TAMS 0x0000000703e00000, 0x0000000703e00000| Untracked 
|  31|0x0000000703e00000, 0x0000000704000000, 0x0000000704000000|100%| O|  |TAMS 0x0000000704000000, 0x0000000704000000| Untracked 
|  32|0x0000000704000000, 0x0000000704200000, 0x0000000704200000|100%| O|  |TAMS 0x0000000704200000, 0x0000000704200000| Untracked 
|  33|0x0000000704200000, 0x0000000704400000, 0x0000000704400000|100%| O|  |TAMS 0x0000000704400000, 0x0000000704400000| Untracked 
|  34|0x0000000704400000, 0x0000000704600000, 0x0000000704600000|100%| O|  |TAMS 0x0000000704600000, 0x0000000704600000| Untracked 
|  35|0x0000000704600000, 0x0000000704800000, 0x0000000704800000|100%| O|  |TAMS 0x0000000704788c00, 0x0000000704800000| Untracked 
|  36|0x0000000704800000, 0x0000000704a00000, 0x0000000704a00000|100%|HS|  |TAMS 0x0000000704a00000, 0x0000000704a00000| Complete 
|  37|0x0000000704a00000, 0x0000000704c00000, 0x0000000704c00000|100%| O|  |TAMS 0x0000000704a00000, 0x0000000704a54c00| Untracked 
|  38|0x0000000704c00000, 0x0000000704d74c00, 0x0000000704e00000| 72%| O|  |TAMS 0x0000000704c00000, 0x0000000704c00000| Untracked 
|  39|0x0000000704e00000, 0x0000000704e00000, 0x0000000705000000|  0%| F|  |TAMS 0x0000000704e00000, 0x0000000704e00000| Untracked 
|  40|0x0000000705000000, 0x0000000705000000, 0x0000000705200000|  0%| F|  |TAMS 0x0000000705000000, 0x0000000705000000| Untracked 
|  41|0x0000000705200000, 0x0000000705200000, 0x0000000705400000|  0%| F|  |TAMS 0x0000000705200000, 0x0000000705200000| Untracked 
|  42|0x0000000705400000, 0x0000000705400000, 0x0000000705600000|  0%| F|  |TAMS 0x0000000705400000, 0x0000000705400000| Untracked 
|  43|0x0000000705600000, 0x0000000705600000, 0x0000000705800000|  0%| F|  |TAMS 0x0000000705600000, 0x0000000705600000| Untracked 
|  44|0x0000000705800000, 0x0000000705800000, 0x0000000705a00000|  0%| F|  |TAMS 0x0000000705800000, 0x0000000705800000| Untracked 
|  45|0x0000000705a00000, 0x0000000705a00000, 0x0000000705c00000|  0%| F|  |TAMS 0x0000000705a00000, 0x0000000705a00000| Untracked 
|  46|0x0000000705c00000, 0x0000000705c00000, 0x0000000705e00000|  0%| F|  |TAMS 0x0000000705c00000, 0x0000000705c00000| Untracked 
|  47|0x0000000705e00000, 0x0000000705e00000, 0x0000000706000000|  0%| F|  |TAMS 0x0000000705e00000, 0x0000000705e00000| Untracked 
|  48|0x0000000706000000, 0x0000000706000000, 0x0000000706200000|  0%| F|  |TAMS 0x0000000706000000, 0x0000000706000000| Untracked 
|  49|0x0000000706200000, 0x0000000706200000, 0x0000000706400000|  0%| F|  |TAMS 0x0000000706200000, 0x0000000706200000| Untracked 
|  50|0x0000000706400000, 0x0000000706400000, 0x0000000706600000|  0%| F|  |TAMS 0x0000000706400000, 0x0000000706400000| Untracked 
|  51|0x0000000706600000, 0x0000000706600000, 0x0000000706800000|  0%| F|  |TAMS 0x0000000706600000, 0x0000000706600000| Untracked 
|  52|0x0000000706800000, 0x0000000706800000, 0x0000000706a00000|  0%| F|  |TAMS 0x0000000706800000, 0x0000000706800000| Untracked 
|  53|0x0000000706a00000, 0x0000000706a00000, 0x0000000706c00000|  0%| F|  |TAMS 0x0000000706a00000, 0x0000000706a00000| Untracked 
|  54|0x0000000706c00000, 0x0000000706c00000, 0x0000000706e00000|  0%| F|  |TAMS 0x0000000706c00000, 0x0000000706c00000| Untracked 
|  55|0x0000000706e00000, 0x0000000706e00000, 0x0000000707000000|  0%| F|  |TAMS 0x0000000706e00000, 0x0000000706e00000| Untracked 
|  56|0x0000000707000000, 0x0000000707000000, 0x0000000707200000|  0%| F|  |TAMS 0x0000000707000000, 0x0000000707000000| Untracked 
|  57|0x0000000707200000, 0x0000000707200000, 0x0000000707400000|  0%| F|  |TAMS 0x0000000707200000, 0x0000000707200000| Untracked 
|  58|0x0000000707400000, 0x0000000707400000, 0x0000000707600000|  0%| F|  |TAMS 0x0000000707400000, 0x0000000707400000| Untracked 
|  59|0x0000000707600000, 0x00000007077f55d0, 0x0000000707800000| 97%| S|CS|TAMS 0x0000000707600000, 0x0000000707600000| Complete 
|  60|0x0000000707800000, 0x0000000707a00000, 0x0000000707a00000|100%| S|CS|TAMS 0x0000000707800000, 0x0000000707800000| Complete 
|  61|0x0000000707a00000, 0x0000000707a00000, 0x0000000707c00000|  0%| F|  |TAMS 0x0000000707a00000, 0x0000000707a00000| Untracked 
|  62|0x0000000707c00000, 0x0000000707c00000, 0x0000000707e00000|  0%| F|  |TAMS 0x0000000707c00000, 0x0000000707c00000| Untracked 
|  63|0x0000000707e00000, 0x0000000708000000, 0x0000000708000000|100%| S|CS|TAMS 0x0000000707e00000, 0x0000000707e00000| Complete 
|  64|0x0000000708000000, 0x0000000708200000, 0x0000000708200000|100%| S|CS|TAMS 0x0000000708000000, 0x0000000708000000| Complete 
|  65|0x0000000708200000, 0x0000000708200000, 0x0000000708400000|  0%| F|  |TAMS 0x0000000708200000, 0x0000000708200000| Untracked 
|  66|0x0000000708400000, 0x0000000708400000, 0x0000000708600000|  0%| F|  |TAMS 0x0000000708400000, 0x0000000708400000| Untracked 
|  67|0x0000000708600000, 0x0000000708600000, 0x0000000708800000|  0%| F|  |TAMS 0x0000000708600000, 0x0000000708600000| Untracked 
|  68|0x0000000708800000, 0x0000000708800000, 0x0000000708a00000|  0%| F|  |TAMS 0x0000000708800000, 0x0000000708800000| Untracked 
|  69|0x0000000708a00000, 0x0000000708a00000, 0x0000000708c00000|  0%| F|  |TAMS 0x0000000708a00000, 0x0000000708a00000| Untracked 
|  70|0x0000000708c00000, 0x0000000708c00000, 0x0000000708e00000|  0%| F|  |TAMS 0x0000000708c00000, 0x0000000708c00000| Untracked 
|  71|0x0000000708e00000, 0x0000000708e00000, 0x0000000709000000|  0%| F|  |TAMS 0x0000000708e00000, 0x0000000708e00000| Untracked 
|  72|0x0000000709000000, 0x0000000709000000, 0x0000000709200000|  0%| F|  |TAMS 0x0000000709000000, 0x0000000709000000| Untracked 
|  73|0x0000000709200000, 0x0000000709200000, 0x0000000709400000|  0%| F|  |TAMS 0x0000000709200000, 0x0000000709200000| Untracked 
|  74|0x0000000709400000, 0x0000000709400000, 0x0000000709600000|  0%| F|  |TAMS 0x0000000709400000, 0x0000000709400000| Untracked 
|  75|0x0000000709600000, 0x0000000709600000, 0x0000000709800000|  0%| F|  |TAMS 0x0000000709600000, 0x0000000709600000| Untracked 
|  76|0x0000000709800000, 0x0000000709800000, 0x0000000709a00000|  0%| F|  |TAMS 0x0000000709800000, 0x0000000709800000| Untracked 
|  77|0x0000000709a00000, 0x0000000709a00000, 0x0000000709c00000|  0%| F|  |TAMS 0x0000000709a00000, 0x0000000709a00000| Untracked 
|  78|0x0000000709c00000, 0x0000000709c00000, 0x0000000709e00000|  0%| F|  |TAMS 0x0000000709c00000, 0x0000000709c00000| Untracked 
|  79|0x0000000709e00000, 0x0000000709e00000, 0x000000070a000000|  0%| F|  |TAMS 0x0000000709e00000, 0x0000000709e00000| Untracked 
|  80|0x000000070a000000, 0x000000070a000000, 0x000000070a200000|  0%| F|  |TAMS 0x000000070a000000, 0x000000070a000000| Untracked 
|  81|0x000000070a200000, 0x000000070a200000, 0x000000070a400000|  0%| F|  |TAMS 0x000000070a200000, 0x000000070a200000| Untracked 
|  82|0x000000070a400000, 0x000000070a400000, 0x000000070a600000|  0%| F|  |TAMS 0x000000070a400000, 0x000000070a400000| Untracked 
|  83|0x000000070a600000, 0x000000070a600000, 0x000000070a800000|  0%| F|  |TAMS 0x000000070a600000, 0x000000070a600000| Untracked 
|  84|0x000000070a800000, 0x000000070a800000, 0x000000070aa00000|  0%| F|  |TAMS 0x000000070a800000, 0x000000070a800000| Untracked 
|  85|0x000000070aa00000, 0x000000070aa00000, 0x000000070ac00000|  0%| F|  |TAMS 0x000000070aa00000, 0x000000070aa00000| Untracked 
|  86|0x000000070ac00000, 0x000000070ac00000, 0x000000070ae00000|  0%| F|  |TAMS 0x000000070ac00000, 0x000000070ac00000| Untracked 
|  87|0x000000070ae00000, 0x000000070ae00000, 0x000000070b000000|  0%| F|  |TAMS 0x000000070ae00000, 0x000000070ae00000| Untracked 
|  88|0x000000070b000000, 0x000000070b000000, 0x000000070b200000|  0%| F|  |TAMS 0x000000070b000000, 0x000000070b000000| Untracked 
|  89|0x000000070b200000, 0x000000070b200000, 0x000000070b400000|  0%| F|  |TAMS 0x000000070b200000, 0x000000070b200000| Untracked 
|  90|0x000000070b400000, 0x000000070b400000, 0x000000070b600000|  0%| F|  |TAMS 0x000000070b400000, 0x000000070b400000| Untracked 
|  91|0x000000070b600000, 0x000000070b600000, 0x000000070b800000|  0%| F|  |TAMS 0x000000070b600000, 0x000000070b600000| Untracked 
|  92|0x000000070b800000, 0x000000070b800000, 0x000000070ba00000|  0%| F|  |TAMS 0x000000070b800000, 0x000000070b800000| Untracked 
|  93|0x000000070ba00000, 0x000000070ba00000, 0x000000070bc00000|  0%| F|  |TAMS 0x000000070ba00000, 0x000000070ba00000| Untracked 
|  94|0x000000070bc00000, 0x000000070bc00000, 0x000000070be00000|  0%| F|  |TAMS 0x000000070bc00000, 0x000000070bc00000| Untracked 
|  95|0x000000070be00000, 0x000000070be00000, 0x000000070c000000|  0%| F|  |TAMS 0x000000070be00000, 0x000000070be00000| Untracked 
|  96|0x000000070c000000, 0x000000070c000000, 0x000000070c200000|  0%| F|  |TAMS 0x000000070c000000, 0x000000070c000000| Untracked 
|  97|0x000000070c200000, 0x000000070c200000, 0x000000070c400000|  0%| F|  |TAMS 0x000000070c200000, 0x000000070c200000| Untracked 
|  98|0x000000070c400000, 0x000000070c400000, 0x000000070c600000|  0%| F|  |TAMS 0x000000070c400000, 0x000000070c400000| Untracked 
|  99|0x000000070c600000, 0x000000070c600000, 0x000000070c800000|  0%| F|  |TAMS 0x000000070c600000, 0x000000070c600000| Untracked 
| 100|0x000000070c800000, 0x000000070c800000, 0x000000070ca00000|  0%| F|  |TAMS 0x000000070c800000, 0x000000070c800000| Untracked 
| 101|0x000000070ca00000, 0x000000070ca00000, 0x000000070cc00000|  0%| F|  |TAMS 0x000000070ca00000, 0x000000070ca00000| Untracked 
| 102|0x000000070cc00000, 0x000000070cc00000, 0x000000070ce00000|  0%| F|  |TAMS 0x000000070cc00000, 0x000000070cc00000| Untracked 
| 103|0x000000070ce00000, 0x000000070ce00000, 0x000000070d000000|  0%| F|  |TAMS 0x000000070ce00000, 0x000000070ce00000| Untracked 
| 104|0x000000070d000000, 0x000000070d000000, 0x000000070d200000|  0%| F|  |TAMS 0x000000070d000000, 0x000000070d000000| Untracked 
| 105|0x000000070d200000, 0x000000070d200000, 0x000000070d400000|  0%| F|  |TAMS 0x000000070d200000, 0x000000070d200000| Untracked 
| 106|0x000000070d400000, 0x000000070d400000, 0x000000070d600000|  0%| F|  |TAMS 0x000000070d400000, 0x000000070d400000| Untracked 
| 107|0x000000070d600000, 0x000000070d600000, 0x000000070d800000|  0%| F|  |TAMS 0x000000070d600000, 0x000000070d600000| Untracked 
| 108|0x000000070d800000, 0x000000070d800000, 0x000000070da00000|  0%| F|  |TAMS 0x000000070d800000, 0x000000070d800000| Untracked 
| 109|0x000000070da00000, 0x000000070da00000, 0x000000070dc00000|  0%| F|  |TAMS 0x000000070da00000, 0x000000070da00000| Untracked 
| 110|0x000000070dc00000, 0x000000070dc00000, 0x000000070de00000|  0%| F|  |TAMS 0x000000070dc00000, 0x000000070dc00000| Untracked 
| 111|0x000000070de00000, 0x000000070de00000, 0x000000070e000000|  0%| F|  |TAMS 0x000000070de00000, 0x000000070de00000| Untracked 
| 112|0x000000070e000000, 0x000000070e000000, 0x000000070e200000|  0%| F|  |TAMS 0x000000070e000000, 0x000000070e000000| Untracked 
| 113|0x000000070e200000, 0x000000070e200000, 0x000000070e400000|  0%| F|  |TAMS 0x000000070e200000, 0x000000070e200000| Untracked 
| 114|0x000000070e400000, 0x000000070e400000, 0x000000070e600000|  0%| F|  |TAMS 0x000000070e400000, 0x000000070e400000| Untracked 
| 115|0x000000070e600000, 0x000000070e600000, 0x000000070e800000|  0%| F|  |TAMS 0x000000070e600000, 0x000000070e600000| Untracked 
| 116|0x000000070e800000, 0x000000070e800000, 0x000000070ea00000|  0%| F|  |TAMS 0x000000070e800000, 0x000000070e800000| Untracked 
| 117|0x000000070ea00000, 0x000000070ea00000, 0x000000070ec00000|  0%| F|  |TAMS 0x000000070ea00000, 0x000000070ea00000| Untracked 
| 118|0x000000070ec00000, 0x000000070ec00000, 0x000000070ee00000|  0%| F|  |TAMS 0x000000070ec00000, 0x000000070ec00000| Untracked 
| 119|0x000000070ee00000, 0x000000070ee00000, 0x000000070f000000|  0%| F|  |TAMS 0x000000070ee00000, 0x000000070ee00000| Untracked 
| 120|0x000000070f000000, 0x000000070f000000, 0x000000070f200000|  0%| F|  |TAMS 0x000000070f000000, 0x000000070f000000| Untracked 
| 121|0x000000070f200000, 0x000000070f200000, 0x000000070f400000|  0%| F|  |TAMS 0x000000070f200000, 0x000000070f200000| Untracked 
| 122|0x000000070f400000, 0x000000070f400000, 0x000000070f600000|  0%| F|  |TAMS 0x000000070f400000, 0x000000070f400000| Untracked 
| 123|0x000000070f600000, 0x000000070f600000, 0x000000070f800000|  0%| F|  |TAMS 0x000000070f600000, 0x000000070f600000| Untracked 
| 124|0x000000070f800000, 0x000000070f800000, 0x000000070fa00000|  0%| F|  |TAMS 0x000000070f800000, 0x000000070f800000| Untracked 
| 125|0x000000070fa00000, 0x000000070fa00000, 0x000000070fc00000|  0%| F|  |TAMS 0x000000070fa00000, 0x000000070fa00000| Untracked 
| 126|0x000000070fc00000, 0x000000070fc00000, 0x000000070fe00000|  0%| F|  |TAMS 0x000000070fc00000, 0x000000070fc00000| Untracked 
| 127|0x000000070fe00000, 0x000000070fe00000, 0x0000000710000000|  0%| F|  |TAMS 0x000000070fe00000, 0x000000070fe00000| Untracked 
|2045|0x00000007ffa00000, 0x00000007ffa00000, 0x00000007ffc00000|  0%| F|  |TAMS 0x00000007ffa00000, 0x00000007ffa00000| Untracked 
|2046|0x00000007ffc00000, 0x00000007ffe00000, 0x00000007ffe00000|100%| O|  |TAMS 0x00000007ffe00000, 0x00000007ffe00000| Untracked 
|2047|0x00000007ffe00000, 0x0000000800000000, 0x0000000800000000|100%| O|  |TAMS 0x0000000800000000, 0x0000000800000000| Untracked 

Card table byte_map: [0x000001f55a930000,0x000001f55b130000] _byte_map_base: 0x000001f557130000

Marking Bits (Prev, Next): (CMBitMap*) 0x000001f54331adc0, (CMBitMap*) 0x000001f54331ae00
 Prev Bits: [0x000001f55b930000, 0x000001f55f930000)
 Next Bits: [0x000001f55f930000, 0x000001f563930000)

Polling page: 0x000001f542a60000

Metaspace:

Usage:
  Non-class:     40.75 MB used.
      Class:      6.69 MB used.
       Both:     47.44 MB used.

Virtual space:
  Non-class space:       64.00 MB reserved,      41.06 MB ( 64%) committed,  1 nodes.
      Class space:        1.00 GB reserved,       6.94 MB ( <1%) committed,  1 nodes.
             Both:        1.06 GB reserved,      48.00 MB (  4%) committed. 

Chunk freelists:
   Non-Class:  6.48 MB
       Class:  9.08 MB
        Both:  15.56 MB

MaxMetaspaceSize: unlimited
CompressedClassSpaceSize: 1.00 GB
Initial GC threshold: 21.00 MB
Current GC threshold: 79.81 MB
CDS: on
MetaspaceReclaimPolicy: balanced
 - commit_granule_bytes: 65536.
 - commit_granule_words: 8192.
 - virtual_space_node_default_size: 8388608.
 - enlarge_chunks_in_place: 1.
 - new_chunks_are_fully_committed: 0.
 - uncommit_free_chunks: 1.
 - use_allocation_guard: 0.
 - handle_deallocations: 1.


Internal statistics:

num_allocs_failed_limit: 6.
num_arena_births: 622.
num_arena_deaths: 4.
num_vsnodes_births: 2.
num_vsnodes_deaths: 0.
num_space_committed: 768.
num_space_uncommitted: 0.
num_chunks_returned_to_freelist: 12.
num_chunks_taken_from_freelist: 2571.
num_chunk_merges: 6.
num_chunk_splits: 1676.
num_chunks_enlarged: 1129.
num_inconsistent_stats: 0.

CodeHeap 'non-profiled nmethods': size=120000Kb used=4401Kb max_used=5018Kb free=115598Kb
 bounds [0x000001f5528d0000, 0x000001f552df0000, 0x000001f559e00000]
CodeHeap 'profiled nmethods': size=120000Kb used=10293Kb max_used=12344Kb free=109706Kb
 bounds [0x000001f54ae00000, 0x000001f54ba10000, 0x000001f552330000]
CodeHeap 'non-nmethods': size=5760Kb used=2326Kb max_used=2515Kb free=3433Kb
 bounds [0x000001f552330000, 0x000001f5525c0000, 0x000001f5528d0000]
 total_blobs=6423 nmethods=5582 adapters=753
 compilation: enabled
              stopped_count=0, restarted_count=0
 full_count=0

Compilation events (20 events):
Event: 92.668 Thread 0x000001f566516c80 nmethod 7366 0x000001f54b0e3790 code [0x000001f54b0e3960, 0x000001f54b0e3dd8]
Event: 92.668 Thread 0x000001f566516c80 7367       3       java.text.DecimalFormatSymbols$$Lambda$7/0x80000000b::test (5 bytes)
Event: 92.668 Thread 0x000001f566516c80 nmethod 7367 0x000001f54b332690 code [0x000001f54b332860, 0x000001f54b332b78]
Event: 92.668 Thread 0x000001f566516c80 7368       3       java.util.stream.FindOps$FindSink$OfInt::accept (9 bytes)
Event: 92.669 Thread 0x000001f566516c80 nmethod 7368 0x000001f54afa6b10 code [0x000001f54afa6ce0, 0x000001f54afa71d8]
Event: 92.669 Thread 0x000001f566516c80 7369       3       java.util.stream.IntPipeline::forEachWithCancel (37 bytes)
Event: 92.671 Thread 0x000001f566516c80 nmethod 7369 0x000001f54af98210 code [0x000001f54af98440, 0x000001f54af98ce8]
Event: 92.676 Thread 0x000001f566516c80 7370       3       java.util.stream.IntPipeline::adapt (37 bytes)
Event: 92.677 Thread 0x000001f566516c80 nmethod 7370 0x000001f54b3cd310 code [0x000001f54b3cd520, 0x000001f54b3cdbc8]
Event: 92.743 Thread 0x000001f566516c80 7371       3       org.objectweb.asm.ClassWriter::toByteArray (1535 bytes)
Event: 92.752 Thread 0x000001f566516c80 nmethod 7371 0x000001f54b79c610 code [0x000001f54b79cee0, 0x000001f54b7a0c48]
Event: 92.778 Thread 0x000001f566516c80 7373       3       org.objectweb.asm.ClassWriter::visitOuterClass (37 bytes)
Event: 92.779 Thread 0x000001f566516c80 nmethod 7373 0x000001f54b5fb090 code [0x000001f54b5fb240, 0x000001f54b5fb4d8]
Event: 93.171 Thread 0x000001f5ae11fec0 nmethod 7343 0x000001f552a53110 code [0x000001f552a535a0, 0x000001f552a59d58]
Event: 93.172 Thread 0x000001f5ae11fec0 7064       4       org.objectweb.asm.SymbolTable::addConstantFieldref (10 bytes)
Event: 93.173 Thread 0x000001f5ae11fec0 nmethod 7064 0x000001f552966890 code [0x000001f552966a20, 0x000001f552966ac8]
Event: 93.173 Thread 0x000001f5ae11fec0 7065       4       org.objectweb.asm.MethodWriter::visitFieldInsn (258 bytes)
Event: 93.182 Thread 0x000001f5ae11fec0 nmethod 7065 0x000001f552c3b110 code [0x000001f552c3b2e0, 0x000001f552c3b7b0]
Event: 93.182 Thread 0x000001f5ae11fec0 7113       4       org.gradle.internal.classpath.transforms.InstrumentingBackwardsCompatibilityVisitor$BackwardCompatibilityMethodVisitor::visitFieldInsn (24 bytes)
Event: 93.252 Thread 0x000001f5ad9a5ad0 nmethod 7335 0x000001f552dd8190 code [0x000001f552dd87c0, 0x000001f552de1f70]

GC Heap History (20 events):
Event: 78.702 GC heap after
{Heap after GC invocations=22 (full 0):
 garbage-first heap   total 122880K, used 74992K [0x0000000700000000, 0x0000000800000000)
  region size 2048K, 1 young (2048K), 1 survivors (2048K)
 Metaspace       used 47349K, committed 47872K, reserved 1114112K
  class space    used 6746K, committed 7040K, reserved 1048576K
}
Event: 78.973 GC heap before
{Heap before GC invocations=22 (full 0):
 garbage-first heap   total 122880K, used 95472K [0x0000000700000000, 0x0000000800000000)
  region size 2048K, 12 young (24576K), 1 survivors (2048K)
 Metaspace       used 47377K, committed 48000K, reserved 1114112K
  class space    used 6748K, committed 7040K, reserved 1048576K
}
Event: 79.006 GC heap after
{Heap after GC invocations=23 (full 0):
 garbage-first heap   total 256000K, used 81443K [0x0000000700000000, 0x0000000800000000)
  region size 2048K, 2 young (4096K), 2 survivors (4096K)
 Metaspace       used 47377K, committed 48000K, reserved 1114112K
  class space    used 6748K, committed 7040K, reserved 1048576K
}
Event: 79.773 GC heap before
{Heap before GC invocations=24 (full 0):
 garbage-first heap   total 256000K, used 85539K [0x0000000700000000, 0x0000000800000000)
  region size 2048K, 5 young (10240K), 2 survivors (4096K)
 Metaspace       used 47572K, committed 48128K, reserved 1114112K
  class space    used 6770K, committed 7040K, reserved 1048576K
}
Event: 79.786 GC heap after
{Heap after GC invocations=25 (full 0):
 garbage-first heap   total 256000K, used 82124K [0x0000000700000000, 0x0000000800000000)
  region size 2048K, 3 young (6144K), 3 survivors (6144K)
 Metaspace       used 47572K, committed 48128K, reserved 1114112K
  class space    used 6770K, committed 7040K, reserved 1048576K
}
Event: 82.640 GC heap before
{Heap before GC invocations=26 (full 0):
 garbage-first heap   total 256000K, used 170188K [0x0000000700000000, 0x0000000800000000)
  region size 2048K, 45 young (92160K), 3 survivors (6144K)
 Metaspace       used 48279K, committed 48832K, reserved 1114112K
  class space    used 6825K, committed 7104K, reserved 1048576K
}
Event: 82.655 GC heap after
{Heap after GC invocations=27 (full 0):
 garbage-first heap   total 256000K, used 84985K [0x0000000700000000, 0x0000000800000000)
  region size 2048K, 3 young (6144K), 3 survivors (6144K)
 Metaspace       used 48279K, committed 48832K, reserved 1114112K
  class space    used 6825K, committed 7104K, reserved 1048576K
}
Event: 84.659 GC heap before
{Heap before GC invocations=27 (full 0):
 garbage-first heap   total 256000K, used 177145K [0x0000000700000000, 0x0000000800000000)
  region size 2048K, 48 young (98304K), 3 survivors (6144K)
 Metaspace       used 48456K, committed 49024K, reserved 1114112K
  class space    used 6847K, committed 7104K, reserved 1048576K
}
Event: 84.668 GC heap after
{Heap after GC invocations=28 (full 0):
 garbage-first heap   total 256000K, used 85279K [0x0000000700000000, 0x0000000800000000)
  region size 2048K, 3 young (6144K), 3 survivors (6144K)
 Metaspace       used 48456K, committed 49024K, reserved 1114112K
  class space    used 6847K, committed 7104K, reserved 1048576K
}
Event: 85.835 GC heap before
{Heap before GC invocations=29 (full 0):
 garbage-first heap   total 256000K, used 183583K [0x0000000700000000, 0x0000000800000000)
  region size 2048K, 51 young (104448K), 3 survivors (6144K)
 Metaspace       used 48463K, committed 49024K, reserved 1114112K
  class space    used 6847K, committed 7104K, reserved 1048576K
}
Event: 85.844 GC heap after
{Heap after GC invocations=30 (full 0):
 garbage-first heap   total 256000K, used 86197K [0x0000000700000000, 0x0000000800000000)
  region size 2048K, 4 young (8192K), 4 survivors (8192K)
 Metaspace       used 48463K, committed 49024K, reserved 1114112K
  class space    used 6847K, committed 7104K, reserved 1048576K
}
Event: 87.055 GC heap before
{Heap before GC invocations=30 (full 0):
 garbage-first heap   total 256000K, used 190645K [0x0000000700000000, 0x0000000800000000)
  region size 2048K, 55 young (112640K), 4 survivors (8192K)
 Metaspace       used 48495K, committed 49024K, reserved 1114112K
  class space    used 6847K, committed 7104K, reserved 1048576K
}
Event: 87.069 GC heap after
{Heap after GC invocations=31 (full 0):
 garbage-first heap   total 256000K, used 87275K [0x0000000700000000, 0x0000000800000000)
  region size 2048K, 4 young (8192K), 4 survivors (8192K)
 Metaspace       used 48495K, committed 49024K, reserved 1114112K
  class space    used 6847K, committed 7104K, reserved 1048576K
}
Event: 88.539 GC heap before
{Heap before GC invocations=32 (full 0):
 garbage-first heap   total 256000K, used 195819K [0x0000000700000000, 0x0000000800000000)
  region size 2048K, 57 young (116736K), 4 survivors (8192K)
 Metaspace       used 48557K, committed 49152K, reserved 1114112K
  class space    used 6848K, committed 7104K, reserved 1048576K
}
Event: 88.558 GC heap after
{Heap after GC invocations=33 (full 0):
 garbage-first heap   total 256000K, used 87924K [0x0000000700000000, 0x0000000800000000)
  region size 2048K, 5 young (10240K), 5 survivors (10240K)
 Metaspace       used 48557K, committed 49152K, reserved 1114112K
  class space    used 6848K, committed 7104K, reserved 1048576K
}
Event: 89.693 GC heap before
{Heap before GC invocations=33 (full 0):
 garbage-first heap   total 256000K, used 200564K [0x0000000700000000, 0x0000000800000000)
  region size 2048K, 60 young (122880K), 5 survivors (10240K)
 Metaspace       used 48566K, committed 49152K, reserved 1114112K
  class space    used 6848K, committed 7104K, reserved 1048576K
}
Event: 89.715 GC heap after
{Heap after GC invocations=34 (full 0):
 garbage-first heap   total 256000K, used 89029K [0x0000000700000000, 0x0000000800000000)
  region size 2048K, 5 young (10240K), 5 survivors (10240K)
 Metaspace       used 48566K, committed 49152K, reserved 1114112K
  class space    used 6848K, committed 7104K, reserved 1048576K
}
Event: 91.513 GC heap before
{Heap before GC invocations=35 (full 0):
 garbage-first heap   total 256000K, used 207813K [0x0000000700000000, 0x0000000800000000)
  region size 2048K, 63 young (129024K), 5 survivors (10240K)
 Metaspace       used 48567K, committed 49152K, reserved 1114112K
  class space    used 6848K, committed 7104K, reserved 1048576K
}
Event: 91.636 GC heap after
{Heap after GC invocations=36 (full 0):
 garbage-first heap   total 256000K, used 90240K [0x0000000700000000, 0x0000000800000000)
  region size 2048K, 5 young (10240K), 5 survivors (10240K)
 Metaspace       used 48567K, committed 49152K, reserved 1114112K
  class space    used 6848K, committed 7104K, reserved 1048576K
}
Event: 93.229 GC heap before
{Heap before GC invocations=36 (full 0):
 garbage-first heap   total 256000K, used 209024K [0x0000000700000000, 0x0000000800000000)
  region size 2048K, 63 young (129024K), 5 survivors (10240K)
 Metaspace       used 48575K, committed 49152K, reserved 1114112K
  class space    used 6848K, committed 7104K, reserved 1048576K
}

Dll operation events (15 events):
Event: 0.017 Loaded shared library C:\Program Files\Eclipse Adoptium\jdk-17.0.15.6-hotspot\bin\java.dll
Event: 0.046 Loaded shared library C:\Program Files\Eclipse Adoptium\jdk-17.0.15.6-hotspot\bin\jsvml.dll
Event: 0.132 Loaded shared library C:\Program Files\Eclipse Adoptium\jdk-17.0.15.6-hotspot\bin\zip.dll
Event: 0.136 Loaded shared library C:\Program Files\Eclipse Adoptium\jdk-17.0.15.6-hotspot\bin\instrument.dll
Event: 0.143 Loaded shared library C:\Program Files\Eclipse Adoptium\jdk-17.0.15.6-hotspot\bin\net.dll
Event: 0.147 Loaded shared library C:\Program Files\Eclipse Adoptium\jdk-17.0.15.6-hotspot\bin\nio.dll
Event: 0.151 Loaded shared library C:\Program Files\Eclipse Adoptium\jdk-17.0.15.6-hotspot\bin\zip.dll
Event: 0.594 Loaded shared library C:\Program Files\Eclipse Adoptium\jdk-17.0.15.6-hotspot\bin\jimage.dll
Event: 1.034 Loaded shared library C:\Program Files\Eclipse Adoptium\jdk-17.0.15.6-hotspot\bin\verify.dll
Event: 1.358 Loaded shared library C:\Users\Admin\.gradle\native\c067742578af261105cb4f569cf0c3c89f3d7b1fecec35dd04571415982c5e48\windows-amd64\native-platform.dll
Event: 1.380 Loaded shared library C:\Users\Admin\.gradle\native\100fb08df4bc3b14c8652ba06237920a3bd2aa13389f12d3474272988ae205f9\windows-amd64\native-platform-file-events.dll
Event: 7.596 Loaded shared library C:\Program Files\Eclipse Adoptium\jdk-17.0.15.6-hotspot\bin\management.dll
Event: 7.613 Loaded shared library C:\Program Files\Eclipse Adoptium\jdk-17.0.15.6-hotspot\bin\management_ext.dll
Event: 10.469 Loaded shared library C:\Program Files\Eclipse Adoptium\jdk-17.0.15.6-hotspot\bin\extnet.dll
Event: 13.394 Loaded shared library C:\Program Files\Eclipse Adoptium\jdk-17.0.15.6-hotspot\bin\sunmscapi.dll

Deoptimization events (20 events):
Event: 93.023 Thread 0x000001f5ad8e7ae0 DEOPT PACKING pc=0x000001f54b72a391 sp=0x0000009bc34fa520
Event: 93.023 Thread 0x000001f5ad8e7ae0 DEOPT UNPACKING pc=0x000001f552387143 sp=0x0000009bc34f9c30 mode 0
Event: 93.046 Thread 0x000001f5ad8e7ae0 DEOPT PACKING pc=0x000001f54b72a391 sp=0x0000009bc34fa520
Event: 93.046 Thread 0x000001f5ad8e7ae0 DEOPT UNPACKING pc=0x000001f552387143 sp=0x0000009bc34f9c30 mode 0
Event: 93.061 Thread 0x000001f5ad8e7ae0 DEOPT PACKING pc=0x000001f54b72a391 sp=0x0000009bc34fa520
Event: 93.064 Thread 0x000001f5ad8e7ae0 DEOPT UNPACKING pc=0x000001f552387143 sp=0x0000009bc34f9c30 mode 0
Event: 93.098 Thread 0x000001f5ad8e7ae0 DEOPT PACKING pc=0x000001f54b72a391 sp=0x0000009bc34fa520
Event: 93.099 Thread 0x000001f5ad8e7ae0 DEOPT UNPACKING pc=0x000001f552387143 sp=0x0000009bc34f9c30 mode 0
Event: 93.118 Thread 0x000001f5ad8e7ae0 DEOPT PACKING pc=0x000001f54b72a391 sp=0x0000009bc34fa520
Event: 93.118 Thread 0x000001f5ad8e7ae0 DEOPT UNPACKING pc=0x000001f552387143 sp=0x0000009bc34f9c30 mode 0
Event: 93.135 Thread 0x000001f5ad8e7ae0 DEOPT PACKING pc=0x000001f54b72a391 sp=0x0000009bc34fa520
Event: 93.135 Thread 0x000001f5ad8e7ae0 DEOPT UNPACKING pc=0x000001f552387143 sp=0x0000009bc34f9c30 mode 0
Event: 93.184 Thread 0x000001f5ad8e7ae0 DEOPT PACKING pc=0x000001f54b72a391 sp=0x0000009bc34fa520
Event: 93.184 Thread 0x000001f5ad8e7ae0 DEOPT UNPACKING pc=0x000001f552387143 sp=0x0000009bc34f9c30 mode 0
Event: 93.199 Thread 0x000001f5ad8e7ae0 DEOPT PACKING pc=0x000001f54b72a4ee sp=0x0000009bc34fa520
Event: 93.199 Thread 0x000001f5ad8e7ae0 DEOPT UNPACKING pc=0x000001f552387143 sp=0x0000009bc34f9c30 mode 0
Event: 93.209 Thread 0x000001f5ad8e7ae0 DEOPT PACKING pc=0x000001f54b72a391 sp=0x0000009bc34fa520
Event: 93.209 Thread 0x000001f5ad8e7ae0 DEOPT UNPACKING pc=0x000001f552387143 sp=0x0000009bc34f9c30 mode 0
Event: 93.223 Thread 0x000001f5ad8e7ae0 DEOPT PACKING pc=0x000001f54b72a391 sp=0x0000009bc34fa520
Event: 93.223 Thread 0x000001f5ad8e7ae0 DEOPT UNPACKING pc=0x000001f552387143 sp=0x0000009bc34f9c30 mode 0

Classes loaded (20 events):
Event: 75.458 Loading class sun/reflect/ReflectionFactory
Event: 75.458 Loading class sun/reflect/ReflectionFactory done
Event: 75.458 Loading class sun/reflect/ReflectionFactory$1
Event: 75.458 Loading class sun/reflect/ReflectionFactory$1 done
Event: 75.625 Loading class java/util/zip/ZipInputStream
Event: 75.625 Loading class java/util/zip/ZipInputStream done
Event: 79.341 Loading class java/nio/charset/UnsupportedCharsetException
Event: 79.341 Loading class java/nio/charset/UnsupportedCharsetException done
Event: 79.481 Loading class java/util/Collections$UnmodifiableSortedMap
Event: 79.481 Loading class java/util/Collections$UnmodifiableSortedMap done
Event: 79.483 Loading class java/util/zip/Deflater
Event: 79.484 Loading class java/util/zip/Deflater done
Event: 79.484 Loading class java/util/zip/Deflater$DeflaterZStreamRef
Event: 79.485 Loading class java/util/zip/Deflater$DeflaterZStreamRef done
Event: 80.754 Loading class java/nio/StringCharBuffer
Event: 80.755 Loading class java/nio/StringCharBuffer done
Event: 80.886 Loading class java/security/Key
Event: 80.886 Loading class java/security/Key done
Event: 87.871 Loading class jdk/internal/access/foreign/MemorySegmentProxy
Event: 87.873 Loading class jdk/internal/access/foreign/MemorySegmentProxy done

Classes unloaded (5 events):
Event: 76.942 Thread 0x000001f5663a9ba0 Unloading class 0x000001f568618918 '_BuildScript_$_run_closure1$_closure2'
Event: 76.942 Thread 0x000001f5663a9ba0 Unloading class 0x000001f568618530 '_BuildScript_$_run_closure1'
Event: 76.942 Thread 0x000001f5663a9ba0 Unloading class 0x000001f568618000 '_BuildScript_'
Event: 76.942 Thread 0x000001f5663a9ba0 Unloading class 0x000001f568584000 '_BuildScript_$_run_closure1'
Event: 76.942 Thread 0x000001f5663a9ba0 Unloading class 0x000001f56857c000 '_BuildScript_'

Classes redefined (0 events):
No events

Internal exceptions (20 events):
Event: 72.736 Thread 0x000001f5ac58e830 Exception <a 'java/lang/NoSuchMethodError'{0x0000000704d8c648}: 'java.lang.Object java.lang.invoke.DirectMethodHandle$Holder.newInvokeSpecial(java.lang.Object, java.lang.Object, java.lang.Object, long)'> (0x0000000704d8c648) 
thrown [s\src\hotspot\share\interpreter\linkResolver.cpp, line 759]
Event: 72.736 Thread 0x000001f5ac58e830 Exception <a 'java/lang/NoSuchMethodError'{0x0000000704d91930}: 'java.lang.Object java.lang.invoke.DirectMethodHandle$Holder.invokeSpecial(java.lang.Object, java.lang.Object, java.lang.Object, java.lang.Object, long)'> (0x0000000704d91930) 
thrown [s\src\hotspot\share\interpreter\linkResolver.cpp, line 759]
Event: 72.737 Thread 0x000001f5ac58e830 Exception <a 'java/lang/NoSuchMethodError'{0x0000000704d96300}: 'java.lang.Object java.lang.invoke.Invokers$Holder.linkToTargetMethod(java.lang.Object, java.lang.Object, long, java.lang.Object)'> (0x0000000704d96300) 
thrown [s\src\hotspot\share\interpreter\linkResolver.cpp, line 759]
Event: 73.614 Thread 0x000001f5ac58e830 Implicit null exception at 0x000001f552af4e6c to 0x000001f552af4f1c
Event: 74.131 Thread 0x000001f5ac58e830 Exception <a 'java/lang/ClassNotFoundException'{0x000000070467e050}: org/gradle/api/internal/artifacts/dsl/dependencies/DefaultDependencyHandler_DecoratedBeanInfo> (0x000000070467e050) 
thrown [s\src\hotspot\share\classfile\systemDictionary.cpp, line 256]
Event: 74.132 Thread 0x000001f5ac58e830 Exception <a 'java/lang/ClassNotFoundException'{0x0000000704695d60}: org/gradle/api/internal/artifacts/dsl/dependencies/DefaultDependencyHandlerBeanInfo> (0x0000000704695d60) 
thrown [s\src\hotspot\share\classfile\systemDictionary.cpp, line 256]
Event: 74.134 Thread 0x000001f5ac58e830 Exception <a 'java/lang/ClassNotFoundException'{0x00000007046ada30}: org/gradle/api/internal/artifacts/dsl/dependencies/DefaultDependencyHandlerCustomizer> (0x00000007046ada30) 
thrown [s\src\hotspot\share\classfile\systemDictionary.cpp, line 256]
Event: 74.220 Thread 0x000001f5ac58e830 Exception <a 'java/lang/ClassNotFoundException'{0x0000000704700408}: org/gradle/api/internal/artifacts/dsl/dependencies/DefaultDependencyHandler_DecoratedCustomizer> (0x0000000704700408) 
thrown [s\src\hotspot\share\classfile\systemDictionary.cpp, line 256]
Event: 74.318 Thread 0x000001f5ac58e830 Exception <a 'java/lang/ClassNotFoundException'{0x0000000704746f08}: sync_studio_tooling2_14l8pe3ru17bw2kkcdu0khyhn$_run_closure1BeanInfo> (0x0000000704746f08) 
thrown [s\src\hotspot\share\classfile\systemDictionary.cpp, line 256]
Event: 74.319 Thread 0x000001f5ac58e830 Exception <a 'java/lang/ClassNotFoundException'{0x000000070474e5e8}: sync_studio_tooling2_14l8pe3ru17bw2kkcdu0khyhn$_run_closure1Customizer> (0x000000070474e5e8) 
thrown [s\src\hotspot\share\classfile\systemDictionary.cpp, line 256]
Event: 74.495 Thread 0x000001f5ac58e830 Exception <a 'java/lang/NoSuchMethodError'{0x000000070fe10ad0}: 'java.lang.Object java.lang.invoke.DirectMethodHandle$Holder.newInvokeSpecial(java.lang.Object, int, java.lang.Object)'> (0x000000070fe10ad0) 
thrown [s\src\hotspot\share\interpreter\linkResolver.cpp, line 759]
Event: 75.310 Thread 0x000001f5ac58e830 Exception <a 'java/lang/NoSuchMethodError'{0x00000007089d6c58}: 'java.lang.Object java.lang.invoke.DirectMethodHandle$Holder.invokeSpecial(java.lang.Object, java.lang.Object, long, java.lang.Object, java.lang.Object)'> (0x00000007089d6c58) 
thrown [s\src\hotspot\share\interpreter\linkResolver.cpp, line 759]
Event: 75.464 Thread 0x000001f5ac58e830 Exception <a 'java/lang/NoSuchMethodError'{0x00000007082e6410}: 'java.lang.Object java.lang.invoke.DirectMethodHandle$Holder.newInvokeSpecial(java.lang.Object, java.lang.Object, java.lang.Object, java.lang.Object, int, java.lang.Object)'> (0x00000007082e6410) 
thrown [s\src\hotspot\share\interpreter\linkResolver.cpp, line 759]
Event: 75.465 Thread 0x000001f5ac58e830 Exception <a 'java/lang/NoSuchMethodError'{0x00000007082ef2a0}: 'java.lang.Object java.lang.invoke.Invokers$Holder.linkToTargetMethod(java.lang.Object, java.lang.Object, java.lang.Object, int, java.lang.Object, java.lang.Object)'> (0x00000007082ef2a0) 
thrown [s\src\hotspot\share\interpreter\linkResolver.cpp, line 759]
Event: 76.645 Thread 0x000001f5ac58e830 Implicit null exception at 0x000001f552c0c14c to 0x000001f552c0c288
Event: 76.737 Thread 0x000001f5ac58e830 Implicit null exception at 0x000001f552c068f7 to 0x000001f552c0710f
Event: 77.256 Thread 0x000001f5ac58e830 Exception <a 'java/lang/NoSuchMethodError'{0x0000000708a13068}: 'java.lang.Object java.lang.invoke.DirectMethodHandle$Holder.invokeSpecialIFC(java.lang.Object, java.lang.Object, java.lang.Object)'> (0x0000000708a13068) 
thrown [s\src\hotspot\share\interpreter\linkResolver.cpp, line 759]
Event: 79.189 Thread 0x000001f5ac58e830 Exception <a 'sun/nio/fs/WindowsException'{0x00000007ffa763a0}> (0x00000007ffa763a0) 
thrown [s\src\hotspot\share\prims\jni.cpp, line 516]
Event: 79.365 Thread 0x000001f5ad8e7ae0 Exception <a 'sun/nio/fs/WindowsException'{0x000000070ff5ed20}> (0x000000070ff5ed20) 
thrown [s\src\hotspot\share\prims\jni.cpp, line 516]
Event: 83.555 Thread 0x000001f5ac58e830 Exception <a 'sun/nio/fs/WindowsException'{0x000000070dc07468}> (0x000000070dc07468) 
thrown [s\src\hotspot\share\prims\jni.cpp, line 516]

VM Operations (20 events):
Event: 88.558 Executing VM operation: G1CollectForAllocation done
Event: 89.568 Executing VM operation: Cleanup
Event: 89.620 Executing VM operation: Cleanup done
Event: 89.693 Executing VM operation: G1CollectForAllocation
Event: 89.715 Executing VM operation: G1CollectForAllocation done
Event: 89.810 Executing VM operation: G1PauseRemark
Event: 89.869 Executing VM operation: G1PauseRemark done
Event: 89.910 Executing VM operation: G1PauseCleanup
Event: 89.996 Executing VM operation: G1PauseCleanup done
Event: 90.000 Executing VM operation: HandshakeAllThreads
Event: 90.000 Executing VM operation: HandshakeAllThreads done
Event: 90.620 Executing VM operation: HandshakeAllThreads
Event: 90.620 Executing VM operation: HandshakeAllThreads done
Event: 90.980 Executing VM operation: HandshakeAllThreads
Event: 90.980 Executing VM operation: HandshakeAllThreads done
Event: 91.513 Executing VM operation: G1CollectForAllocation
Event: 91.636 Executing VM operation: G1CollectForAllocation done
Event: 92.648 Executing VM operation: Cleanup
Event: 92.648 Executing VM operation: Cleanup done
Event: 93.229 Executing VM operation: G1CollectForAllocation

Memory protections (0 events):
No events

Nmethod flushes (20 events):
Event: 91.090 Thread 0x000001f56651a1c0 flushing  nmethod 0x000001f54b946690
Event: 91.090 Thread 0x000001f56651a1c0 flushing  nmethod 0x000001f54b947110
Event: 91.090 Thread 0x000001f56651a1c0 flushing  nmethod 0x000001f54b953c10
Event: 91.090 Thread 0x000001f56651a1c0 flushing  nmethod 0x000001f54b953f90
Event: 91.090 Thread 0x000001f56651a1c0 flushing  nmethod 0x000001f54b954610
Event: 91.090 Thread 0x000001f56651a1c0 flushing  nmethod 0x000001f54b955d90
Event: 91.090 Thread 0x000001f56651a1c0 flushing  nmethod 0x000001f54b959290
Event: 91.090 Thread 0x000001f56651a1c0 flushing  nmethod 0x000001f54b959e10
Event: 91.090 Thread 0x000001f56651a1c0 flushing  nmethod 0x000001f54b95a190
Event: 91.090 Thread 0x000001f56651a1c0 flushing  nmethod 0x000001f54b95fd10
Event: 91.090 Thread 0x000001f56651a1c0 flushing  nmethod 0x000001f54b961310
Event: 91.090 Thread 0x000001f56651a1c0 flushing  nmethod 0x000001f54b961a10
Event: 91.090 Thread 0x000001f56651a1c0 flushing  nmethod 0x000001f54b970310
Event: 91.108 Thread 0x000001f56651a1c0 flushing  nmethod 0x000001f54b994a90
Event: 91.108 Thread 0x000001f56651a1c0 flushing  nmethod 0x000001f54b995290
Event: 91.108 Thread 0x000001f56651a1c0 flushing  nmethod 0x000001f54b9a8790
Event: 91.108 Thread 0x000001f56651a1c0 flushing  nmethod 0x000001f54b9a8e90
Event: 91.110 Thread 0x000001f56651a1c0 flushing  nmethod 0x000001f54b9df210
Event: 91.110 Thread 0x000001f56651a1c0 flushing  nmethod 0x000001f54b9dfd10
Event: 91.113 Thread 0x000001f56651a1c0 flushing  nmethod 0x000001f54b9f8a90

Events (20 events):
Event: 60.670 Thread 0x000001f566516c80 Thread added: 0x000001f5aea501a0
Event: 60.681 Thread 0x000001f566516c80 Thread added: 0x000001f5af5c39f0
Event: 61.690 Thread 0x000001f5af5c39f0 Thread exited: 0x000001f5af5c39f0
Event: 62.204 Thread 0x000001f5aea501a0 Thread exited: 0x000001f5aea501a0
Event: 66.322 Thread 0x000001f566516c80 Thread added: 0x000001f5ad863580
Event: 66.744 Thread 0x000001f566516c80 Thread added: 0x000001f5ae107ef0
Event: 68.996 Thread 0x000001f5ae107ef0 Thread exited: 0x000001f5ae107ef0
Event: 69.080 Thread 0x000001f5ad863580 Thread exited: 0x000001f5ad863580
Event: 75.573 Thread 0x000001f5ac58e830 Thread added: 0x000001f5ad8e8500
Event: 75.576 Thread 0x000001f5ac58e830 Thread added: 0x000001f5ad8ea870
Event: 75.631 Thread 0x000001f566516c80 Thread added: 0x000001f5ae11fec0
Event: 75.716 Thread 0x000001f566516c80 Thread added: 0x000001f5ad9a5ad0
Event: 76.646 Thread 0x000001f5ad9a5ad0 Thread exited: 0x000001f5ad9a5ad0
Event: 76.756 Thread 0x000001f5ae11fec0 Thread added: 0x000001f5ad9a5ad0
Event: 77.258 Thread 0x000001f5ac58e830 Thread added: 0x000001f5ad8e7ae0
Event: 77.275 Thread 0x000001f5ac58e830 Thread added: 0x000001f5ad8e9940
Event: 78.034 Thread 0x000001f5ad9a5ad0 Thread exited: 0x000001f5ad9a5ad0
Event: 78.175 Thread 0x000001f5ae11fec0 Thread exited: 0x000001f5ae11fec0
Event: 78.221 Thread 0x000001f566516c80 Thread added: 0x000001f5ae11fec0
Event: 78.256 Thread 0x000001f566516c80 Thread added: 0x000001f5ad9a5ad0


Dynamic libraries:
0x00007ff6524a0000 - 0x00007ff6524ae000 	C:\Program Files\Eclipse Adoptium\jdk-17.0.15.6-hotspot\bin\java.exe
0x00007ffbefbd0000 - 0x00007ffbefde7000 	C:\Windows\SYSTEM32\ntdll.dll
0x00007ffbedf50000 - 0x00007ffbee014000 	C:\Windows\System32\KERNEL32.DLL
0x00007ffbed400000 - 0x00007ffbed7ba000 	C:\Windows\System32\KERNELBASE.dll
0x00007ffbece90000 - 0x00007ffbecfa1000 	C:\Windows\System32\ucrtbase.dll
0x00007ffbe8c20000 - 0x00007ffbe8c37000 	C:\Program Files\Eclipse Adoptium\jdk-17.0.15.6-hotspot\bin\jli.dll
0x00007ffbe8c00000 - 0x00007ffbe8c1e000 	C:\Program Files\Eclipse Adoptium\jdk-17.0.15.6-hotspot\bin\VCRUNTIME140.dll
0x00007ffbedda0000 - 0x00007ffbedf4e000 	C:\Windows\System32\USER32.dll
0x00007ffbd65f0000 - 0x00007ffbd6882000 	C:\Windows\WinSxS\amd64_microsoft.windows.common-controls_6595b64144ccf1df_6.0.22621.4541_none_2710d1c57384c085\COMCTL32.dll
0x00007ffbed3a0000 - 0x00007ffbed3c6000 	C:\Windows\System32\win32u.dll
0x00007ffbee970000 - 0x00007ffbeea17000 	C:\Windows\System32\msvcrt.dll
0x00007ffbeda50000 - 0x00007ffbeda79000 	C:\Windows\System32\GDI32.dll
0x00007ffbed070000 - 0x00007ffbed18b000 	C:\Windows\System32\gdi32full.dll
0x00007ffbed190000 - 0x00007ffbed22a000 	C:\Windows\System32\msvcp_win.dll
0x00007ffbee020000 - 0x00007ffbee051000 	C:\Windows\System32\IMM32.DLL
0x00007ffbe8bf0000 - 0x00007ffbe8bfc000 	C:\Program Files\Eclipse Adoptium\jdk-17.0.15.6-hotspot\bin\vcruntime140_1.dll
0x00007ffbe8b60000 - 0x00007ffbe8bed000 	C:\Program Files\Eclipse Adoptium\jdk-17.0.15.6-hotspot\bin\msvcp140.dll
0x00007ffbb0c30000 - 0x00007ffbb189b000 	C:\Program Files\Eclipse Adoptium\jdk-17.0.15.6-hotspot\bin\server\jvm.dll
0x00007ffbef0a0000 - 0x00007ffbef152000 	C:\Windows\System32\ADVAPI32.dll
0x00007ffbeefa0000 - 0x00007ffbef047000 	C:\Windows\System32\sechost.dll
0x00007ffbed3d0000 - 0x00007ffbed3f8000 	C:\Windows\System32\bcrypt.dll
0x00007ffbeea90000 - 0x00007ffbeeba4000 	C:\Windows\System32\RPCRT4.dll
0x00007ffbed9d0000 - 0x00007ffbeda41000 	C:\Windows\System32\WS2_32.dll
0x00007ffbebd20000 - 0x00007ffbebd6d000 	C:\Windows\SYSTEM32\POWRPROF.dll
0x00007ffbe5cf0000 - 0x00007ffbe5cfa000 	C:\Windows\SYSTEM32\VERSION.dll
0x00007ffbe6ad0000 - 0x00007ffbe6b04000 	C:\Windows\SYSTEM32\WINMM.dll
0x00007ffbebd00000 - 0x00007ffbebd13000 	C:\Windows\SYSTEM32\UMPDC.dll
0x00007ffbebfc0000 - 0x00007ffbebfd8000 	C:\Windows\SYSTEM32\kernel.appcore.dll
0x00007ffbe8b50000 - 0x00007ffbe8b5a000 	C:\Program Files\Eclipse Adoptium\jdk-17.0.15.6-hotspot\bin\jimage.dll
0x00007ffbdf290000 - 0x00007ffbdf4c2000 	C:\Windows\SYSTEM32\DBGHELP.DLL
0x00007ffbee5d0000 - 0x00007ffbee961000 	C:\Windows\System32\combase.dll
0x00007ffbee060000 - 0x00007ffbee137000 	C:\Windows\System32\OLEAUT32.dll
0x00007ffbd63a0000 - 0x00007ffbd63d2000 	C:\Windows\SYSTEM32\dbgcore.DLL
0x00007ffbed7c0000 - 0x00007ffbed83b000 	C:\Windows\System32\bcryptPrimitives.dll
0x00007ffbe8b40000 - 0x00007ffbe8b4e000 	C:\Program Files\Eclipse Adoptium\jdk-17.0.15.6-hotspot\bin\instrument.dll
0x00007ffbbc660000 - 0x00007ffbbc685000 	C:\Program Files\Eclipse Adoptium\jdk-17.0.15.6-hotspot\bin\java.dll
0x00007ffbb2760000 - 0x00007ffbb2837000 	C:\Program Files\Eclipse Adoptium\jdk-17.0.15.6-hotspot\bin\jsvml.dll
0x00007ffbef160000 - 0x00007ffbef9d9000 	C:\Windows\System32\SHELL32.dll
0x00007ffbeade0000 - 0x00007ffbeb6e9000 	C:\Windows\SYSTEM32\windows.storage.dll
0x00007ffbeaca0000 - 0x00007ffbeaddf000 	C:\Windows\SYSTEM32\wintypes.dll
0x00007ffbeee40000 - 0x00007ffbeef3a000 	C:\Windows\System32\SHCORE.dll
0x00007ffbeea30000 - 0x00007ffbeea8e000 	C:\Windows\System32\shlwapi.dll
0x00007ffbecdc0000 - 0x00007ffbecdeb000 	C:\Windows\SYSTEM32\profapi.dll
0x00007ffbbb290000 - 0x00007ffbbb2a8000 	C:\Program Files\Eclipse Adoptium\jdk-17.0.15.6-hotspot\bin\zip.dll
0x00007ffbbb270000 - 0x00007ffbbb289000 	C:\Program Files\Eclipse Adoptium\jdk-17.0.15.6-hotspot\bin\net.dll
0x00007ffbe5380000 - 0x00007ffbe54b6000 	C:\Windows\SYSTEM32\WINHTTP.dll
0x00007ffbec440000 - 0x00007ffbec4a9000 	C:\Windows\system32\mswsock.dll
0x00007ffbbb250000 - 0x00007ffbbb266000 	C:\Program Files\Eclipse Adoptium\jdk-17.0.15.6-hotspot\bin\nio.dll
0x00007ffbbc650000 - 0x00007ffbbc660000 	C:\Program Files\Eclipse Adoptium\jdk-17.0.15.6-hotspot\bin\verify.dll
0x00007ffbe8c40000 - 0x00007ffbe8c67000 	C:\Users\Admin\.gradle\native\c067742578af261105cb4f569cf0c3c89f3d7b1fecec35dd04571415982c5e48\windows-amd64\native-platform.dll
0x00007ffbb0ae0000 - 0x00007ffbb0c24000 	C:\Users\Admin\.gradle\native\100fb08df4bc3b14c8652ba06237920a3bd2aa13389f12d3474272988ae205f9\windows-amd64\native-platform-file-events.dll
0x00007ffbbb240000 - 0x00007ffbbb24a000 	C:\Program Files\Eclipse Adoptium\jdk-17.0.15.6-hotspot\bin\management.dll
0x00007ffbbb230000 - 0x00007ffbbb23b000 	C:\Program Files\Eclipse Adoptium\jdk-17.0.15.6-hotspot\bin\management_ext.dll
0x00007ffbedbf0000 - 0x00007ffbedbf8000 	C:\Windows\System32\PSAPI.DLL
0x00007ffbec690000 - 0x00007ffbec6ab000 	C:\Windows\SYSTEM32\CRYPTSP.dll
0x00007ffbebf20000 - 0x00007ffbebf55000 	C:\Windows\system32\rsaenh.dll
0x00007ffbec530000 - 0x00007ffbec558000 	C:\Windows\SYSTEM32\USERENV.dll
0x00007ffbec6b0000 - 0x00007ffbec6bc000 	C:\Windows\SYSTEM32\CRYPTBASE.dll
0x00007ffbeb9c0000 - 0x00007ffbeb9ed000 	C:\Windows\SYSTEM32\IPHLPAPI.DLL
0x00007ffbeea20000 - 0x00007ffbeea29000 	C:\Windows\System32\NSI.dll
0x00007ffbe5330000 - 0x00007ffbe5349000 	C:\Windows\SYSTEM32\dhcpcsvc6.DLL
0x00007ffbe52a0000 - 0x00007ffbe52bf000 	C:\Windows\SYSTEM32\dhcpcsvc.DLL
0x00007ffbeba30000 - 0x00007ffbebb32000 	C:\Windows\SYSTEM32\DNSAPI.dll
0x00007ffbb9610000 - 0x00007ffbb9619000 	C:\Program Files\Eclipse Adoptium\jdk-17.0.15.6-hotspot\bin\extnet.dll
0x00007ffbb5270000 - 0x00007ffbb527e000 	C:\Program Files\Eclipse Adoptium\jdk-17.0.15.6-hotspot\bin\sunmscapi.dll
0x00007ffbed230000 - 0x00007ffbed396000 	C:\Windows\System32\CRYPT32.dll
0x00007ffbec850000 - 0x00007ffbec87d000 	C:\Windows\SYSTEM32\ncrypt.dll
0x00007ffbec810000 - 0x00007ffbec847000 	C:\Windows\SYSTEM32\NTASN1.dll
0x00007ffb9e560000 - 0x00007ffb9e568000 	C:\Windows\system32\wshunix.dll
0x00007ffbec0d0000 - 0x00007ffbec104000 	C:\Windows\SYSTEM32\ntmarta.dll

dbghelp: loaded successfully - version: 4.0.5 - missing functions: none
symbol engine: initialized successfully - sym options: 0x614 - pdb path: .;C:\Program Files\Eclipse Adoptium\jdk-17.0.15.6-hotspot\bin;C:\Windows\SYSTEM32;C:\Windows\WinSxS\amd64_microsoft.windows.common-controls_6595b64144ccf1df_6.0.22621.4541_none_2710d1c57384c085;C:\Program Files\Eclipse Adoptium\jdk-17.0.15.6-hotspot\bin\server;C:\Users\Admin\.gradle\native\c067742578af261105cb4f569cf0c3c89f3d7b1fecec35dd04571415982c5e48\windows-amd64;C:\Users\Admin\.gradle\native\100fb08df4bc3b14c8652ba06237920a3bd2aa13389f12d3474272988ae205f9\windows-amd64

VM Arguments:
jvm_args: --add-opens=java.base/java.util=ALL-UNNAMED --add-opens=java.base/java.lang=ALL-UNNAMED --add-opens=java.base/java.lang.invoke=ALL-UNNAMED --add-opens=java.prefs/java.util.prefs=ALL-UNNAMED --add-exports=jdk.compiler/com.sun.tools.javac.api=ALL-UNNAMED --add-exports=jdk.compiler/com.sun.tools.javac.util=ALL-UNNAMED --add-opens=java.base/java.nio.charset=ALL-UNNAMED --add-opens=java.base/java.net=ALL-UNNAMED --add-opens=java.base/java.util.concurrent.atomic=ALL-UNNAMED -Xmx4096m -Dfile.encoding=UTF-8 -Duser.country=RU -Duser.language=ru -Duser.variant -javaagent:C:\Users\Admin\.gradle\wrapper\dists\gradle-8.9-bin\90cnw93cvbtalezasaz0blq0a\gradle-8.9\lib\agents\gradle-instrumentation-agent-8.9.jar 
java_command: org.gradle.launcher.daemon.bootstrap.GradleDaemon 8.9
java_class_path (initial): C:\Users\Admin\.gradle\wrapper\dists\gradle-8.9-bin\90cnw93cvbtalezasaz0blq0a\gradle-8.9\lib\gradle-daemon-main-8.9.jar
Launcher Type: SUN_STANDARD

[Global flags]
     intx CICompilerCount                          = 4                                         {product} {ergonomic}
     uint ConcGCThreads                            = 2                                         {product} {ergonomic}
     uint G1ConcRefinementThreads                  = 8                                         {product} {ergonomic}
   size_t G1HeapRegionSize                         = 2097152                                   {product} {ergonomic}
    uintx GCDrainStackTargetSize                   = 64                                        {product} {ergonomic}
   size_t InitialHeapSize                          = 268435456                                 {product} {ergonomic}
   size_t MarkStackSize                            = 4194304                                   {product} {ergonomic}
   size_t MaxHeapSize                              = 4294967296                                {product} {command line}
   size_t MaxNewSize                               = 2575302656                                {product} {ergonomic}
   size_t MinHeapDeltaBytes                        = 2097152                                   {product} {ergonomic}
   size_t MinHeapSize                              = 8388608                                   {product} {ergonomic}
    uintx NonNMethodCodeHeapSize                   = 5839372                                {pd product} {ergonomic}
    uintx NonProfiledCodeHeapSize                  = 122909434                              {pd product} {ergonomic}
    uintx ProfiledCodeHeapSize                     = 122909434                              {pd product} {ergonomic}
    uintx ReservedCodeCacheSize                    = 251658240                              {pd product} {ergonomic}
     bool SegmentedCodeCache                       = true                                      {product} {ergonomic}
   size_t SoftMaxHeapSize                          = 4294967296                             {manageable} {ergonomic}
     bool UseCompressedClassPointers               = true                           {product lp64_product} {ergonomic}
     bool UseCompressedOops                        = true                           {product lp64_product} {ergonomic}
     bool UseG1GC                                  = true                                      {product} {ergonomic}
     bool UseLargePagesIndividualAllocation        = false                                  {pd product} {ergonomic}

Logging:
Log output configuration:
 #0: stdout all=warning uptime,level,tags
 #1: stderr all=off uptime,level,tags

Environment Variables:
PATH=C:\Program Files\Eclipse Adoptium\jdk-17.0.15.6-hotspot\bin;C:\Windows\system32;C:\Windows;C:\Windows\System32\Wbem;C:\Windows\System32\WindowsPowerShell\v1.0\;C:\Windows\System32\OpenSSH\;C:\Program Files\dotnet\;C:\Program Files\NVIDIA Corporation\NVIDIA App\NvDLISR;C:\Program Files (x86)\NVIDIA Corporation\PhysX\Common;C:\Program Files\Git\cmd;C:\Users\Admin\AppData\Local\Microsoft\WindowsApps;
USERNAME=Admin
OS=Windows_NT
PROCESSOR_IDENTIFIER=Intel64 Family 6 Model 94 Stepping 3, GenuineIntel
TMP=C:\Users\Admin\AppData\Local\Temp
TEMP=C:\Users\Admin\AppData\Local\Temp



Periodic native trim disabled


---------------  S Y S T E M  ---------------

OS:
 Windows 11 , 64 bit Build 22621 (10.0.22621.4391)
OS uptime: 0 days 2:16 hours

CPU: total 8 (initial active 8) (4 cores per cpu, 2 threads per core) family 6 model 94 stepping 3 microcode 0xd6, cx8, cmov, fxsr, ht, mmx, 3dnowpref, sse, sse2, sse3, ssse3, sse4.1, sse4.2, popcnt, lzcnt, tsc, tscinvbit, avx, avx2, aes, erms, clmul, bmi1, bmi2, rtm, adx, fma, vzeroupper, clflush, clflushopt
Processor Information for all 8 processors :
  Max Mhz: 2592, Current Mhz: 2592, Mhz Limit: 2592

Memory: 4k page, system-wide physical 16276M (1763M free)
TotalPageFile size 18324M (AvailPageFile size 46M)
current process WorkingSet (physical memory assigned to process): 451M, peak: 470M
current process commit charge ("private bytes"): 523M, peak: 608M

vm_info: OpenJDK 64-Bit Server VM (17.0.15+6) for windows-amd64 JRE (17.0.15+6), built on Apr 15 2025 21:25:47 by "admin" with MS VC++ 17.7 (VS2022)

END.
